<?xml version="1.0" encoding="UTF-8"?>
<coverage generated="1642958694980" clover="3.2.0">
  <project timestamp="1642958694980" name="All files">
    <metrics statements="451" coveredstatements="398" conditionals="179" coveredconditionals="131" methods="89" coveredmethods="83" elements="719" coveredelements="612" complexity="0" loc="451" ncloc="451" packages="4" files="8" classes="8"/>
    <package name="Model">
      <metrics statements="114" coveredstatements="96" conditionals="67" coveredconditionals="49" methods="15" coveredmethods="15"/>
      <file name="Model.ts" path="C:\Users\bsam\Documents\Веб\meta_lamp\slider\src\plugin\components\Model\Model.ts">
        <metrics statements="114" coveredstatements="96" conditionals="67" coveredconditionals="49" methods="15" coveredmethods="15"/>
        <line num="1" count="2" type="stmt"/>
        <line num="13" count="2" type="stmt"/>
        <line num="16" count="46" type="cond" truecount="2" falsecount="0"/>
        <line num="17" count="46" type="stmt"/>
        <line num="20" count="2" type="stmt"/>
        <line num="21" count="19" type="stmt"/>
        <line num="22" count="19" type="stmt"/>
        <line num="23" count="19" type="cond" truecount="1" falsecount="0"/>
        <line num="24" count="1" type="stmt"/>
        <line num="26" count="18" type="cond" truecount="3" falsecount="0"/>
        <line num="27" count="2" type="stmt"/>
        <line num="29" count="16" type="cond" truecount="3" falsecount="0"/>
        <line num="30" count="8" type="stmt"/>
        <line num="32" count="16" type="cond" truecount="4" falsecount="0"/>
        <line num="33" count="9" type="stmt"/>
        <line num="37" count="2" type="stmt"/>
        <line num="38" count="13" type="stmt"/>
        <line num="39" count="13" type="stmt"/>
        <line num="42" count="2" type="stmt"/>
        <line num="43" count="6" type="stmt"/>
        <line num="44" count="6" type="stmt"/>
        <line num="45" count="6" type="stmt"/>
        <line num="46" count="6" type="cond" truecount="1" falsecount="1"/>
        <line num="47" count="0" type="stmt"/>
        <line num="49" count="6" type="stmt"/>
        <line num="51" count="6" type="stmt"/>
        <line num="52" count="6" type="cond" truecount="3" falsecount="0"/>
        <line num="53" count="4" type="cond" truecount="2" falsecount="0"/>
        <line num="54" count="1" type="cond" truecount="0" falsecount="1"/>
        <line num="55" count="0" type="stmt"/>
        <line num="57" count="1" type="stmt"/>
        <line num="59" count="3" type="cond" truecount="3" falsecount="0"/>
        <line num="60" count="1" type="stmt"/>
        <line num="62" count="2" type="stmt"/>
        <line num="67" count="2" type="stmt"/>
        <line num="68" count="4" type="stmt"/>
        <line num="69" count="4" type="stmt"/>
        <line num="70" count="4" type="cond" truecount="4" falsecount="0"/>
        <line num="71" count="1" type="cond" truecount="1" falsecount="1"/>
        <line num="72" count="0" type="stmt"/>
        <line num="73" count="1" type="cond" truecount="1" falsecount="1"/>
        <line num="74" count="1" type="stmt"/>
        <line num="75" count="0" type="cond" truecount="0" falsecount="2"/>
        <line num="76" count="0" type="stmt"/>
        <line num="78" count="0" type="stmt"/>
        <line num="81" count="3" type="cond" truecount="1" falsecount="1"/>
        <line num="82" count="0" type="stmt"/>
        <line num="83" count="3" type="cond" truecount="2" falsecount="0"/>
        <line num="84" count="2" type="stmt"/>
        <line num="85" count="1" type="cond" truecount="1" falsecount="1"/>
        <line num="86" count="1" type="stmt"/>
        <line num="88" count="0" type="stmt"/>
        <line num="91" count="4" type="stmt"/>
        <line num="94" count="2" type="stmt"/>
        <line num="95" count="4" type="stmt"/>
        <line num="96" count="4" type="stmt"/>
        <line num="97" count="4" type="cond" truecount="1" falsecount="0"/>
        <line num="98" count="1" type="cond" truecount="1" falsecount="1"/>
        <line num="99" count="1" type="stmt"/>
        <line num="101" count="0" type="cond" truecount="0" falsecount="2"/>
        <line num="102" count="0" type="stmt"/>
        <line num="104" count="0" type="cond" truecount="0" falsecount="2"/>
        <line num="105" count="0" type="stmt"/>
        <line num="107" count="0" type="stmt"/>
        <line num="109" count="1" type="stmt"/>
        <line num="113" count="2" type="stmt"/>
        <line num="114" count="5" type="cond" truecount="1" falsecount="0"/>
        <line num="115" count="1" type="stmt"/>
        <line num="116" count="1" type="stmt"/>
        <line num="117" count="1" type="cond" truecount="1" falsecount="0"/>
        <line num="118" count="1" type="stmt"/>
        <line num="119" count="1" type="cond" truecount="0" falsecount="1"/>
        <line num="120" count="0" type="stmt"/>
        <line num="122" count="1" type="cond" truecount="1" falsecount="2"/>
        <line num="123" count="0" type="stmt"/>
        <line num="125" count="1" type="stmt"/>
        <line num="127" count="0" type="stmt"/>
        <line num="129" count="4" type="stmt"/>
        <line num="132" count="2" type="stmt"/>
        <line num="133" count="3" type="cond" truecount="1" falsecount="0"/>
        <line num="134" count="2" type="stmt"/>
        <line num="135" count="2" type="stmt"/>
        <line num="136" count="2" type="cond" truecount="1" falsecount="0"/>
        <line num="137" count="2" type="stmt"/>
        <line num="138" count="2" type="cond" truecount="2" falsecount="2"/>
        <line num="139" count="0" type="stmt"/>
        <line num="140" count="2" type="cond" truecount="1" falsecount="0"/>
        <line num="141" count="1" type="stmt"/>
        <line num="143" count="2" type="stmt"/>
        <line num="145" count="0" type="stmt"/>
        <line num="147" count="1" type="stmt"/>
        <line num="150" count="2" type="stmt"/>
        <line num="151" count="4" type="stmt"/>
        <line num="152" count="4" type="stmt"/>
        <line num="153" count="4" type="cond" truecount="1" falsecount="0"/>
        <line num="154" count="3" type="stmt"/>
        <line num="155" count="3" type="stmt"/>
        <line num="157" count="1" type="stmt"/>
        <line num="160" count="2" type="stmt"/>
        <line num="161" count="6" type="cond" truecount="5" falsecount="0"/>
        <line num="162" count="2" type="stmt"/>
        <line num="164" count="4" type="stmt"/>
        <line num="168" count="2" type="stmt"/>
        <line num="169" count="3" type="stmt"/>
        <line num="172" count="2" type="stmt"/>
        <line num="173" count="6" type="stmt"/>
        <line num="176" count="46" type="stmt"/>
        <line num="177" count="40" type="cond" truecount="1" falsecount="0"/>
        <line num="178" count="1" type="stmt"/>
        <line num="180" count="39" type="stmt"/>
        <line num="183" count="2" type="stmt"/>
        <line num="184" count="103" type="stmt"/>
        <line num="186" count="2" type="stmt"/>
        <line num="188" count="2" type="stmt"/>
      </file>
    </package>
    <package name="Observer">
      <metrics statements="13" coveredstatements="13" conditionals="1" coveredconditionals="1" methods="7" coveredmethods="7"/>
      <file name="Observer.ts" path="C:\Users\bsam\Documents\Веб\meta_lamp\slider\src\plugin\components\Observer\Observer.ts">
        <metrics statements="13" coveredstatements="13" conditionals="1" coveredconditionals="1" methods="7" coveredmethods="7"/>
        <line num="5" count="6" type="stmt"/>
        <line num="9" count="101" type="stmt"/>
        <line num="12" count="6" type="stmt"/>
        <line num="13" count="18" type="stmt"/>
        <line num="16" count="6" type="stmt"/>
        <line num="17" count="1" type="stmt"/>
        <line num="18" count="1" type="cond" truecount="1" falsecount="0"/>
        <line num="19" count="1" type="stmt"/>
        <line num="24" count="6" type="stmt"/>
        <line num="25" count="1" type="stmt"/>
        <line num="26" count="2" type="stmt"/>
        <line num="29" count="6" type="stmt"/>
        <line num="31" count="6" type="stmt"/>
      </file>
    </package>
    <package name="Presenter">
      <metrics statements="88" coveredstatements="83" conditionals="49" coveredconditionals="39" methods="17" coveredmethods="17"/>
      <file name="Presenter.ts" path="C:\Users\bsam\Documents\Веб\meta_lamp\slider\src\plugin\components\Presenter\Presenter.ts">
        <metrics statements="88" coveredstatements="83" conditionals="49" coveredconditionals="39" methods="17" coveredmethods="17"/>
        <line num="4" count="1" type="stmt"/>
        <line num="8" count="30" type="stmt"/>
        <line num="9" count="30" type="stmt"/>
        <line num="13" count="1" type="stmt"/>
        <line num="14" count="46" type="stmt"/>
        <line num="17" count="1" type="stmt"/>
        <line num="18" count="22" type="stmt"/>
        <line num="21" count="1" type="stmt"/>
        <line num="22" count="7" type="stmt"/>
        <line num="23" count="7" type="stmt"/>
        <line num="24" count="7" type="stmt"/>
        <line num="25" count="7" type="cond" truecount="2" falsecount="0"/>
        <line num="26" count="1" type="stmt"/>
        <line num="27" count="1" type="stmt"/>
        <line num="29" count="6" type="stmt"/>
        <line num="31" count="7" type="stmt"/>
        <line num="32" count="7" type="stmt"/>
        <line num="35" count="1" type="stmt"/>
        <line num="36" count="3" type="cond" truecount="3" falsecount="0"/>
        <line num="37" count="1" type="stmt"/>
        <line num="39" count="2" type="stmt"/>
        <line num="40" count="2" type="stmt"/>
        <line num="43" count="1" type="stmt"/>
        <line num="44" count="3" type="cond" truecount="3" falsecount="0"/>
        <line num="45" count="2" type="stmt"/>
        <line num="47" count="1" type="stmt"/>
        <line num="50" count="1" type="stmt"/>
        <line num="51" count="2" type="cond" truecount="2" falsecount="2"/>
        <line num="52" count="0" type="stmt"/>
        <line num="53" count="2" type="cond" truecount="3" falsecount="0"/>
        <line num="54" count="2" type="stmt"/>
        <line num="56" count="2" type="stmt"/>
        <line num="57" count="2" type="stmt"/>
        <line num="60" count="1" type="stmt"/>
        <line num="61" count="2" type="cond" truecount="2" falsecount="2"/>
        <line num="62" count="0" type="stmt"/>
        <line num="63" count="2" type="cond" truecount="3" falsecount="0"/>
        <line num="64" count="2" type="stmt"/>
        <line num="66" count="2" type="stmt"/>
        <line num="67" count="2" type="stmt"/>
        <line num="70" count="1" type="stmt"/>
        <line num="71" count="3" type="stmt"/>
        <line num="72" count="3" type="cond" truecount="2" falsecount="2"/>
        <line num="73" count="0" type="stmt"/>
        <line num="74" count="3" type="cond" truecount="3" falsecount="0"/>
        <line num="75" count="3" type="stmt"/>
        <line num="77" count="3" type="stmt"/>
        <line num="78" count="3" type="stmt"/>
        <line num="81" count="1" type="stmt"/>
        <line num="82" count="1" type="stmt"/>
        <line num="83" count="1" type="cond" truecount="2" falsecount="2"/>
        <line num="84" count="0" type="stmt"/>
        <line num="85" count="1" type="cond" truecount="3" falsecount="0"/>
        <line num="86" count="1" type="stmt"/>
        <line num="88" count="1" type="stmt"/>
        <line num="89" count="1" type="stmt"/>
        <line num="92" count="1" type="stmt"/>
        <line num="93" count="2" type="stmt"/>
        <line num="94" count="2" type="cond" truecount="2" falsecount="2"/>
        <line num="95" count="0" type="stmt"/>
        <line num="96" count="2" type="cond" truecount="3" falsecount="0"/>
        <line num="97" count="2" type="stmt"/>
        <line num="99" count="2" type="stmt"/>
        <line num="100" count="2" type="stmt"/>
        <line num="103" count="1" type="stmt"/>
        <line num="104" count="4" type="stmt"/>
        <line num="105" count="4" type="cond" truecount="4" falsecount="0"/>
        <line num="106" count="3" type="stmt"/>
        <line num="108" count="4" type="stmt"/>
        <line num="111" count="1" type="stmt"/>
        <line num="112" count="5" type="cond" truecount="2" falsecount="0"/>
        <line num="113" count="2" type="stmt"/>
        <line num="114" count="2" type="stmt"/>
        <line num="116" count="3" type="stmt"/>
        <line num="117" count="3" type="stmt"/>
        <line num="119" count="5" type="stmt"/>
        <line num="120" count="5" type="stmt"/>
        <line num="123" count="1" type="stmt"/>
        <line num="124" count="2" type="stmt"/>
        <line num="125" count="2" type="stmt"/>
        <line num="128" count="1" type="stmt"/>
        <line num="129" count="19" type="stmt"/>
        <line num="130" count="19" type="stmt"/>
        <line num="133" count="1" type="stmt"/>
        <line num="134" count="7" type="stmt"/>
        <line num="135" count="7" type="stmt"/>
        <line num="137" count="1" type="stmt"/>
        <line num="139" count="1" type="stmt"/>
      </file>
    </package>
    <package name="View">
      <metrics statements="236" coveredstatements="206" conditionals="62" coveredconditionals="42" methods="50" coveredmethods="44"/>
      <file name="Labels.ts" path="C:\Users\bsam\Documents\Веб\meta_lamp\slider\src\plugin\components\View\Labels.ts">
        <metrics statements="51" coveredstatements="38" conditionals="17" coveredconditionals="8" methods="9" coveredmethods="8"/>
        <line num="3" count="4" type="stmt"/>
        <line num="8" count="54" type="stmt"/>
        <line num="9" count="54" type="stmt"/>
        <line num="12" count="4" type="stmt"/>
        <line num="13" count="28" type="stmt"/>
        <line num="14" count="28" type="stmt"/>
        <line num="15" count="28" type="cond" truecount="0" falsecount="1"/>
        <line num="16" count="0" type="stmt"/>
        <line num="18" count="28" type="stmt"/>
        <line num="20" count="28" type="stmt"/>
        <line num="21" count="28" type="stmt"/>
        <line num="22" count="28" type="stmt"/>
        <line num="23" count="0" type="stmt"/>
        <line num="25" count="28" type="stmt"/>
        <line num="26" count="28" type="stmt"/>
        <line num="27" count="85" type="stmt"/>
        <line num="31" count="4" type="stmt"/>
        <line num="32" count="85" type="stmt"/>
        <line num="33" count="85" type="stmt"/>
        <line num="34" count="85" type="stmt"/>
        <line num="35" count="85" type="stmt"/>
        <line num="36" count="85" type="stmt"/>
        <line num="37" count="0" type="cond" truecount="0" falsecount="1"/>
        <line num="38" count="0" type="stmt"/>
        <line num="39" count="0" type="stmt"/>
        <line num="40" count="0" type="cond" truecount="0" falsecount="2"/>
        <line num="41" count="0" type="cond" truecount="0" falsecount="2"/>
        <line num="42" count="0" type="stmt"/>
        <line num="43" count="0" type="cond" truecount="0" falsecount="1"/>
        <line num="44" count="0" type="stmt"/>
        <line num="45" count="0" type="stmt"/>
        <line num="48" count="0" type="stmt"/>
        <line num="50" count="0" type="stmt"/>
        <line num="53" count="85" type="stmt"/>
        <line num="54" count="85" type="cond" truecount="2" falsecount="0"/>
        <line num="55" count="9" type="stmt"/>
        <line num="56" count="9" type="stmt"/>
        <line num="58" count="76" type="stmt"/>
        <line num="59" count="76" type="stmt"/>
        <line num="61" count="85" type="stmt"/>
        <line num="62" count="85" type="cond" truecount="3" falsecount="1"/>
        <line num="65" count="4" type="stmt"/>
        <line num="66" count="22" type="stmt"/>
        <line num="67" count="9" type="cond" truecount="3" falsecount="1"/>
        <line num="68" count="9" type="stmt"/>
        <line num="72" count="4" type="stmt"/>
        <line num="73" count="39" type="stmt"/>
        <line num="76" count="4" type="stmt"/>
        <line num="77" count="4" type="stmt"/>
        <line num="79" count="4" type="stmt"/>
        <line num="81" count="4" type="stmt"/>
      </file>
      <file name="SliderHandle.ts" path="C:\Users\bsam\Documents\Веб\meta_lamp\slider\src\plugin\components\View\SliderHandle.ts">
        <metrics statements="31" coveredstatements="20" conditionals="6" coveredconditionals="2" methods="12" coveredmethods="7"/>
        <line num="3" count="4" type="stmt"/>
        <line num="7" count="107" type="stmt"/>
        <line num="10" count="17" type="stmt"/>
        <line num="11" count="17" type="stmt"/>
        <line num="12" count="0" type="stmt"/>
        <line num="13" count="0" type="cond" truecount="0" falsecount="2"/>
        <line num="14" count="0" type="cond" truecount="0" falsecount="2"/>
        <line num="15" count="0" type="stmt"/>
        <line num="17" count="0" type="stmt"/>
        <line num="18" count="0" type="stmt"/>
        <line num="19" count="0" type="stmt"/>
        <line num="21" count="0" type="stmt"/>
        <line num="22" count="0" type="stmt"/>
        <line num="24" count="17" type="stmt"/>
        <line num="25" count="0" type="stmt"/>
        <line num="27" count="17" type="stmt"/>
        <line num="28" count="0" type="stmt"/>
        <line num="30" count="17" type="stmt"/>
        <line num="33" count="4" type="stmt"/>
        <line num="34" count="135" type="stmt"/>
        <line num="37" count="4" type="stmt"/>
        <line num="38" count="45" type="stmt"/>
        <line num="39" count="45" type="cond" truecount="2" falsecount="0"/>
        <line num="40" count="3" type="stmt"/>
        <line num="42" count="42" type="stmt"/>
        <line num="46" count="4" type="stmt"/>
        <line num="47" count="1" type="stmt"/>
        <line num="50" count="4" type="stmt"/>
        <line num="51" count="1" type="stmt"/>
        <line num="53" count="4" type="stmt"/>
        <line num="55" count="4" type="stmt"/>
      </file>
      <file name="SliderTrack.ts" path="C:\Users\bsam\Documents\Веб\meta_lamp\slider\src\plugin\components\View\SliderTrack.ts">
        <metrics statements="44" coveredstatements="44" conditionals="12" coveredconditionals="12" methods="10" coveredmethods="10"/>
        <line num="3" count="5" type="stmt"/>
        <line num="7" count="54" type="stmt"/>
        <line num="10" count="5" type="stmt"/>
        <line num="11" count="27" type="stmt"/>
        <line num="14" count="40" type="stmt"/>
        <line num="15" count="40" type="stmt"/>
        <line num="17" count="2" type="stmt"/>
        <line num="18" count="2" type="cond" truecount="2" falsecount="0"/>
        <line num="19" count="1" type="stmt"/>
        <line num="20" count="1" type="stmt"/>
        <line num="22" count="1" type="stmt"/>
        <line num="23" count="1" type="stmt"/>
        <line num="27" count="2" type="stmt"/>
        <line num="28" count="2" type="stmt"/>
        <line num="29" count="2" type="cond" truecount="2" falsecount="0"/>
        <line num="30" count="1" type="stmt"/>
        <line num="31" count="1" type="stmt"/>
        <line num="33" count="1" type="stmt"/>
        <line num="34" count="1" type="stmt"/>
        <line num="38" count="4" type="stmt"/>
        <line num="39" count="4" type="stmt"/>
        <line num="40" count="4" type="cond" truecount="2" falsecount="0"/>
        <line num="41" count="1" type="stmt"/>
        <line num="42" count="1" type="stmt"/>
        <line num="44" count="3" type="stmt"/>
        <line num="45" count="3" type="stmt"/>
        <line num="49" count="32" type="cond" truecount="2" falsecount="0"/>
        <line num="50" count="3" type="stmt"/>
        <line num="52" count="29" type="stmt"/>
        <line num="56" count="40" type="cond" truecount="4" falsecount="0"/>
        <line num="57" count="2" type="stmt"/>
        <line num="58" count="2" type="stmt"/>
        <line num="59" count="2" type="stmt"/>
        <line num="60" count="2" type="stmt"/>
        <line num="61" count="4" type="stmt"/>
        <line num="62" count="4" type="stmt"/>
        <line num="63" count="32" type="stmt"/>
        <line num="64" count="32" type="stmt"/>
        <line num="68" count="5" type="stmt"/>
        <line num="69" count="4" type="stmt"/>
        <line num="72" count="5" type="stmt"/>
        <line num="73" count="78" type="stmt"/>
        <line num="75" count="5" type="stmt"/>
        <line num="77" count="5" type="stmt"/>
      </file>
      <file name="View.ts" path="C:\Users\bsam\Documents\Веб\meta_lamp\slider\src\plugin\components\View\View.ts">
        <metrics statements="98" coveredstatements="92" conditionals="27" coveredconditionals="20" methods="13" coveredmethods="13"/>
        <line num="1" count="4" type="stmt"/>
        <line num="2" count="4" type="stmt"/>
        <line num="3" count="4" type="stmt"/>
        <line num="4" count="4" type="stmt"/>
        <line num="6" count="4" type="stmt"/>
        <line num="17" count="4" type="stmt"/>
        <line num="22" count="51" type="cond" truecount="2" falsecount="0"/>
        <line num="23" count="51" type="stmt"/>
        <line num="31" count="51" type="stmt"/>
        <line num="32" count="51" type="cond" truecount="0" falsecount="1"/>
        <line num="33" count="0" type="stmt"/>
        <line num="35" count="51" type="stmt"/>
        <line num="39" count="4" type="stmt"/>
        <line num="40" count="26" type="stmt"/>
        <line num="41" count="26" type="stmt"/>
        <line num="42" count="26" type="stmt"/>
        <line num="43" count="26" type="stmt"/>
        <line num="44" count="26" type="stmt"/>
        <line num="45" count="26" type="stmt"/>
        <line num="46" count="26" type="stmt"/>
        <line num="47" count="26" type="stmt"/>
        <line num="48" count="26" type="cond" truecount="1" falsecount="0"/>
        <line num="49" count="1" type="stmt"/>
        <line num="50" count="1" type="stmt"/>
        <line num="51" count="1" type="cond" truecount="1" falsecount="0"/>
        <line num="52" count="1" type="stmt"/>
        <line num="54" count="1" type="stmt"/>
        <line num="55" count="1" type="stmt"/>
        <line num="56" count="1" type="stmt"/>
        <line num="57" count="1" type="stmt"/>
        <line num="58" count="1" type="stmt"/>
        <line num="60" count="26" type="cond" truecount="1" falsecount="1"/>
        <line num="61" count="0" type="stmt"/>
        <line num="62" count="0" type="stmt"/>
        <line num="64" count="26" type="stmt"/>
        <line num="65" count="26" type="stmt"/>
        <line num="67" count="26" type="stmt"/>
        <line num="68" count="26" type="stmt"/>
        <line num="69" count="26" type="stmt"/>
        <line num="72" count="4" type="stmt"/>
        <line num="73" count="21" type="stmt"/>
        <line num="74" count="21" type="stmt"/>
        <line num="75" count="7" type="cond" truecount="3" falsecount="1"/>
        <line num="79" count="4" type="stmt"/>
        <line num="80" count="8" type="stmt"/>
        <line num="81" count="8" type="cond" truecount="3" falsecount="1"/>
        <line num="84" count="4" type="stmt"/>
        <line num="85" count="60" type="stmt"/>
        <line num="88" count="4" type="stmt"/>
        <line num="89" count="27" type="stmt"/>
        <line num="92" count="4" type="stmt"/>
        <line num="93" count="44" type="cond" truecount="4" falsecount="0"/>
        <line num="94" count="8" type="stmt"/>
        <line num="95" count="8" type="stmt"/>
        <line num="97" count="36" type="stmt"/>
        <line num="98" count="36" type="stmt"/>
        <line num="100" count="44" type="stmt"/>
        <line num="101" count="44" type="cond" truecount="2" falsecount="1"/>
        <line num="102" count="0" type="stmt"/>
        <line num="103" count="0" type="stmt"/>
        <line num="107" count="4" type="stmt"/>
        <line num="108" count="2" type="stmt"/>
        <line num="109" count="2" type="stmt"/>
        <line num="112" count="4" type="stmt"/>
        <line num="113" count="46" type="stmt"/>
        <line num="114" count="46" type="stmt"/>
        <line num="117" count="4" type="stmt"/>
        <line num="118" count="12" type="stmt"/>
        <line num="119" count="12" type="stmt"/>
        <line num="120" count="12" type="cond" truecount="3" falsecount="2"/>
        <line num="121" count="0" type="stmt"/>
        <line num="123" count="12" type="stmt"/>
        <line num="126" count="4" type="stmt"/>
        <line num="127" count="5" type="stmt"/>
        <line num="128" count="5" type="stmt"/>
        <line num="129" count="5" type="stmt"/>
        <line num="130" count="5" type="stmt"/>
        <line num="131" count="5" type="stmt"/>
        <line num="132" count="5" type="stmt"/>
        <line num="133" count="5" type="stmt"/>
        <line num="134" count="5" type="stmt"/>
        <line num="135" count="5" type="stmt"/>
        <line num="136" count="5" type="stmt"/>
        <line num="137" count="5" type="stmt"/>
        <line num="140" count="4" type="stmt"/>
        <line num="141" count="5" type="stmt"/>
        <line num="142" count="5" type="stmt"/>
        <line num="143" count="5" type="stmt"/>
        <line num="144" count="5" type="stmt"/>
        <line num="145" count="5" type="stmt"/>
        <line num="146" count="5" type="stmt"/>
        <line num="147" count="5" type="stmt"/>
        <line num="148" count="5" type="stmt"/>
        <line num="149" count="5" type="stmt"/>
        <line num="150" count="5" type="stmt"/>
        <line num="151" count="5" type="stmt"/>
        <line num="153" count="4" type="stmt"/>
        <line num="155" count="4" type="stmt"/>
      </file>
      <file name="СurrentValue.ts" path="C:\Users\bsam\Documents\Веб\meta_lamp\slider\src\plugin\components\View\СurrentValue.ts">
        <metrics statements="12" coveredstatements="12" conditionals="0" coveredconditionals="0" methods="6" coveredmethods="6"/>
        <line num="1" count="5" type="stmt"/>
        <line num="5" count="106" type="stmt"/>
        <line num="8" count="5" type="stmt"/>
        <line num="9" count="157" type="stmt"/>
        <line num="12" count="5" type="stmt"/>
        <line num="13" count="45" type="stmt"/>
        <line num="16" count="5" type="stmt"/>
        <line num="17" count="3" type="stmt"/>
        <line num="20" count="5" type="stmt"/>
        <line num="21" count="99" type="stmt"/>
        <line num="23" count="5" type="stmt"/>
        <line num="25" count="5" type="stmt"/>
      </file>
    </package>
  </project>
</coverage>
