{"C:\\Users\\bsam\\Documents\\Веб\\meta_lamp\\slider\\src\\plugin\\components\\Model\\Model.ts": {"path":"C:\\Users\\bsam\\Documents\\Веб\\meta_lamp\\slider\\src\\plugin\\components\\Model\\Model.ts","statementMap":{"0":{"start":{"line":1,"column":0},"end":{"line":1,"column":44}},"1":{"start":{"line":13,"column":0},"end":{"line":13,"column":null}},"2":{"start":{"line":13,"column":20},"end":{"line":13,"column":28}},"3":{"start":{"line":16,"column":8},"end":{"line":16,"column":null}},"4":{"start":{"line":176,"column":12},"end":{"line":181,"column":null}},"5":{"start":{"line":177,"column":8},"end":{"line":179,"column":null}},"6":{"start":{"line":178,"column":12},"end":{"line":178,"column":57}},"7":{"start":{"line":180,"column":8},"end":{"line":180,"column":17}},"8":{"start":{"line":17,"column":8},"end":{"line":17,"column":43}},"9":{"start":{"line":20,"column":4},"end":{"line":35,"column":null}},"10":{"start":{"line":21,"column":25},"end":{"line":21,"column":62}},"11":{"start":{"line":22,"column":41},"end":{"line":22,"column":158}},"12":{"start":{"line":23,"column":8},"end":{"line":25,"column":null}},"13":{"start":{"line":24,"column":12},"end":{"line":24,"column":69}},"14":{"start":{"line":26,"column":8},"end":{"line":28,"column":null}},"15":{"start":{"line":27,"column":12},"end":{"line":27,"column":93}},"16":{"start":{"line":29,"column":8},"end":{"line":31,"column":null}},"17":{"start":{"line":30,"column":12},"end":{"line":30,"column":51}},"18":{"start":{"line":32,"column":8},"end":{"line":34,"column":null}},"19":{"start":{"line":33,"column":12},"end":{"line":33,"column":50}},"20":{"start":{"line":37,"column":4},"end":{"line":40,"column":null}},"21":{"start":{"line":38,"column":8},"end":{"line":38,"column":43}},"22":{"start":{"line":39,"column":8},"end":{"line":39,"column":39}},"23":{"start":{"line":42,"column":4},"end":{"line":65,"column":null}},"24":{"start":{"line":43,"column":28},"end":{"line":43,"column":188}},"25":{"start":{"line":44,"column":33},"end":{"line":44,"column":70}},"26":{"start":{"line":45,"column":50},"end":{"line":45,"column":199}},"27":{"start":{"line":46,"column":8},"end":{"line":50,"column":null}},"28":{"start":{"line":47,"column":12},"end":{"line":47,"column":174}},"29":{"start":{"line":49,"column":12},"end":{"line":49,"column":154}},"30":{"start":{"line":51,"column":8},"end":{"line":51,"column":52}},"31":{"start":{"line":52,"column":8},"end":{"line":64,"column":null}},"32":{"start":{"line":53,"column":12},"end":{"line":63,"column":null}},"33":{"start":{"line":54,"column":16},"end":{"line":56,"column":null}},"34":{"start":{"line":55,"column":20},"end":{"line":55,"column":27}},"35":{"start":{"line":57,"column":16},"end":{"line":57,"column":44}},"36":{"start":{"line":59,"column":16},"end":{"line":61,"column":null}},"37":{"start":{"line":60,"column":20},"end":{"line":60,"column":27}},"38":{"start":{"line":62,"column":16},"end":{"line":62,"column":43}},"39":{"start":{"line":67,"column":4},"end":{"line":92,"column":null}},"40":{"start":{"line":68,"column":33},"end":{"line":68,"column":70}},"41":{"start":{"line":69,"column":53},"end":{"line":69,"column":123}},"42":{"start":{"line":70,"column":8},"end":{"line":90,"column":null}},"43":{"start":{"line":71,"column":12},"end":{"line":79,"column":null}},"44":{"start":{"line":72,"column":16},"end":{"line":72,"column":41}},"45":{"start":{"line":73,"column":19},"end":{"line":79,"column":null}},"46":{"start":{"line":74,"column":16},"end":{"line":74,"column":64}},"47":{"start":{"line":75,"column":19},"end":{"line":79,"column":null}},"48":{"start":{"line":76,"column":16},"end":{"line":76,"column":99}},"49":{"start":{"line":78,"column":16},"end":{"line":78,"column":78}},"50":{"start":{"line":81,"column":12},"end":{"line":89,"column":null}},"51":{"start":{"line":82,"column":16},"end":{"line":82,"column":41}},"52":{"start":{"line":83,"column":19},"end":{"line":89,"column":null}},"53":{"start":{"line":84,"column":16},"end":{"line":84,"column":41}},"54":{"start":{"line":85,"column":19},"end":{"line":89,"column":null}},"55":{"start":{"line":86,"column":16},"end":{"line":86,"column":99}},"56":{"start":{"line":88,"column":16},"end":{"line":88,"column":78}},"57":{"start":{"line":91,"column":8},"end":{"line":91,"column":65}},"58":{"start":{"line":94,"column":4},"end":{"line":111,"column":null}},"59":{"start":{"line":95,"column":33},"end":{"line":95,"column":70}},"60":{"start":{"line":96,"column":53},"end":{"line":96,"column":123}},"61":{"start":{"line":97,"column":8},"end":{"line":110,"column":null}},"62":{"start":{"line":98,"column":12},"end":{"line":108,"column":null}},"63":{"start":{"line":99,"column":16},"end":{"line":99,"column":41}},"64":{"start":{"line":101,"column":17},"end":{"line":108,"column":null}},"65":{"start":{"line":102,"column":16},"end":{"line":102,"column":63}},"66":{"start":{"line":104,"column":17},"end":{"line":108,"column":null}},"67":{"start":{"line":105,"column":16},"end":{"line":105,"column":99}},"68":{"start":{"line":107,"column":16},"end":{"line":107,"column":78}},"69":{"start":{"line":109,"column":12},"end":{"line":109,"column":70}},"70":{"start":{"line":113,"column":4},"end":{"line":130,"column":null}},"71":{"start":{"line":114,"column":8},"end":{"line":128,"column":null}},"72":{"start":{"line":115,"column":37},"end":{"line":115,"column":74}},"73":{"start":{"line":116,"column":46},"end":{"line":116,"column":150}},"74":{"start":{"line":117,"column":12},"end":{"line":126,"column":null}},"75":{"start":{"line":118,"column":16},"end":{"line":118,"column":39}},"76":{"start":{"line":119,"column":16},"end":{"line":121,"column":null}},"77":{"start":{"line":120,"column":20},"end":{"line":120,"column":58}},"78":{"start":{"line":122,"column":16},"end":{"line":124,"column":null}},"79":{"start":{"line":123,"column":20},"end":{"line":123,"column":59}},"80":{"start":{"line":125,"column":16},"end":{"line":125,"column":26}},"81":{"start":{"line":127,"column":12},"end":{"line":127,"column":92}},"82":{"start":{"line":129,"column":8},"end":{"line":129,"column":55}},"83":{"start":{"line":132,"column":4},"end":{"line":148,"column":null}},"84":{"start":{"line":133,"column":8},"end":{"line":146,"column":null}},"85":{"start":{"line":134,"column":37},"end":{"line":134,"column":74}},"86":{"start":{"line":135,"column":46},"end":{"line":135,"column":150}},"87":{"start":{"line":136,"column":12},"end":{"line":144,"column":null}},"88":{"start":{"line":137,"column":16},"end":{"line":137,"column":39}},"89":{"start":{"line":138,"column":16},"end":{"line":142,"column":null}},"90":{"start":{"line":139,"column":20},"end":{"line":139,"column":59}},"91":{"start":{"line":140,"column":23},"end":{"line":142,"column":null}},"92":{"start":{"line":141,"column":20},"end":{"line":141,"column":58}},"93":{"start":{"line":143,"column":16},"end":{"line":143,"column":26}},"94":{"start":{"line":145,"column":12},"end":{"line":145,"column":92}},"95":{"start":{"line":147,"column":8},"end":{"line":147,"column":55}},"96":{"start":{"line":150,"column":4},"end":{"line":158,"column":null}},"97":{"start":{"line":151,"column":33},"end":{"line":151,"column":57}},"98":{"start":{"line":152,"column":42},"end":{"line":152,"column":146}},"99":{"start":{"line":153,"column":8},"end":{"line":156,"column":null}},"100":{"start":{"line":154,"column":12},"end":{"line":154,"column":37}},"101":{"start":{"line":155,"column":12},"end":{"line":155,"column":22}},"102":{"start":{"line":157,"column":8},"end":{"line":157,"column":88}},"103":{"start":{"line":160,"column":4},"end":{"line":166,"column":null}},"104":{"start":{"line":161,"column":8},"end":{"line":165,"column":null}},"105":{"start":{"line":162,"column":12},"end":{"line":162,"column":39}},"106":{"start":{"line":164,"column":12},"end":{"line":164,"column":41}},"107":{"start":{"line":168,"column":4},"end":{"line":170,"column":null}},"108":{"start":{"line":169,"column":8},"end":{"line":169,"column":48}},"109":{"start":{"line":172,"column":4},"end":{"line":174,"column":null}},"110":{"start":{"line":173,"column":8},"end":{"line":173,"column":45}},"111":{"start":{"line":183,"column":4},"end":{"line":185,"column":null}},"112":{"start":{"line":184,"column":8},"end":{"line":184,"column":28}},"113":{"start":{"line":186,"column":0},"end":{"line":186,"column":null}},"114":{"start":{"line":188,"column":0},"end":{"line":188,"column":21}}},"fnMap":{"0":{"name":"(anonymous_7)","decl":{"start":{"line":13,"column":0},"end":{"line":13,"column":20}},"loc":{"start":{"line":13,"column":0},"end":{"line":186,"column":null}}},"1":{"name":"Model","decl":{"start":{"line":15,"column":4},"end":{"line":15,"column":16}},"loc":{"start":{"line":15,"column":27},"end":{"line":18,"column":5}}},"2":{"name":"(anonymous_9)","decl":{"start":{"line":176,"column":28},"end":{"line":176,"column":29}},"loc":{"start":{"line":176,"column":42},"end":{"line":181,"column":5}}},"3":{"name":"(anonymous_10)","decl":{"start":{"line":20,"column":4},"end":{"line":20,"column":19}},"loc":{"start":{"line":20,"column":4},"end":{"line":35,"column":5}}},"4":{"name":"(anonymous_11)","decl":{"start":{"line":37,"column":4},"end":{"line":37,"column":12}},"loc":{"start":{"line":37,"column":47},"end":{"line":40,"column":5}}},"5":{"name":"(anonymous_12)","decl":{"start":{"line":42,"column":4},"end":{"line":42,"column":13}},"loc":{"start":{"line":42,"column":4},"end":{"line":65,"column":5}}},"6":{"name":"(anonymous_13)","decl":{"start":{"line":67,"column":4},"end":{"line":67,"column":20}},"loc":{"start":{"line":67,"column":34},"end":{"line":92,"column":5}}},"7":{"name":"(anonymous_14)","decl":{"start":{"line":94,"column":4},"end":{"line":94,"column":21}},"loc":{"start":{"line":94,"column":35},"end":{"line":111,"column":5}}},"8":{"name":"(anonymous_15)","decl":{"start":{"line":113,"column":4},"end":{"line":113,"column":15}},"loc":{"start":{"line":113,"column":27},"end":{"line":130,"column":5}}},"9":{"name":"(anonymous_16)","decl":{"start":{"line":132,"column":4},"end":{"line":132,"column":15}},"loc":{"start":{"line":132,"column":27},"end":{"line":148,"column":5}}},"10":{"name":"(anonymous_17)","decl":{"start":{"line":150,"column":4},"end":{"line":150,"column":11}},"loc":{"start":{"line":150,"column":24},"end":{"line":158,"column":5}}},"11":{"name":"(anonymous_18)","decl":{"start":{"line":160,"column":4},"end":{"line":160,"column":12}},"loc":{"start":{"line":160,"column":26},"end":{"line":166,"column":5}}},"12":{"name":"(anonymous_19)","decl":{"start":{"line":168,"column":4},"end":{"line":168,"column":17}},"loc":{"start":{"line":168,"column":36},"end":{"line":170,"column":5}}},"13":{"name":"(anonymous_20)","decl":{"start":{"line":172,"column":4},"end":{"line":172,"column":19}},"loc":{"start":{"line":172,"column":39},"end":{"line":174,"column":5}}},"14":{"name":"(anonymous_21)","decl":{"start":{"line":183,"column":4},"end":{"line":183,"column":8}},"loc":{"start":{"line":183,"column":4},"end":{"line":185,"column":5}}}},"branchMap":{"0":{"loc":{"start":{"line":16,"column":8},"end":{"line":16,"column":null}},"type":"binary-expr","locations":[{"start":{"line":16,"column":8},"end":{"line":16,"column":15}},{"start":{"line":16,"column":15},"end":{"line":16,"column":null}}]},"1":{"loc":{"start":{"line":177,"column":8},"end":{"line":179,"column":null}},"type":"if","locations":[{"start":{"line":177,"column":8},"end":{"line":179,"column":null}}]},"2":{"loc":{"start":{"line":23,"column":8},"end":{"line":25,"column":null}},"type":"if","locations":[{"start":{"line":23,"column":8},"end":{"line":25,"column":null}}]},"3":{"loc":{"start":{"line":26,"column":8},"end":{"line":28,"column":null}},"type":"if","locations":[{"start":{"line":26,"column":8},"end":{"line":28,"column":null}}]},"4":{"loc":{"start":{"line":26,"column":12},"end":{"line":26,"column":53}},"type":"binary-expr","locations":[{"start":{"line":26,"column":12},"end":{"line":26,"column":27}},{"start":{"line":26,"column":31},"end":{"line":26,"column":53}}]},"5":{"loc":{"start":{"line":29,"column":8},"end":{"line":31,"column":null}},"type":"if","locations":[{"start":{"line":29,"column":8},"end":{"line":31,"column":null}}]},"6":{"loc":{"start":{"line":29,"column":12},"end":{"line":29,"column":93}},"type":"binary-expr","locations":[{"start":{"line":29,"column":12},"end":{"line":29,"column":50}},{"start":{"line":29,"column":54},"end":{"line":29,"column":93}}]},"7":{"loc":{"start":{"line":32,"column":8},"end":{"line":34,"column":null}},"type":"if","locations":[{"start":{"line":32,"column":8},"end":{"line":34,"column":null}}]},"8":{"loc":{"start":{"line":32,"column":12},"end":{"line":32,"column":135}},"type":"binary-expr","locations":[{"start":{"line":32,"column":12},"end":{"line":32,"column":49}},{"start":{"line":32,"column":53},"end":{"line":32,"column":90}},{"start":{"line":32,"column":94},"end":{"line":32,"column":135}}]},"9":{"loc":{"start":{"line":46,"column":8},"end":{"line":50,"column":null}},"type":"if","locations":[{"start":{"line":46,"column":8},"end":{"line":50,"column":null}},{"start":{"line":48,"column":15},"end":{"line":50,"column":null}}]},"10":{"loc":{"start":{"line":52,"column":8},"end":{"line":64,"column":null}},"type":"if","locations":[{"start":{"line":52,"column":8},"end":{"line":64,"column":null}}]},"11":{"loc":{"start":{"line":52,"column":12},"end":{"line":52,"column":66}},"type":"binary-expr","locations":[{"start":{"line":52,"column":12},"end":{"line":52,"column":37}},{"start":{"line":52,"column":41},"end":{"line":52,"column":66}}]},"12":{"loc":{"start":{"line":53,"column":12},"end":{"line":63,"column":null}},"type":"if","locations":[{"start":{"line":53,"column":12},"end":{"line":63,"column":null}},{"start":{"line":58,"column":19},"end":{"line":63,"column":null}}]},"13":{"loc":{"start":{"line":54,"column":16},"end":{"line":56,"column":null}},"type":"if","locations":[{"start":{"line":54,"column":16},"end":{"line":56,"column":null}}]},"14":{"loc":{"start":{"line":59,"column":16},"end":{"line":61,"column":null}},"type":"if","locations":[{"start":{"line":59,"column":16},"end":{"line":61,"column":null}}]},"15":{"loc":{"start":{"line":59,"column":20},"end":{"line":59,"column":81}},"type":"binary-expr","locations":[{"start":{"line":59,"column":20},"end":{"line":59,"column":49}},{"start":{"line":59,"column":53},"end":{"line":59,"column":81}}]},"16":{"loc":{"start":{"line":70,"column":8},"end":{"line":90,"column":null}},"type":"if","locations":[{"start":{"line":70,"column":8},"end":{"line":90,"column":null}},{"start":{"line":80,"column":15},"end":{"line":90,"column":null}}]},"17":{"loc":{"start":{"line":70,"column":12},"end":{"line":70,"column":64}},"type":"binary-expr","locations":[{"start":{"line":70,"column":12},"end":{"line":70,"column":41}},{"start":{"line":70,"column":45},"end":{"line":70,"column":64}}]},"18":{"loc":{"start":{"line":71,"column":12},"end":{"line":79,"column":null}},"type":"if","locations":[{"start":{"line":71,"column":12},"end":{"line":79,"column":null}},{"start":{"line":73,"column":19},"end":{"line":79,"column":null}}]},"19":{"loc":{"start":{"line":73,"column":19},"end":{"line":79,"column":null}},"type":"if","locations":[{"start":{"line":73,"column":19},"end":{"line":79,"column":null}},{"start":{"line":75,"column":19},"end":{"line":79,"column":null}}]},"20":{"loc":{"start":{"line":75,"column":19},"end":{"line":79,"column":null}},"type":"if","locations":[{"start":{"line":75,"column":19},"end":{"line":79,"column":null}},{"start":{"line":77,"column":19},"end":{"line":79,"column":null}}]},"21":{"loc":{"start":{"line":81,"column":12},"end":{"line":89,"column":null}},"type":"if","locations":[{"start":{"line":81,"column":12},"end":{"line":89,"column":null}},{"start":{"line":83,"column":19},"end":{"line":89,"column":null}}]},"22":{"loc":{"start":{"line":83,"column":19},"end":{"line":89,"column":null}},"type":"if","locations":[{"start":{"line":83,"column":19},"end":{"line":89,"column":null}},{"start":{"line":85,"column":19},"end":{"line":89,"column":null}}]},"23":{"loc":{"start":{"line":85,"column":19},"end":{"line":89,"column":null}},"type":"if","locations":[{"start":{"line":85,"column":19},"end":{"line":89,"column":null}},{"start":{"line":87,"column":19},"end":{"line":89,"column":null}}]},"24":{"loc":{"start":{"line":97,"column":8},"end":{"line":110,"column":null}},"type":"if","locations":[{"start":{"line":97,"column":8},"end":{"line":110,"column":null}}]},"25":{"loc":{"start":{"line":98,"column":12},"end":{"line":108,"column":null}},"type":"if","locations":[{"start":{"line":98,"column":12},"end":{"line":108,"column":null}},{"start":{"line":101,"column":17},"end":{"line":108,"column":null}}]},"26":{"loc":{"start":{"line":101,"column":17},"end":{"line":108,"column":null}},"type":"if","locations":[{"start":{"line":101,"column":17},"end":{"line":108,"column":null}},{"start":{"line":104,"column":17},"end":{"line":108,"column":null}}]},"27":{"loc":{"start":{"line":104,"column":17},"end":{"line":108,"column":null}},"type":"if","locations":[{"start":{"line":104,"column":17},"end":{"line":108,"column":null}},{"start":{"line":106,"column":19},"end":{"line":108,"column":null}}]},"28":{"loc":{"start":{"line":114,"column":8},"end":{"line":128,"column":null}},"type":"if","locations":[{"start":{"line":114,"column":8},"end":{"line":128,"column":null}}]},"29":{"loc":{"start":{"line":117,"column":12},"end":{"line":126,"column":null}},"type":"if","locations":[{"start":{"line":117,"column":12},"end":{"line":126,"column":null}}]},"30":{"loc":{"start":{"line":119,"column":16},"end":{"line":121,"column":null}},"type":"if","locations":[{"start":{"line":119,"column":16},"end":{"line":121,"column":null}}]},"31":{"loc":{"start":{"line":122,"column":16},"end":{"line":124,"column":null}},"type":"if","locations":[{"start":{"line":122,"column":16},"end":{"line":124,"column":null}}]},"32":{"loc":{"start":{"line":122,"column":20},"end":{"line":122,"column":91}},"type":"binary-expr","locations":[{"start":{"line":122,"column":20},"end":{"line":122,"column":49}},{"start":{"line":122,"column":53},"end":{"line":122,"column":91}}]},"33":{"loc":{"start":{"line":133,"column":8},"end":{"line":146,"column":null}},"type":"if","locations":[{"start":{"line":133,"column":8},"end":{"line":146,"column":null}}]},"34":{"loc":{"start":{"line":136,"column":12},"end":{"line":144,"column":null}},"type":"if","locations":[{"start":{"line":136,"column":12},"end":{"line":144,"column":null}}]},"35":{"loc":{"start":{"line":138,"column":16},"end":{"line":142,"column":null}},"type":"if","locations":[{"start":{"line":138,"column":16},"end":{"line":142,"column":null}},{"start":{"line":140,"column":23},"end":{"line":142,"column":null}}]},"36":{"loc":{"start":{"line":138,"column":20},"end":{"line":138,"column":91}},"type":"binary-expr","locations":[{"start":{"line":138,"column":20},"end":{"line":138,"column":49}},{"start":{"line":138,"column":53},"end":{"line":138,"column":91}}]},"37":{"loc":{"start":{"line":140,"column":23},"end":{"line":142,"column":null}},"type":"if","locations":[{"start":{"line":140,"column":23},"end":{"line":142,"column":null}}]},"38":{"loc":{"start":{"line":153,"column":8},"end":{"line":156,"column":null}},"type":"if","locations":[{"start":{"line":153,"column":8},"end":{"line":156,"column":null}}]},"39":{"loc":{"start":{"line":161,"column":8},"end":{"line":165,"column":null}},"type":"if","locations":[{"start":{"line":161,"column":8},"end":{"line":165,"column":null}},{"start":{"line":163,"column":15},"end":{"line":165,"column":null}}]},"40":{"loc":{"start":{"line":161,"column":12},"end":{"line":161,"column":66}},"type":"binary-expr","locations":[{"start":{"line":161,"column":12},"end":{"line":161,"column":27}},{"start":{"line":161,"column":31},"end":{"line":161,"column":46}},{"start":{"line":161,"column":50},"end":{"line":161,"column":66}}]}},"s":{"0":2,"1":2,"2":2,"3":46,"4":46,"5":40,"6":1,"7":39,"8":46,"9":2,"10":19,"11":19,"12":19,"13":1,"14":18,"15":2,"16":16,"17":8,"18":16,"19":9,"20":2,"21":13,"22":13,"23":2,"24":6,"25":6,"26":6,"27":6,"28":0,"29":6,"30":6,"31":6,"32":4,"33":1,"34":0,"35":1,"36":3,"37":1,"38":2,"39":2,"40":4,"41":4,"42":4,"43":1,"44":0,"45":1,"46":1,"47":0,"48":0,"49":0,"50":3,"51":0,"52":3,"53":2,"54":1,"55":1,"56":0,"57":4,"58":2,"59":4,"60":4,"61":4,"62":1,"63":1,"64":0,"65":0,"66":0,"67":0,"68":0,"69":1,"70":2,"71":5,"72":1,"73":1,"74":1,"75":1,"76":1,"77":0,"78":1,"79":0,"80":1,"81":0,"82":4,"83":2,"84":3,"85":2,"86":2,"87":2,"88":2,"89":2,"90":0,"91":2,"92":1,"93":2,"94":0,"95":1,"96":2,"97":4,"98":4,"99":4,"100":3,"101":3,"102":1,"103":2,"104":6,"105":2,"106":4,"107":2,"108":3,"109":2,"110":6,"111":2,"112":103,"113":2,"114":2},"f":{"0":2,"1":46,"2":40,"3":19,"4":13,"5":6,"6":4,"7":4,"8":5,"9":3,"10":4,"11":6,"12":3,"13":6,"14":103},"b":{"0":[46,46],"1":[1],"2":[1],"3":[2],"4":[18,17],"5":[8],"6":[16,9],"7":[9],"8":[16,15,8],"9":[0,6],"10":[4],"11":[6,4],"12":[1,3],"13":[0],"14":[1],"15":[3,1],"16":[1,3],"17":[4,1],"18":[0,1],"19":[1,0],"20":[0,0],"21":[0,3],"22":[2,1],"23":[1,0],"24":[1],"25":[1,0],"26":[0,0],"27":[0,0],"28":[1],"29":[1],"30":[0],"31":[0],"32":[1,0],"33":[2],"34":[2],"35":[0,2],"36":[2,0],"37":[1],"38":[3],"39":[2,4],"40":[6,6,5]}}
,"C:\\Users\\bsam\\Documents\\Веб\\meta_lamp\\slider\\src\\plugin\\components\\Observer\\Observer.ts": {"path":"C:\\Users\\bsam\\Documents\\Веб\\meta_lamp\\slider\\src\\plugin\\components\\Observer\\Observer.ts","statementMap":{"0":{"start":{"line":5,"column":0},"end":{"line":5,"column":null}},"1":{"start":{"line":9,"column":8},"end":{"line":9,"column":28}},"2":{"start":{"line":12,"column":4},"end":{"line":14,"column":null}},"3":{"start":{"line":13,"column":8},"end":{"line":13,"column":43}},"4":{"start":{"line":16,"column":4},"end":{"line":22,"column":null}},"5":{"start":{"line":16,"column":4},"end":{"line":16,"column":18}},"6":{"start":{"line":17,"column":8},"end":{"line":21,"column":null}},"7":{"start":{"line":18,"column":12},"end":{"line":20,"column":null}},"8":{"start":{"line":19,"column":16},"end":{"line":19,"column":48}},"9":{"start":{"line":24,"column":4},"end":{"line":28,"column":null}},"10":{"start":{"line":25,"column":8},"end":{"line":27,"column":null}},"11":{"start":{"line":26,"column":12},"end":{"line":26,"column":30}},"12":{"start":{"line":29,"column":0},"end":{"line":29,"column":null}},"13":{"start":{"line":31,"column":0},"end":{"line":31,"column":24}}},"fnMap":{"0":{"name":"(anonymous_0)","decl":{"start":{"line":5,"column":0},"end":{"line":5,"column":null}},"loc":{"start":{"line":5,"column":0},"end":{"line":29,"column":null}}},"1":{"name":"Observer","decl":{"start":{"line":8,"column":4},"end":{"line":8,"column":null}},"loc":{"start":{"line":8,"column":4},"end":{"line":10,"column":5}}},"2":{"name":"(anonymous_2)","decl":{"start":{"line":12,"column":4},"end":{"line":12,"column":15}},"loc":{"start":{"line":12,"column":47},"end":{"line":14,"column":5}}},"3":{"name":"(anonymous_3)","decl":{"start":{"line":16,"column":4},"end":{"line":16,"column":18}},"loc":{"start":{"line":16,"column":53},"end":{"line":22,"column":5}}},"4":{"name":"(anonymous_4)","decl":{"start":{"line":17,"column":31},"end":{"line":17,"column":32}},"loc":{"start":{"line":17,"column":47},"end":{"line":21,"column":9}}},"5":{"name":"(anonymous_5)","decl":{"start":{"line":24,"column":4},"end":{"line":24,"column":19}},"loc":{"start":{"line":24,"column":44},"end":{"line":28,"column":5}}},"6":{"name":"(anonymous_6)","decl":{"start":{"line":25,"column":31},"end":{"line":25,"column":39}},"loc":{"start":{"line":25,"column":39},"end":{"line":27,"column":9}}}},"branchMap":{"0":{"loc":{"start":{"line":18,"column":12},"end":{"line":20,"column":null}},"type":"if","locations":[{"start":{"line":18,"column":12},"end":{"line":20,"column":null}}]}},"s":{"0":6,"1":101,"2":6,"3":18,"4":6,"5":1,"6":1,"7":1,"8":1,"9":6,"10":1,"11":2,"12":6,"13":6},"f":{"0":6,"1":101,"2":18,"3":1,"4":1,"5":1,"6":2},"b":{"0":[1]}}
,"C:\\Users\\bsam\\Documents\\Веб\\meta_lamp\\slider\\src\\plugin\\components\\Presenter\\Presenter.ts": {"path":"C:\\Users\\bsam\\Documents\\Веб\\meta_lamp\\slider\\src\\plugin\\components\\Presenter\\Presenter.ts","statementMap":{"0":{"start":{"line":4,"column":0},"end":{"line":4,"column":null}},"1":{"start":{"line":8,"column":8},"end":{"line":8,"column":25}},"2":{"start":{"line":9,"column":8},"end":{"line":9,"column":27}},"3":{"start":{"line":13,"column":4},"end":{"line":15,"column":null}},"4":{"start":{"line":14,"column":8},"end":{"line":14,"column":26}},"5":{"start":{"line":17,"column":4},"end":{"line":19,"column":null}},"6":{"start":{"line":18,"column":8},"end":{"line":18,"column":25}},"7":{"start":{"line":21,"column":4},"end":{"line":33,"column":null}},"8":{"start":{"line":22,"column":8},"end":{"line":22,"column":37}},"9":{"start":{"line":23,"column":8},"end":{"line":23,"column":67}},"10":{"start":{"line":24,"column":8},"end":{"line":24,"column":72}},"11":{"start":{"line":25,"column":8},"end":{"line":30,"column":null}},"12":{"start":{"line":26,"column":12},"end":{"line":26,"column":37}},"13":{"start":{"line":27,"column":12},"end":{"line":27,"column":null}},"14":{"start":{"line":29,"column":12},"end":{"line":29,"column":133}},"15":{"start":{"line":31,"column":8},"end":{"line":31,"column":55}},"16":{"start":{"line":32,"column":8},"end":{"line":32,"column":52}},"17":{"start":{"line":35,"column":4},"end":{"line":41,"column":null}},"18":{"start":{"line":36,"column":8},"end":{"line":38,"column":null}},"19":{"start":{"line":37,"column":12},"end":{"line":37,"column":19}},"20":{"start":{"line":39,"column":8},"end":{"line":39,"column":31}},"21":{"start":{"line":40,"column":8},"end":{"line":40,"column":28}},"22":{"start":{"line":43,"column":4},"end":{"line":48,"column":null}},"23":{"start":{"line":44,"column":8},"end":{"line":46,"column":null}},"24":{"start":{"line":45,"column":12},"end":{"line":45,"column":19}},"25":{"start":{"line":47,"column":8},"end":{"line":47,"column":28}},"26":{"start":{"line":50,"column":4},"end":{"line":58,"column":null}},"27":{"start":{"line":51,"column":8},"end":{"line":55,"column":null}},"28":{"start":{"line":52,"column":12},"end":{"line":52,"column":59}},"29":{"start":{"line":53,"column":15},"end":{"line":55,"column":null}},"30":{"start":{"line":54,"column":12},"end":{"line":54,"column":47}},"31":{"start":{"line":56,"column":8},"end":{"line":56,"column":50}},"32":{"start":{"line":57,"column":8},"end":{"line":57,"column":28}},"33":{"start":{"line":60,"column":4},"end":{"line":68,"column":null}},"34":{"start":{"line":61,"column":8},"end":{"line":65,"column":null}},"35":{"start":{"line":62,"column":12},"end":{"line":62,"column":63}},"36":{"start":{"line":63,"column":15},"end":{"line":65,"column":null}},"37":{"start":{"line":64,"column":12},"end":{"line":64,"column":51}},"38":{"start":{"line":66,"column":8},"end":{"line":66,"column":51}},"39":{"start":{"line":67,"column":8},"end":{"line":67,"column":28}},"40":{"start":{"line":70,"column":4},"end":{"line":79,"column":null}},"41":{"start":{"line":71,"column":20},"end":{"line":71,"column":22}},"42":{"start":{"line":72,"column":8},"end":{"line":76,"column":null}},"43":{"start":{"line":73,"column":12},"end":{"line":73,"column":65}},"44":{"start":{"line":74,"column":15},"end":{"line":76,"column":null}},"45":{"start":{"line":75,"column":12},"end":{"line":75,"column":53}},"46":{"start":{"line":77,"column":8},"end":{"line":77,"column":29}},"47":{"start":{"line":78,"column":8},"end":{"line":78,"column":21}},"48":{"start":{"line":81,"column":4},"end":{"line":90,"column":null}},"49":{"start":{"line":82,"column":20},"end":{"line":82,"column":22}},"50":{"start":{"line":83,"column":8},"end":{"line":87,"column":null}},"51":{"start":{"line":84,"column":12},"end":{"line":84,"column":65}},"52":{"start":{"line":85,"column":15},"end":{"line":87,"column":null}},"53":{"start":{"line":86,"column":12},"end":{"line":86,"column":53}},"54":{"start":{"line":88,"column":8},"end":{"line":88,"column":29}},"55":{"start":{"line":89,"column":8},"end":{"line":89,"column":21}},"56":{"start":{"line":92,"column":4},"end":{"line":101,"column":null}},"57":{"start":{"line":93,"column":20},"end":{"line":93,"column":22}},"58":{"start":{"line":94,"column":8},"end":{"line":98,"column":null}},"59":{"start":{"line":95,"column":12},"end":{"line":95,"column":60}},"60":{"start":{"line":96,"column":15},"end":{"line":98,"column":null}},"61":{"start":{"line":97,"column":12},"end":{"line":97,"column":48}},"62":{"start":{"line":99,"column":8},"end":{"line":99,"column":29}},"63":{"start":{"line":100,"column":8},"end":{"line":100,"column":21}},"64":{"start":{"line":103,"column":4},"end":{"line":109,"column":null}},"65":{"start":{"line":104,"column":8},"end":{"line":104,"column":35}},"66":{"start":{"line":105,"column":8},"end":{"line":107,"column":null}},"67":{"start":{"line":106,"column":12},"end":{"line":106,"column":57}},"68":{"start":{"line":108,"column":8},"end":{"line":108,"column":29}},"69":{"start":{"line":111,"column":4},"end":{"line":121,"column":null}},"70":{"start":{"line":112,"column":8},"end":{"line":118,"column":null}},"71":{"start":{"line":113,"column":12},"end":{"line":113,"column":37}},"72":{"start":{"line":114,"column":12},"end":{"line":114,"column":null}},"73":{"start":{"line":116,"column":12},"end":{"line":116,"column":39}},"74":{"start":{"line":117,"column":12},"end":{"line":117,"column":133}},"75":{"start":{"line":119,"column":8},"end":{"line":119,"column":47}},"76":{"start":{"line":120,"column":8},"end":{"line":120,"column":29}},"77":{"start":{"line":123,"column":4},"end":{"line":126,"column":null}},"78":{"start":{"line":124,"column":8},"end":{"line":124,"column":44}},"79":{"start":{"line":125,"column":8},"end":{"line":125,"column":29}},"80":{"start":{"line":128,"column":12},"end":{"line":131,"column":null}},"81":{"start":{"line":129,"column":8},"end":{"line":129,"column":34}},"82":{"start":{"line":130,"column":8},"end":{"line":130,"column":55}},"83":{"start":{"line":133,"column":12},"end":{"line":136,"column":null}},"84":{"start":{"line":134,"column":8},"end":{"line":134,"column":53}},"85":{"start":{"line":135,"column":8},"end":{"line":135,"column":83}},"86":{"start":{"line":137,"column":0},"end":{"line":137,"column":null}},"87":{"start":{"line":139,"column":0},"end":{"line":139,"column":25}}},"fnMap":{"0":{"name":"(anonymous_0)","decl":{"start":{"line":4,"column":0},"end":{"line":4,"column":null}},"loc":{"start":{"line":4,"column":0},"end":{"line":137,"column":null}}},"1":{"name":"Presenter","decl":{"start":{"line":7,"column":4},"end":{"line":7,"column":16}},"loc":{"start":{"line":7,"column":40},"end":{"line":11,"column":5}}},"2":{"name":"(anonymous_2)","decl":{"start":{"line":13,"column":4},"end":{"line":13,"column":8}},"loc":{"start":{"line":13,"column":4},"end":{"line":15,"column":5}}},"3":{"name":"(anonymous_3)","decl":{"start":{"line":17,"column":4},"end":{"line":17,"column":8}},"loc":{"start":{"line":17,"column":4},"end":{"line":19,"column":5}}},"4":{"name":"(anonymous_4)","decl":{"start":{"line":21,"column":4},"end":{"line":21,"column":10}},"loc":{"start":{"line":21,"column":4},"end":{"line":33,"column":5}}},"5":{"name":"(anonymous_5)","decl":{"start":{"line":35,"column":4},"end":{"line":35,"column":23}},"loc":{"start":{"line":35,"column":48},"end":{"line":41,"column":5}}},"6":{"name":"(anonymous_6)","decl":{"start":{"line":43,"column":4},"end":{"line":43,"column":28}},"loc":{"start":{"line":43,"column":53},"end":{"line":48,"column":5}}},"7":{"name":"(anonymous_7)","decl":{"start":{"line":50,"column":4},"end":{"line":50,"column":20}},"loc":{"start":{"line":50,"column":43},"end":{"line":58,"column":5}}},"8":{"name":"(anonymous_8)","decl":{"start":{"line":60,"column":4},"end":{"line":60,"column":21}},"loc":{"start":{"line":60,"column":44},"end":{"line":68,"column":5}}},"9":{"name":"(anonymous_9)","decl":{"start":{"line":70,"column":4},"end":{"line":70,"column":18}},"loc":{"start":{"line":70,"column":41},"end":{"line":79,"column":5}}},"10":{"name":"(anonymous_10)","decl":{"start":{"line":81,"column":4},"end":{"line":81,"column":18}},"loc":{"start":{"line":81,"column":41},"end":{"line":90,"column":5}}},"11":{"name":"(anonymous_11)","decl":{"start":{"line":92,"column":4},"end":{"line":92,"column":14}},"loc":{"start":{"line":92,"column":36},"end":{"line":101,"column":5}}},"12":{"name":"(anonymous_12)","decl":{"start":{"line":103,"column":4},"end":{"line":103,"column":15}},"loc":{"start":{"line":103,"column":29},"end":{"line":109,"column":5}}},"13":{"name":"(anonymous_13)","decl":{"start":{"line":111,"column":4},"end":{"line":111,"column":14}},"loc":{"start":{"line":111,"column":34},"end":{"line":121,"column":5}}},"14":{"name":"(anonymous_14)","decl":{"start":{"line":123,"column":4},"end":{"line":123,"column":28}},"loc":{"start":{"line":123,"column":47},"end":{"line":126,"column":5}}},"15":{"name":"(anonymous_15)","decl":{"start":{"line":128,"column":4},"end":{"line":128,"column":12}},"loc":{"start":{"line":128,"column":4},"end":{"line":131,"column":5}}},"16":{"name":"(anonymous_16)","decl":{"start":{"line":133,"column":4},"end":{"line":133,"column":12}},"loc":{"start":{"line":133,"column":4},"end":{"line":136,"column":5}}}},"branchMap":{"0":{"loc":{"start":{"line":25,"column":8},"end":{"line":30,"column":null}},"type":"if","locations":[{"start":{"line":25,"column":8},"end":{"line":30,"column":null}},{"start":{"line":28,"column":15},"end":{"line":30,"column":null}}]},"1":{"loc":{"start":{"line":36,"column":8},"end":{"line":38,"column":null}},"type":"if","locations":[{"start":{"line":36,"column":8},"end":{"line":38,"column":null}}]},"2":{"loc":{"start":{"line":36,"column":12},"end":{"line":36,"column":75}},"type":"binary-expr","locations":[{"start":{"line":36,"column":12},"end":{"line":36,"column":41}},{"start":{"line":36,"column":45},"end":{"line":36,"column":75}}]},"3":{"loc":{"start":{"line":44,"column":8},"end":{"line":46,"column":null}},"type":"if","locations":[{"start":{"line":44,"column":8},"end":{"line":46,"column":null}}]},"4":{"loc":{"start":{"line":44,"column":12},"end":{"line":44,"column":85}},"type":"binary-expr","locations":[{"start":{"line":44,"column":12},"end":{"line":44,"column":46}},{"start":{"line":44,"column":50},"end":{"line":44,"column":85}}]},"5":{"loc":{"start":{"line":51,"column":8},"end":{"line":55,"column":null}},"type":"if","locations":[{"start":{"line":51,"column":8},"end":{"line":55,"column":null}},{"start":{"line":53,"column":15},"end":{"line":55,"column":null}}]},"6":{"loc":{"start":{"line":51,"column":12},"end":{"line":51,"column":67}},"type":"binary-expr","locations":[{"start":{"line":51,"column":12},"end":{"line":51,"column":38}},{"start":{"line":51,"column":42},"end":{"line":51,"column":67}}]},"7":{"loc":{"start":{"line":53,"column":15},"end":{"line":55,"column":null}},"type":"if","locations":[{"start":{"line":53,"column":15},"end":{"line":55,"column":null}}]},"8":{"loc":{"start":{"line":53,"column":19},"end":{"line":53,"column":62}},"type":"binary-expr","locations":[{"start":{"line":53,"column":19},"end":{"line":53,"column":45}},{"start":{"line":53,"column":49},"end":{"line":53,"column":62}}]},"9":{"loc":{"start":{"line":61,"column":8},"end":{"line":65,"column":null}},"type":"if","locations":[{"start":{"line":61,"column":8},"end":{"line":65,"column":null}},{"start":{"line":63,"column":15},"end":{"line":65,"column":null}}]},"10":{"loc":{"start":{"line":61,"column":12},"end":{"line":61,"column":67}},"type":"binary-expr","locations":[{"start":{"line":61,"column":12},"end":{"line":61,"column":38}},{"start":{"line":61,"column":42},"end":{"line":61,"column":67}}]},"11":{"loc":{"start":{"line":63,"column":15},"end":{"line":65,"column":null}},"type":"if","locations":[{"start":{"line":63,"column":15},"end":{"line":65,"column":null}}]},"12":{"loc":{"start":{"line":63,"column":19},"end":{"line":63,"column":62}},"type":"binary-expr","locations":[{"start":{"line":63,"column":19},"end":{"line":63,"column":45}},{"start":{"line":63,"column":49},"end":{"line":63,"column":62}}]},"13":{"loc":{"start":{"line":72,"column":8},"end":{"line":76,"column":null}},"type":"if","locations":[{"start":{"line":72,"column":8},"end":{"line":76,"column":null}},{"start":{"line":74,"column":15},"end":{"line":76,"column":null}}]},"14":{"loc":{"start":{"line":72,"column":12},"end":{"line":72,"column":67}},"type":"binary-expr","locations":[{"start":{"line":72,"column":12},"end":{"line":72,"column":38}},{"start":{"line":72,"column":42},"end":{"line":72,"column":67}}]},"15":{"loc":{"start":{"line":74,"column":15},"end":{"line":76,"column":null}},"type":"if","locations":[{"start":{"line":74,"column":15},"end":{"line":76,"column":null}}]},"16":{"loc":{"start":{"line":74,"column":19},"end":{"line":74,"column":62}},"type":"binary-expr","locations":[{"start":{"line":74,"column":19},"end":{"line":74,"column":45}},{"start":{"line":74,"column":49},"end":{"line":74,"column":62}}]},"17":{"loc":{"start":{"line":83,"column":8},"end":{"line":87,"column":null}},"type":"if","locations":[{"start":{"line":83,"column":8},"end":{"line":87,"column":null}},{"start":{"line":85,"column":15},"end":{"line":87,"column":null}}]},"18":{"loc":{"start":{"line":83,"column":12},"end":{"line":83,"column":67}},"type":"binary-expr","locations":[{"start":{"line":83,"column":12},"end":{"line":83,"column":38}},{"start":{"line":83,"column":42},"end":{"line":83,"column":67}}]},"19":{"loc":{"start":{"line":85,"column":15},"end":{"line":87,"column":null}},"type":"if","locations":[{"start":{"line":85,"column":15},"end":{"line":87,"column":null}}]},"20":{"loc":{"start":{"line":85,"column":19},"end":{"line":85,"column":62}},"type":"binary-expr","locations":[{"start":{"line":85,"column":19},"end":{"line":85,"column":45}},{"start":{"line":85,"column":49},"end":{"line":85,"column":62}}]},"21":{"loc":{"start":{"line":94,"column":8},"end":{"line":98,"column":null}},"type":"if","locations":[{"start":{"line":94,"column":8},"end":{"line":98,"column":null}},{"start":{"line":96,"column":15},"end":{"line":98,"column":null}}]},"22":{"loc":{"start":{"line":94,"column":12},"end":{"line":94,"column":65}},"type":"binary-expr","locations":[{"start":{"line":94,"column":12},"end":{"line":94,"column":37}},{"start":{"line":94,"column":41},"end":{"line":94,"column":65}}]},"23":{"loc":{"start":{"line":96,"column":15},"end":{"line":98,"column":null}},"type":"if","locations":[{"start":{"line":96,"column":15},"end":{"line":98,"column":null}}]},"24":{"loc":{"start":{"line":96,"column":19},"end":{"line":96,"column":60}},"type":"binary-expr","locations":[{"start":{"line":96,"column":19},"end":{"line":96,"column":44}},{"start":{"line":96,"column":48},"end":{"line":96,"column":60}}]},"25":{"loc":{"start":{"line":105,"column":8},"end":{"line":107,"column":null}},"type":"if","locations":[{"start":{"line":105,"column":8},"end":{"line":107,"column":null}}]},"26":{"loc":{"start":{"line":105,"column":12},"end":{"line":105,"column":66}},"type":"binary-expr","locations":[{"start":{"line":105,"column":12},"end":{"line":105,"column":28}},{"start":{"line":105,"column":32},"end":{"line":105,"column":47}},{"start":{"line":105,"column":51},"end":{"line":105,"column":66}}]},"27":{"loc":{"start":{"line":112,"column":8},"end":{"line":118,"column":null}},"type":"if","locations":[{"start":{"line":112,"column":8},"end":{"line":118,"column":null}},{"start":{"line":115,"column":15},"end":{"line":118,"column":null}}]}},"s":{"0":1,"1":30,"2":30,"3":1,"4":46,"5":1,"6":22,"7":1,"8":7,"9":7,"10":7,"11":7,"12":1,"13":1,"14":6,"15":7,"16":7,"17":1,"18":3,"19":1,"20":2,"21":2,"22":1,"23":3,"24":2,"25":1,"26":1,"27":2,"28":0,"29":2,"30":2,"31":2,"32":2,"33":1,"34":2,"35":0,"36":2,"37":2,"38":2,"39":2,"40":1,"41":3,"42":3,"43":0,"44":3,"45":3,"46":3,"47":3,"48":1,"49":1,"50":1,"51":0,"52":1,"53":1,"54":1,"55":1,"56":1,"57":2,"58":2,"59":0,"60":2,"61":2,"62":2,"63":2,"64":1,"65":4,"66":4,"67":3,"68":4,"69":1,"70":5,"71":2,"72":2,"73":3,"74":3,"75":5,"76":5,"77":1,"78":2,"79":2,"80":1,"81":19,"82":19,"83":1,"84":7,"85":7,"86":1,"87":1},"f":{"0":1,"1":30,"2":46,"3":22,"4":7,"5":3,"6":3,"7":2,"8":2,"9":3,"10":1,"11":2,"12":4,"13":5,"14":2,"15":19,"16":7},"b":{"0":[1,6],"1":[1],"2":[3,2],"3":[2],"4":[3,2],"5":[0,2],"6":[2,0],"7":[2],"8":[2,2],"9":[0,2],"10":[2,0],"11":[2],"12":[2,2],"13":[0,3],"14":[3,0],"15":[3],"16":[3,3],"17":[0,1],"18":[1,0],"19":[1],"20":[1,1],"21":[0,2],"22":[2,0],"23":[2],"24":[2,2],"25":[3],"26":[4,3,3],"27":[2,3]}}
,"C:\\Users\\bsam\\Documents\\Веб\\meta_lamp\\slider\\src\\plugin\\components\\View\\Labels.ts": {"path":"C:\\Users\\bsam\\Documents\\Веб\\meta_lamp\\slider\\src\\plugin\\components\\View\\Labels.ts","statementMap":{"0":{"start":{"line":3,"column":0},"end":{"line":3,"column":null}},"1":{"start":{"line":8,"column":8},"end":{"line":8,"column":52}},"2":{"start":{"line":9,"column":8},"end":{"line":9,"column":25}},"3":{"start":{"line":12,"column":4},"end":{"line":29,"column":null}},"4":{"start":{"line":13,"column":8},"end":{"line":13,"column":null}},"5":{"start":{"line":14,"column":30},"end":{"line":19,"column":9}},"6":{"start":{"line":15,"column":12},"end":{"line":17,"column":null}},"7":{"start":{"line":16,"column":16},"end":{"line":16,"column":null}},"8":{"start":{"line":18,"column":12},"end":{"line":18,"column":21}},"9":{"start":{"line":20,"column":33},"end":{"line":20,"column":60}},"10":{"start":{"line":21,"column":30},"end":{"line":21,"column":42}},"11":{"start":{"line":22,"column":8},"end":{"line":24,"column":null}},"12":{"start":{"line":23,"column":12},"end":{"line":23,"column":25}},"13":{"start":{"line":25,"column":8},"end":{"line":25,"column":56}},"14":{"start":{"line":26,"column":8},"end":{"line":28,"column":null}},"15":{"start":{"line":26,"column":21},"end":{"line":26,"column":32}},"16":{"start":{"line":27,"column":12},"end":{"line":27,"column":58}},"17":{"start":{"line":31,"column":12},"end":{"line":63,"column":null}},"18":{"start":{"line":32,"column":22},"end":{"line":32,"column":51}},"19":{"start":{"line":33,"column":8},"end":{"line":33,"column":41}},"20":{"start":{"line":34,"column":8},"end":{"line":34,"column":45}},"21":{"start":{"line":35,"column":8},"end":{"line":35,"column":48}},"22":{"start":{"line":36,"column":33},"end":{"line":52,"column":9}},"23":{"start":{"line":37,"column":12},"end":{"line":51,"column":null}},"24":{"start":{"line":38,"column":38},"end":{"line":38,"column":67}},"25":{"start":{"line":39,"column":16},"end":{"line":39,"column":49}},"26":{"start":{"line":40,"column":16},"end":{"line":49,"column":null}},"27":{"start":{"line":41,"column":20},"end":{"line":46,"column":null}},"28":{"start":{"line":42,"column":24},"end":{"line":42,"column":46}},"29":{"start":{"line":43,"column":27},"end":{"line":46,"column":null}},"30":{"start":{"line":44,"column":24},"end":{"line":44,"column":58}},"31":{"start":{"line":45,"column":24},"end":{"line":45,"column":47}},"32":{"start":{"line":48,"column":20},"end":{"line":48,"column":42}},"33":{"start":{"line":50,"column":16},"end":{"line":50,"column":41}},"34":{"start":{"line":53,"column":8},"end":{"line":53,"column":34}},"35":{"start":{"line":54,"column":8},"end":{"line":60,"column":null}},"36":{"start":{"line":55,"column":41},"end":{"line":55,"column":161}},"37":{"start":{"line":56,"column":12},"end":{"line":56,"column":49}},"38":{"start":{"line":58,"column":41},"end":{"line":58,"column":160}},"39":{"start":{"line":59,"column":12},"end":{"line":59,"column":50}},"40":{"start":{"line":61,"column":8},"end":{"line":61,"column":58}},"41":{"start":{"line":62,"column":8},"end":{"line":62,"column":33}},"42":{"start":{"line":65,"column":4},"end":{"line":70,"column":null}},"43":{"start":{"line":66,"column":8},"end":{"line":69,"column":null}},"44":{"start":{"line":67,"column":12},"end":{"line":67,"column":45}},"45":{"start":{"line":68,"column":12},"end":{"line":68,"column":30}},"46":{"start":{"line":72,"column":4},"end":{"line":74,"column":null}},"47":{"start":{"line":73,"column":8},"end":{"line":73,"column":27}},"48":{"start":{"line":76,"column":4},"end":{"line":78,"column":null}},"49":{"start":{"line":77,"column":8},"end":{"line":77,"column":27}},"50":{"start":{"line":79,"column":0},"end":{"line":79,"column":null}},"51":{"start":{"line":81,"column":0},"end":{"line":81,"column":22}}},"fnMap":{"0":{"name":"(anonymous_0)","decl":{"start":{"line":3,"column":0},"end":{"line":3,"column":null}},"loc":{"start":{"line":3,"column":0},"end":{"line":79,"column":null}}},"1":{"name":"Labels","decl":{"start":{"line":7,"column":4},"end":{"line":7,"column":null}},"loc":{"start":{"line":7,"column":4},"end":{"line":10,"column":5}}},"2":{"name":"(anonymous_2)","decl":{"start":{"line":12,"column":4},"end":{"line":12,"column":10}},"loc":{"start":{"line":12,"column":88},"end":{"line":29,"column":5}}},"3":{"name":"(anonymous_3)","decl":{"start":{"line":14,"column":30},"end":{"line":14,"column":31}},"loc":{"start":{"line":14,"column":44},"end":{"line":19,"column":9}}},"4":{"name":"(anonymous_4)","decl":{"start":{"line":31,"column":4},"end":{"line":31,"column":12}},"loc":{"start":{"line":31,"column":112},"end":{"line":63,"column":5}}},"5":{"name":"(anonymous_5)","decl":{"start":{"line":36,"column":33},"end":{"line":36,"column":null}},"loc":{"start":{"line":36,"column":33},"end":{"line":52,"column":9}}},"6":{"name":"(anonymous_6)","decl":{"start":{"line":65,"column":4},"end":{"line":65,"column":11}},"loc":{"start":{"line":65,"column":4},"end":{"line":70,"column":5}}},"7":{"name":"(anonymous_7)","decl":{"start":{"line":72,"column":4},"end":{"line":72,"column":8}},"loc":{"start":{"line":72,"column":4},"end":{"line":74,"column":5}}},"8":{"name":"(anonymous_8)","decl":{"start":{"line":76,"column":4},"end":{"line":76,"column":8}},"loc":{"start":{"line":76,"column":4},"end":{"line":78,"column":5}}}},"branchMap":{"0":{"loc":{"start":{"line":15,"column":12},"end":{"line":17,"column":null}},"type":"if","locations":[{"start":{"line":15,"column":12},"end":{"line":17,"column":null}}]},"1":{"loc":{"start":{"line":37,"column":12},"end":{"line":51,"column":null}},"type":"if","locations":[{"start":{"line":37,"column":12},"end":{"line":51,"column":null}}]},"2":{"loc":{"start":{"line":40,"column":16},"end":{"line":49,"column":null}},"type":"if","locations":[{"start":{"line":40,"column":16},"end":{"line":49,"column":null}},{"start":{"line":47,"column":23},"end":{"line":49,"column":null}}]},"3":{"loc":{"start":{"line":41,"column":20},"end":{"line":46,"column":null}},"type":"if","locations":[{"start":{"line":41,"column":20},"end":{"line":46,"column":null}},{"start":{"line":43,"column":27},"end":{"line":46,"column":null}}]},"4":{"loc":{"start":{"line":43,"column":27},"end":{"line":46,"column":null}},"type":"if","locations":[{"start":{"line":43,"column":27},"end":{"line":46,"column":null}}]},"5":{"loc":{"start":{"line":54,"column":8},"end":{"line":60,"column":null}},"type":"if","locations":[{"start":{"line":54,"column":8},"end":{"line":60,"column":null}},{"start":{"line":57,"column":15},"end":{"line":60,"column":null}}]},"6":{"loc":{"start":{"line":62,"column":8},"end":{"line":62,"column":32}},"type":"cond-expr","locations":[{"start":{"line":62,"column":19},"end":{"line":62,"column":21}},{"start":{"line":62,"column":19},"end":{"line":62,"column":32}}]},"7":{"loc":{"start":{"line":62,"column":8},"end":{"line":62,"column":21}},"type":"binary-expr","locations":[{"start":{"line":62,"column":8},"end":{"line":62,"column":21}},{"start":{"line":62,"column":19},"end":{"line":62,"column":21}}]},"8":{"loc":{"start":{"line":67,"column":12},"end":{"line":67,"column":44}},"type":"cond-expr","locations":[{"start":{"line":67,"column":34},"end":{"line":67,"column":36}},{"start":{"line":67,"column":34},"end":{"line":67,"column":44}}]},"9":{"loc":{"start":{"line":67,"column":12},"end":{"line":67,"column":36}},"type":"binary-expr","locations":[{"start":{"line":67,"column":12},"end":{"line":67,"column":36}},{"start":{"line":67,"column":34},"end":{"line":67,"column":36}}]}},"s":{"0":4,"1":54,"2":54,"3":4,"4":28,"5":28,"6":28,"7":0,"8":28,"9":28,"10":28,"11":28,"12":0,"13":28,"14":28,"15":28,"16":85,"17":4,"18":85,"19":85,"20":85,"21":85,"22":85,"23":0,"24":0,"25":0,"26":0,"27":0,"28":0,"29":0,"30":0,"31":0,"32":0,"33":0,"34":85,"35":85,"36":9,"37":9,"38":76,"39":76,"40":85,"41":85,"42":4,"43":22,"44":9,"45":9,"46":4,"47":39,"48":4,"49":4,"50":4,"51":4},"f":{"0":4,"1":54,"2":28,"3":28,"4":85,"5":0,"6":22,"7":39,"8":4},"b":{"0":[0],"1":[0],"2":[0,0],"3":[0,0],"4":[0],"5":[9,76],"6":[0,85],"7":[85,85],"8":[0,9],"9":[9,9]}}
,"C:\\Users\\bsam\\Documents\\Веб\\meta_lamp\\slider\\src\\plugin\\components\\View\\SliderHandle.ts": {"path":"C:\\Users\\bsam\\Documents\\Веб\\meta_lamp\\slider\\src\\plugin\\components\\View\\SliderHandle.ts","statementMap":{"0":{"start":{"line":3,"column":0},"end":{"line":3,"column":null}},"1":{"start":{"line":7,"column":8},"end":{"line":7,"column":58}},"2":{"start":{"line":10,"column":4},"end":{"line":31,"column":null}},"3":{"start":{"line":10,"column":4},"end":{"line":10,"column":13}},"4":{"start":{"line":11,"column":32},"end":{"line":23,"column":9}},"5":{"start":{"line":12,"column":36},"end":{"line":16,"column":13}},"6":{"start":{"line":13,"column":16},"end":{"line":13,"column":92}},"7":{"start":{"line":14,"column":16},"end":{"line":14,"column":106}},"8":{"start":{"line":15,"column":16},"end":{"line":15,"column":41}},"9":{"start":{"line":17,"column":34},"end":{"line":20,"column":13}},"10":{"start":{"line":18,"column":16},"end":{"line":18,"column":77}},"11":{"start":{"line":19,"column":16},"end":{"line":19,"column":82}},"12":{"start":{"line":21,"column":12},"end":{"line":21,"column":70}},"13":{"start":{"line":22,"column":12},"end":{"line":22,"column":66}},"14":{"start":{"line":24,"column":8},"end":{"line":26,"column":10}},"15":{"start":{"line":25,"column":12},"end":{"line":25,"column":25}},"16":{"start":{"line":27,"column":8},"end":{"line":29,"column":10}},"17":{"start":{"line":28,"column":12},"end":{"line":28,"column":25}},"18":{"start":{"line":30,"column":8},"end":{"line":30,"column":75}},"19":{"start":{"line":33,"column":4},"end":{"line":35,"column":null}},"20":{"start":{"line":34,"column":8},"end":{"line":34,"column":33}},"21":{"start":{"line":37,"column":4},"end":{"line":44,"column":null}},"22":{"start":{"line":38,"column":27},"end":{"line":38,"column":162}},"23":{"start":{"line":39,"column":8},"end":{"line":43,"column":null}},"24":{"start":{"line":40,"column":12},"end":{"line":40,"column":59}},"25":{"start":{"line":42,"column":12},"end":{"line":42,"column":60}},"26":{"start":{"line":46,"column":4},"end":{"line":48,"column":null}},"27":{"start":{"line":47,"column":8},"end":{"line":47,"column":49}},"28":{"start":{"line":50,"column":4},"end":{"line":52,"column":null}},"29":{"start":{"line":51,"column":8},"end":{"line":51,"column":50}},"30":{"start":{"line":53,"column":0},"end":{"line":53,"column":null}},"31":{"start":{"line":55,"column":0},"end":{"line":55,"column":28}}},"fnMap":{"0":{"name":"(anonymous_0)","decl":{"start":{"line":3,"column":0},"end":{"line":3,"column":null}},"loc":{"start":{"line":3,"column":0},"end":{"line":53,"column":null}}},"1":{"name":"SliderHandle","decl":{"start":{"line":6,"column":4},"end":{"line":6,"column":null}},"loc":{"start":{"line":6,"column":4},"end":{"line":8,"column":5}}},"2":{"name":"(anonymous_2)","decl":{"start":{"line":10,"column":4},"end":{"line":10,"column":13}},"loc":{"start":{"line":10,"column":116},"end":{"line":31,"column":5}}},"3":{"name":"(anonymous_3)","decl":{"start":{"line":11,"column":32},"end":{"line":11,"column":null}},"loc":{"start":{"line":11,"column":32},"end":{"line":23,"column":9}}},"4":{"name":"(anonymous_4)","decl":{"start":{"line":12,"column":36},"end":{"line":12,"column":37}},"loc":{"start":{"line":12,"column":56},"end":{"line":16,"column":13}}},"5":{"name":"(anonymous_5)","decl":{"start":{"line":17,"column":34},"end":{"line":17,"column":null}},"loc":{"start":{"line":17,"column":34},"end":{"line":20,"column":13}}},"6":{"name":"(anonymous_6)","decl":{"start":{"line":24,"column":31},"end":{"line":24,"column":null}},"loc":{"start":{"line":24,"column":31},"end":{"line":26,"column":9}}},"7":{"name":"(anonymous_7)","decl":{"start":{"line":27,"column":38},"end":{"line":27,"column":null}},"loc":{"start":{"line":27,"column":38},"end":{"line":29,"column":9}}},"8":{"name":"(anonymous_8)","decl":{"start":{"line":33,"column":4},"end":{"line":33,"column":8}},"loc":{"start":{"line":33,"column":4},"end":{"line":35,"column":5}}},"9":{"name":"(anonymous_9)","decl":{"start":{"line":37,"column":4},"end":{"line":37,"column":14}},"loc":{"start":{"line":37,"column":54},"end":{"line":44,"column":5}}},"10":{"name":"(anonymous_10)","decl":{"start":{"line":46,"column":4},"end":{"line":46,"column":8}},"loc":{"start":{"line":46,"column":4},"end":{"line":48,"column":5}}},"11":{"name":"(anonymous_11)","decl":{"start":{"line":50,"column":4},"end":{"line":50,"column":8}},"loc":{"start":{"line":50,"column":4},"end":{"line":52,"column":5}}}},"branchMap":{"0":{"loc":{"start":{"line":13,"column":16},"end":{"line":13,"column":91}},"type":"cond-expr","locations":[{"start":{"line":13,"column":33},"end":{"line":13,"column":61}},{"start":{"line":13,"column":64},"end":{"line":13,"column":91}}]},"1":{"loc":{"start":{"line":14,"column":16},"end":{"line":14,"column":105}},"type":"cond-expr","locations":[{"start":{"line":14,"column":37},"end":{"line":14,"column":70}},{"start":{"line":14,"column":72},"end":{"line":14,"column":105}}]},"2":{"loc":{"start":{"line":39,"column":8},"end":{"line":43,"column":null}},"type":"if","locations":[{"start":{"line":39,"column":8},"end":{"line":43,"column":null}},{"start":{"line":41,"column":15},"end":{"line":43,"column":null}}]}},"s":{"0":4,"1":107,"2":4,"3":17,"4":17,"5":0,"6":0,"7":0,"8":0,"9":0,"10":0,"11":0,"12":0,"13":0,"14":17,"15":0,"16":17,"17":0,"18":17,"19":4,"20":135,"21":4,"22":45,"23":45,"24":3,"25":42,"26":4,"27":1,"28":4,"29":1,"30":4,"31":4},"f":{"0":4,"1":107,"2":17,"3":0,"4":0,"5":0,"6":0,"7":0,"8":135,"9":45,"10":1,"11":1},"b":{"0":[0,0],"1":[0,0],"2":[3,42]}}
,"C:\\Users\\bsam\\Documents\\Веб\\meta_lamp\\slider\\src\\plugin\\components\\View\\SliderTrack.ts": {"path":"C:\\Users\\bsam\\Documents\\Веб\\meta_lamp\\slider\\src\\plugin\\components\\View\\SliderTrack.ts","statementMap":{"0":{"start":{"line":3,"column":0},"end":{"line":3,"column":null}},"1":{"start":{"line":7,"column":8},"end":{"line":7,"column":57}},"2":{"start":{"line":10,"column":4},"end":{"line":12,"column":null}},"3":{"start":{"line":11,"column":8},"end":{"line":11,"column":66}},"4":{"start":{"line":14,"column":4},"end":{"line":66,"column":null}},"5":{"start":{"line":14,"column":4},"end":{"line":14,"column":17}},"6":{"start":{"line":15,"column":21},"end":{"line":55,"column":null}},"7":{"start":{"line":17,"column":46},"end":{"line":17,"column":113}},"8":{"start":{"line":18,"column":16},"end":{"line":24,"column":null}},"9":{"start":{"line":19,"column":20},"end":{"line":19,"column":54}},"10":{"start":{"line":20,"column":20},"end":{"line":20,"column":72}},"11":{"start":{"line":22,"column":20},"end":{"line":22,"column":55}},"12":{"start":{"line":23,"column":20},"end":{"line":23,"column":71}},"13":{"start":{"line":27,"column":46},"end":{"line":27,"column":113}},"14":{"start":{"line":28,"column":50},"end":{"line":28,"column":115}},"15":{"start":{"line":29,"column":16},"end":{"line":35,"column":null}},"16":{"start":{"line":30,"column":20},"end":{"line":30,"column":73}},"17":{"start":{"line":31,"column":20},"end":{"line":31,"column":72}},"18":{"start":{"line":33,"column":20},"end":{"line":33,"column":74}},"19":{"start":{"line":34,"column":20},"end":{"line":34,"column":71}},"20":{"start":{"line":38,"column":46},"end":{"line":38,"column":114}},"21":{"start":{"line":39,"column":46},"end":{"line":39,"column":112}},"22":{"start":{"line":40,"column":16},"end":{"line":46,"column":null}},"23":{"start":{"line":41,"column":20},"end":{"line":41,"column":69}},"24":{"start":{"line":42,"column":20},"end":{"line":42,"column":72}},"25":{"start":{"line":44,"column":20},"end":{"line":44,"column":70}},"26":{"start":{"line":45,"column":20},"end":{"line":45,"column":71}},"27":{"start":{"line":49,"column":16},"end":{"line":53,"column":null}},"28":{"start":{"line":50,"column":20},"end":{"line":50,"column":57}},"29":{"start":{"line":52,"column":20},"end":{"line":52,"column":56}},"30":{"start":{"line":56,"column":8},"end":{"line":65,"column":null}},"31":{"start":{"line":57,"column":24},"end":{"line":57,"column":42}},"32":{"start":{"line":58,"column":12},"end":{"line":58,"column":18}},"33":{"start":{"line":59,"column":24},"end":{"line":59,"column":42}},"34":{"start":{"line":60,"column":12},"end":{"line":60,"column":18}},"35":{"start":{"line":61,"column":25},"end":{"line":61,"column":44}},"36":{"start":{"line":62,"column":12},"end":{"line":62,"column":18}},"37":{"start":{"line":63,"column":21},"end":{"line":63,"column":36}},"38":{"start":{"line":64,"column":12},"end":{"line":64,"column":18}},"39":{"start":{"line":68,"column":4},"end":{"line":70,"column":null}},"40":{"start":{"line":69,"column":8},"end":{"line":69,"column":43}},"41":{"start":{"line":72,"column":4},"end":{"line":74,"column":null}},"42":{"start":{"line":73,"column":8},"end":{"line":73,"column":32}},"43":{"start":{"line":75,"column":0},"end":{"line":75,"column":null}},"44":{"start":{"line":77,"column":0},"end":{"line":77,"column":27}}},"fnMap":{"0":{"name":"(anonymous_0)","decl":{"start":{"line":3,"column":0},"end":{"line":3,"column":null}},"loc":{"start":{"line":3,"column":0},"end":{"line":75,"column":null}}},"1":{"name":"SliderTrack","decl":{"start":{"line":6,"column":4},"end":{"line":6,"column":null}},"loc":{"start":{"line":6,"column":4},"end":{"line":8,"column":5}}},"2":{"name":"(anonymous_2)","decl":{"start":{"line":10,"column":4},"end":{"line":10,"column":10}},"loc":{"start":{"line":10,"column":4},"end":{"line":12,"column":5}}},"3":{"name":"(anonymous_3)","decl":{"start":{"line":14,"column":4},"end":{"line":14,"column":17}},"loc":{"start":{"line":14,"column":42},"end":{"line":66,"column":5}}},"4":{"name":"(anonymous_4)","decl":{"start":{"line":16,"column":17},"end":{"line":16,"column":18}},"loc":{"start":{"line":16,"column":42},"end":{"line":25,"column":13}}},"5":{"name":"(anonymous_5)","decl":{"start":{"line":26,"column":17},"end":{"line":26,"column":18}},"loc":{"start":{"line":26,"column":42},"end":{"line":36,"column":13}}},"6":{"name":"(anonymous_6)","decl":{"start":{"line":37,"column":18},"end":{"line":37,"column":19}},"loc":{"start":{"line":37,"column":43},"end":{"line":47,"column":13}}},"7":{"name":"(anonymous_7)","decl":{"start":{"line":48,"column":21},"end":{"line":48,"column":null}},"loc":{"start":{"line":48,"column":21},"end":{"line":54,"column":13}}},"8":{"name":"(anonymous_8)","decl":{"start":{"line":68,"column":4},"end":{"line":68,"column":8}},"loc":{"start":{"line":68,"column":4},"end":{"line":70,"column":5}}},"9":{"name":"(anonymous_9)","decl":{"start":{"line":72,"column":4},"end":{"line":72,"column":8}},"loc":{"start":{"line":72,"column":4},"end":{"line":74,"column":5}}}},"branchMap":{"0":{"loc":{"start":{"line":18,"column":16},"end":{"line":24,"column":null}},"type":"if","locations":[{"start":{"line":18,"column":16},"end":{"line":24,"column":null}},{"start":{"line":21,"column":23},"end":{"line":24,"column":null}}]},"1":{"loc":{"start":{"line":29,"column":16},"end":{"line":35,"column":null}},"type":"if","locations":[{"start":{"line":29,"column":16},"end":{"line":35,"column":null}},{"start":{"line":32,"column":23},"end":{"line":35,"column":null}}]},"2":{"loc":{"start":{"line":40,"column":16},"end":{"line":46,"column":null}},"type":"if","locations":[{"start":{"line":40,"column":16},"end":{"line":46,"column":null}},{"start":{"line":43,"column":23},"end":{"line":46,"column":null}}]},"3":{"loc":{"start":{"line":49,"column":16},"end":{"line":53,"column":null}},"type":"if","locations":[{"start":{"line":49,"column":16},"end":{"line":53,"column":null}},{"start":{"line":51,"column":23},"end":{"line":53,"column":null}}]},"4":{"loc":{"start":{"line":56,"column":8},"end":{"line":65,"column":null}},"type":"switch","locations":[{"start":{"line":57,"column":12},"end":{"line":58,"column":18}},{"start":{"line":59,"column":12},"end":{"line":60,"column":18}},{"start":{"line":61,"column":12},"end":{"line":62,"column":18}},{"start":{"line":63,"column":12},"end":{"line":64,"column":18}}]}},"s":{"0":5,"1":54,"2":5,"3":27,"4":5,"5":40,"6":40,"7":2,"8":2,"9":1,"10":1,"11":1,"12":1,"13":2,"14":2,"15":2,"16":1,"17":1,"18":1,"19":1,"20":4,"21":4,"22":4,"23":1,"24":1,"25":3,"26":3,"27":32,"28":3,"29":29,"30":40,"31":2,"32":2,"33":2,"34":2,"35":4,"36":4,"37":32,"38":32,"39":5,"40":4,"41":5,"42":78,"43":5,"44":5},"f":{"0":5,"1":54,"2":27,"3":40,"4":2,"5":2,"6":4,"7":32,"8":4,"9":78},"b":{"0":[1,1],"1":[1,1],"2":[1,3],"3":[3,29],"4":[2,2,4,32]}}
,"C:\\Users\\bsam\\Documents\\Веб\\meta_lamp\\slider\\src\\plugin\\components\\View\\View.ts": {"path":"C:\\Users\\bsam\\Documents\\Веб\\meta_lamp\\slider\\src\\plugin\\components\\View\\View.ts","statementMap":{"0":{"start":{"line":1,"column":0},"end":{"line":1,"column":39}},"1":{"start":{"line":2,"column":0},"end":{"line":2,"column":42}},"2":{"start":{"line":3,"column":0},"end":{"line":3,"column":30}},"3":{"start":{"line":4,"column":0},"end":{"line":4,"column":42}},"4":{"start":{"line":6,"column":0},"end":{"line":6,"column":44}},"5":{"start":{"line":17,"column":0},"end":{"line":17,"column":null}},"6":{"start":{"line":17,"column":19},"end":{"line":17,"column":27}},"7":{"start":{"line":22,"column":8},"end":{"line":22,"column":null}},"8":{"start":{"line":23,"column":8},"end":{"line":30,"column":null}},"9":{"start":{"line":31,"column":23},"end":{"line":31,"column":50}},"10":{"start":{"line":32,"column":8},"end":{"line":34,"column":null}},"11":{"start":{"line":33,"column":12},"end":{"line":33,"column":40}},"12":{"start":{"line":35,"column":8},"end":{"line":35,"column":29}},"13":{"start":{"line":39,"column":4},"end":{"line":70,"column":null}},"14":{"start":{"line":40,"column":8},"end":{"line":40,"column":63}},"15":{"start":{"line":41,"column":8},"end":{"line":41,"column":73}},"16":{"start":{"line":42,"column":8},"end":{"line":42,"column":74}},"17":{"start":{"line":43,"column":8},"end":{"line":43,"column":107}},"18":{"start":{"line":44,"column":8},"end":{"line":44,"column":82}},"19":{"start":{"line":45,"column":8},"end":{"line":45,"column":47}},"20":{"start":{"line":46,"column":8},"end":{"line":46,"column":95}},"21":{"start":{"line":47,"column":8},"end":{"line":47,"column":89}},"22":{"start":{"line":48,"column":8},"end":{"line":59,"column":null}},"23":{"start":{"line":49,"column":12},"end":{"line":49,"column":79}},"24":{"start":{"line":50,"column":12},"end":{"line":50,"column":113}},"25":{"start":{"line":51,"column":12},"end":{"line":53,"column":null}},"26":{"start":{"line":52,"column":16},"end":{"line":52,"column":45}},"27":{"start":{"line":54,"column":12},"end":{"line":54,"column":100}},"28":{"start":{"line":55,"column":12},"end":{"line":55,"column":94}},"29":{"start":{"line":56,"column":12},"end":{"line":56,"column":98}},"30":{"start":{"line":57,"column":12},"end":{"line":57,"column":41}},"31":{"start":{"line":58,"column":12},"end":{"line":58,"column":38}},"32":{"start":{"line":60,"column":8},"end":{"line":66,"column":null}},"33":{"start":{"line":61,"column":12},"end":{"line":61,"column":48}},"34":{"start":{"line":62,"column":12},"end":{"line":62,"column":49}},"35":{"start":{"line":64,"column":12},"end":{"line":64,"column":48}},"36":{"start":{"line":65,"column":12},"end":{"line":65,"column":49}},"37":{"start":{"line":67,"column":8},"end":{"line":67,"column":36}},"38":{"start":{"line":68,"column":8},"end":{"line":68,"column":34}},"39":{"start":{"line":69,"column":8},"end":{"line":69,"column":61}},"40":{"start":{"line":72,"column":4},"end":{"line":77,"column":null}},"41":{"start":{"line":73,"column":8},"end":{"line":73,"column":43}},"42":{"start":{"line":74,"column":8},"end":{"line":76,"column":null}},"43":{"start":{"line":75,"column":12},"end":{"line":75,"column":45}},"44":{"start":{"line":79,"column":4},"end":{"line":82,"column":null}},"45":{"start":{"line":80,"column":8},"end":{"line":80,"column":97}},"46":{"start":{"line":81,"column":8},"end":{"line":81,"column":98}},"47":{"start":{"line":84,"column":4},"end":{"line":86,"column":null}},"48":{"start":{"line":85,"column":8},"end":{"line":85,"column":33}},"49":{"start":{"line":88,"column":4},"end":{"line":90,"column":null}},"50":{"start":{"line":89,"column":8},"end":{"line":89,"column":27}},"51":{"start":{"line":92,"column":4},"end":{"line":105,"column":null}},"52":{"start":{"line":93,"column":8},"end":{"line":99,"column":null}},"53":{"start":{"line":94,"column":12},"end":{"line":94,"column":91}},"54":{"start":{"line":95,"column":12},"end":{"line":95,"column":null}},"55":{"start":{"line":97,"column":12},"end":{"line":97,"column":89}},"56":{"start":{"line":98,"column":12},"end":{"line":98,"column":77}},"57":{"start":{"line":100,"column":8},"end":{"line":100,"column":42}},"58":{"start":{"line":101,"column":8},"end":{"line":104,"column":null}},"59":{"start":{"line":102,"column":12},"end":{"line":102,"column":45}},"60":{"start":{"line":103,"column":12},"end":{"line":103,"column":19}},"61":{"start":{"line":107,"column":12},"end":{"line":110,"column":null}},"62":{"start":{"line":108,"column":8},"end":{"line":108,"column":45}},"63":{"start":{"line":109,"column":8},"end":{"line":109,"column":104}},"64":{"start":{"line":112,"column":12},"end":{"line":115,"column":null}},"65":{"start":{"line":113,"column":8},"end":{"line":113,"column":45}},"66":{"start":{"line":114,"column":8},"end":{"line":114,"column":92}},"67":{"start":{"line":117,"column":12},"end":{"line":124,"column":null}},"68":{"start":{"line":118,"column":29},"end":{"line":118,"column":97}},"69":{"start":{"line":119,"column":30},"end":{"line":119,"column":99}},"70":{"start":{"line":120,"column":8},"end":{"line":122,"column":null}},"71":{"start":{"line":121,"column":12},"end":{"line":121,"column":24}},"72":{"start":{"line":123,"column":8},"end":{"line":123,"column":21}},"73":{"start":{"line":126,"column":4},"end":{"line":138,"column":null}},"74":{"start":{"line":127,"column":8},"end":{"line":127,"column":74}},"75":{"start":{"line":128,"column":8},"end":{"line":128,"column":75}},"76":{"start":{"line":129,"column":8},"end":{"line":129,"column":73}},"77":{"start":{"line":130,"column":8},"end":{"line":130,"column":70}},"78":{"start":{"line":131,"column":8},"end":{"line":131,"column":56}},"79":{"start":{"line":132,"column":8},"end":{"line":132,"column":87}},"80":{"start":{"line":133,"column":8},"end":{"line":133,"column":104}},"81":{"start":{"line":134,"column":8},"end":{"line":134,"column":105}},"82":{"start":{"line":135,"column":8},"end":{"line":135,"column":103}},"83":{"start":{"line":136,"column":8},"end":{"line":136,"column":98}},"84":{"start":{"line":137,"column":8},"end":{"line":137,"column":99}},"85":{"start":{"line":140,"column":4},"end":{"line":152,"column":null}},"86":{"start":{"line":141,"column":8},"end":{"line":141,"column":73}},"87":{"start":{"line":142,"column":8},"end":{"line":142,"column":74}},"88":{"start":{"line":143,"column":8},"end":{"line":143,"column":74}},"89":{"start":{"line":144,"column":8},"end":{"line":144,"column":69}},"90":{"start":{"line":145,"column":8},"end":{"line":145,"column":59}},"91":{"start":{"line":146,"column":8},"end":{"line":146,"column":90}},"92":{"start":{"line":147,"column":8},"end":{"line":147,"column":107}},"93":{"start":{"line":148,"column":8},"end":{"line":148,"column":108}},"94":{"start":{"line":149,"column":8},"end":{"line":149,"column":106}},"95":{"start":{"line":150,"column":8},"end":{"line":150,"column":101}},"96":{"start":{"line":151,"column":8},"end":{"line":151,"column":102}},"97":{"start":{"line":153,"column":0},"end":{"line":153,"column":null}},"98":{"start":{"line":155,"column":0},"end":{"line":155,"column":20}}},"fnMap":{"0":{"name":"(anonymous_7)","decl":{"start":{"line":17,"column":0},"end":{"line":17,"column":19}},"loc":{"start":{"line":17,"column":0},"end":{"line":153,"column":null}}},"1":{"name":"View","decl":{"start":{"line":21,"column":4},"end":{"line":21,"column":16}},"loc":{"start":{"line":21,"column":26},"end":{"line":37,"column":5}}},"2":{"name":"(anonymous_9)","decl":{"start":{"line":39,"column":4},"end":{"line":39,"column":17}},"loc":{"start":{"line":39,"column":42},"end":{"line":70,"column":5}}},"3":{"name":"(anonymous_10)","decl":{"start":{"line":72,"column":4},"end":{"line":72,"column":17}},"loc":{"start":{"line":72,"column":4},"end":{"line":77,"column":5}}},"4":{"name":"(anonymous_11)","decl":{"start":{"line":79,"column":4},"end":{"line":79,"column":14}},"loc":{"start":{"line":79,"column":39},"end":{"line":82,"column":5}}},"5":{"name":"(anonymous_12)","decl":{"start":{"line":84,"column":4},"end":{"line":84,"column":8}},"loc":{"start":{"line":84,"column":4},"end":{"line":86,"column":5}}},"6":{"name":"(anonymous_13)","decl":{"start":{"line":88,"column":4},"end":{"line":88,"column":8}},"loc":{"start":{"line":88,"column":4},"end":{"line":90,"column":5}}},"7":{"name":"(anonymous_14)","decl":{"start":{"line":92,"column":4},"end":{"line":92,"column":15}},"loc":{"start":{"line":92,"column":40},"end":{"line":105,"column":5}}},"8":{"name":"(anonymous_15)","decl":{"start":{"line":107,"column":4},"end":{"line":107,"column":12}},"loc":{"start":{"line":107,"column":55},"end":{"line":110,"column":5}}},"9":{"name":"(anonymous_16)","decl":{"start":{"line":112,"column":4},"end":{"line":112,"column":12}},"loc":{"start":{"line":112,"column":56},"end":{"line":115,"column":5}}},"10":{"name":"(anonymous_17)","decl":{"start":{"line":117,"column":4},"end":{"line":117,"column":12}},"loc":{"start":{"line":117,"column":66},"end":{"line":124,"column":5}}},"11":{"name":"(anonymous_18)","decl":{"start":{"line":126,"column":4},"end":{"line":126,"column":16}},"loc":{"start":{"line":126,"column":4},"end":{"line":138,"column":5}}},"12":{"name":"(anonymous_19)","decl":{"start":{"line":140,"column":4},"end":{"line":140,"column":18}},"loc":{"start":{"line":140,"column":4},"end":{"line":152,"column":5}}}},"branchMap":{"0":{"loc":{"start":{"line":22,"column":8},"end":{"line":22,"column":null}},"type":"binary-expr","locations":[{"start":{"line":22,"column":8},"end":{"line":22,"column":15}},{"start":{"line":22,"column":15},"end":{"line":22,"column":null}}]},"1":{"loc":{"start":{"line":32,"column":8},"end":{"line":34,"column":null}},"type":"if","locations":[{"start":{"line":32,"column":8},"end":{"line":34,"column":null}}]},"2":{"loc":{"start":{"line":48,"column":8},"end":{"line":59,"column":null}},"type":"if","locations":[{"start":{"line":48,"column":8},"end":{"line":59,"column":null}}]},"3":{"loc":{"start":{"line":51,"column":12},"end":{"line":53,"column":null}},"type":"if","locations":[{"start":{"line":51,"column":12},"end":{"line":53,"column":null}}]},"4":{"loc":{"start":{"line":60,"column":8},"end":{"line":66,"column":null}},"type":"if","locations":[{"start":{"line":60,"column":8},"end":{"line":66,"column":null}},{"start":{"line":63,"column":15},"end":{"line":66,"column":null}}]},"5":{"loc":{"start":{"line":75,"column":12},"end":{"line":75,"column":44}},"type":"cond-expr","locations":[{"start":{"line":75,"column":34},"end":{"line":75,"column":36}},{"start":{"line":75,"column":34},"end":{"line":75,"column":44}}]},"6":{"loc":{"start":{"line":75,"column":12},"end":{"line":75,"column":36}},"type":"binary-expr","locations":[{"start":{"line":75,"column":12},"end":{"line":75,"column":36}},{"start":{"line":75,"column":34},"end":{"line":75,"column":36}}]},"7":{"loc":{"start":{"line":81,"column":8},"end":{"line":81,"column":97}},"type":"cond-expr","locations":[{"start":{"line":81,"column":38},"end":{"line":81,"column":40}},{"start":{"line":81,"column":38},"end":{"line":81,"column":97}}]},"8":{"loc":{"start":{"line":81,"column":8},"end":{"line":81,"column":40}},"type":"binary-expr","locations":[{"start":{"line":81,"column":8},"end":{"line":81,"column":40}},{"start":{"line":81,"column":38},"end":{"line":81,"column":40}}]},"9":{"loc":{"start":{"line":93,"column":8},"end":{"line":99,"column":null}},"type":"if","locations":[{"start":{"line":93,"column":8},"end":{"line":99,"column":null}},{"start":{"line":96,"column":15},"end":{"line":99,"column":null}}]},"10":{"loc":{"start":{"line":93,"column":12},"end":{"line":93,"column":81}},"type":"binary-expr","locations":[{"start":{"line":93,"column":12},"end":{"line":93,"column":42}},{"start":{"line":93,"column":46},"end":{"line":93,"column":81}}]},"11":{"loc":{"start":{"line":101,"column":8},"end":{"line":104,"column":null}},"type":"if","locations":[{"start":{"line":101,"column":8},"end":{"line":104,"column":null}}]},"12":{"loc":{"start":{"line":101,"column":12},"end":{"line":101,"column":83}},"type":"binary-expr","locations":[{"start":{"line":101,"column":12},"end":{"line":101,"column":36}},{"start":{"line":101,"column":40},"end":{"line":101,"column":83}}]},"13":{"loc":{"start":{"line":120,"column":8},"end":{"line":122,"column":null}},"type":"if","locations":[{"start":{"line":120,"column":8},"end":{"line":122,"column":null}}]},"14":{"loc":{"start":{"line":120,"column":12},"end":{"line":120,"column":139}},"type":"binary-expr","locations":[{"start":{"line":120,"column":12},"end":{"line":120,"column":30}},{"start":{"line":120,"column":34},"end":{"line":120,"column":73}},{"start":{"line":120,"column":77},"end":{"line":120,"column":96}},{"start":{"line":120,"column":100},"end":{"line":120,"column":139}}]}},"s":{"0":4,"1":4,"2":4,"3":4,"4":4,"5":4,"6":4,"7":51,"8":51,"9":51,"10":51,"11":0,"12":51,"13":4,"14":26,"15":26,"16":26,"17":26,"18":26,"19":26,"20":26,"21":26,"22":26,"23":1,"24":1,"25":1,"26":1,"27":1,"28":1,"29":1,"30":1,"31":1,"32":26,"33":0,"34":0,"35":26,"36":26,"37":26,"38":26,"39":26,"40":4,"41":21,"42":21,"43":7,"44":4,"45":8,"46":8,"47":4,"48":60,"49":4,"50":27,"51":4,"52":44,"53":8,"54":8,"55":36,"56":36,"57":44,"58":44,"59":0,"60":0,"61":4,"62":2,"63":2,"64":4,"65":46,"66":46,"67":4,"68":12,"69":12,"70":12,"71":0,"72":12,"73":4,"74":5,"75":5,"76":5,"77":5,"78":5,"79":5,"80":5,"81":5,"82":5,"83":5,"84":5,"85":4,"86":5,"87":5,"88":5,"89":5,"90":5,"91":5,"92":5,"93":5,"94":5,"95":5,"96":5,"97":4,"98":4},"f":{"0":4,"1":51,"2":26,"3":21,"4":8,"5":60,"6":27,"7":44,"8":2,"9":46,"10":12,"11":5,"12":5},"b":{"0":[51,51],"1":[0],"2":[1],"3":[1],"4":[0,26],"5":[0,7],"6":[7,7],"7":[0,8],"8":[8,8],"9":[8,36],"10":[44,36],"11":[0],"12":[44,12],"13":[0],"14":[12,0,12,12]}}
,"C:\\Users\\bsam\\Documents\\Веб\\meta_lamp\\slider\\src\\plugin\\components\\View\\СurrentValue.ts": {"path":"C:\\Users\\bsam\\Documents\\Веб\\meta_lamp\\slider\\src\\plugin\\components\\View\\СurrentValue.ts","statementMap":{"0":{"start":{"line":1,"column":0},"end":{"line":1,"column":null}},"1":{"start":{"line":5,"column":8},"end":{"line":5,"column":58}},"2":{"start":{"line":8,"column":4},"end":{"line":10,"column":null}},"3":{"start":{"line":9,"column":8},"end":{"line":9,"column":33}},"4":{"start":{"line":12,"column":4},"end":{"line":14,"column":null}},"5":{"start":{"line":13,"column":8},"end":{"line":13,"column":46}},"6":{"start":{"line":16,"column":4},"end":{"line":18,"column":null}},"7":{"start":{"line":17,"column":8},"end":{"line":17,"column":49}},"8":{"start":{"line":20,"column":4},"end":{"line":22,"column":null}},"9":{"start":{"line":21,"column":8},"end":{"line":21,"column":50}},"10":{"start":{"line":23,"column":0},"end":{"line":23,"column":null}},"11":{"start":{"line":25,"column":0},"end":{"line":25,"column":28}}},"fnMap":{"0":{"name":"(anonymous_0)","decl":{"start":{"line":1,"column":0},"end":{"line":1,"column":null}},"loc":{"start":{"line":1,"column":0},"end":{"line":23,"column":null}}},"1":{"name":"CurrentValue","decl":{"start":{"line":4,"column":4},"end":{"line":4,"column":null}},"loc":{"start":{"line":4,"column":4},"end":{"line":6,"column":5}}},"2":{"name":"(anonymous_2)","decl":{"start":{"line":8,"column":4},"end":{"line":8,"column":8}},"loc":{"start":{"line":8,"column":4},"end":{"line":10,"column":5}}},"3":{"name":"(anonymous_3)","decl":{"start":{"line":12,"column":4},"end":{"line":12,"column":25}},"loc":{"start":{"line":12,"column":39},"end":{"line":14,"column":5}}},"4":{"name":"(anonymous_4)","decl":{"start":{"line":16,"column":4},"end":{"line":16,"column":8}},"loc":{"start":{"line":16,"column":4},"end":{"line":18,"column":5}}},"5":{"name":"(anonymous_5)","decl":{"start":{"line":20,"column":4},"end":{"line":20,"column":8}},"loc":{"start":{"line":20,"column":4},"end":{"line":22,"column":5}}}},"branchMap":{},"s":{"0":5,"1":106,"2":5,"3":157,"4":5,"5":45,"6":5,"7":3,"8":5,"9":99,"10":5,"11":5},"f":{"0":5,"1":106,"2":157,"3":45,"4":3,"5":99},"b":{}}
}
