{"C:\\Users\\bsam\\Documents\\Веб\\meta_lamp\\slider\\src\\plugin\\components\\Model\\Model.ts": {"path":"C:\\Users\\bsam\\Documents\\Веб\\meta_lamp\\slider\\src\\plugin\\components\\Model\\Model.ts","statementMap":{"0":{"start":{"line":1,"column":0},"end":{"line":1,"column":44}},"1":{"start":{"line":13,"column":0},"end":{"line":13,"column":null}},"2":{"start":{"line":13,"column":20},"end":{"line":13,"column":28}},"3":{"start":{"line":16,"column":8},"end":{"line":16,"column":null}},"4":{"start":{"line":174,"column":12},"end":{"line":179,"column":null}},"5":{"start":{"line":175,"column":8},"end":{"line":177,"column":null}},"6":{"start":{"line":176,"column":12},"end":{"line":176,"column":57}},"7":{"start":{"line":178,"column":8},"end":{"line":178,"column":17}},"8":{"start":{"line":17,"column":8},"end":{"line":17,"column":43}},"9":{"start":{"line":20,"column":4},"end":{"line":35,"column":null}},"10":{"start":{"line":21,"column":25},"end":{"line":21,"column":62}},"11":{"start":{"line":22,"column":41},"end":{"line":22,"column":158}},"12":{"start":{"line":23,"column":8},"end":{"line":25,"column":null}},"13":{"start":{"line":24,"column":12},"end":{"line":24,"column":69}},"14":{"start":{"line":26,"column":8},"end":{"line":28,"column":null}},"15":{"start":{"line":27,"column":12},"end":{"line":27,"column":93}},"16":{"start":{"line":29,"column":8},"end":{"line":31,"column":null}},"17":{"start":{"line":30,"column":12},"end":{"line":30,"column":51}},"18":{"start":{"line":32,"column":8},"end":{"line":34,"column":null}},"19":{"start":{"line":33,"column":12},"end":{"line":33,"column":50}},"20":{"start":{"line":37,"column":4},"end":{"line":40,"column":null}},"21":{"start":{"line":38,"column":8},"end":{"line":38,"column":43}},"22":{"start":{"line":39,"column":8},"end":{"line":39,"column":39}},"23":{"start":{"line":42,"column":4},"end":{"line":65,"column":null}},"24":{"start":{"line":43,"column":28},"end":{"line":43,"column":188}},"25":{"start":{"line":44,"column":33},"end":{"line":44,"column":70}},"26":{"start":{"line":45,"column":50},"end":{"line":45,"column":199}},"27":{"start":{"line":46,"column":8},"end":{"line":50,"column":null}},"28":{"start":{"line":47,"column":12},"end":{"line":47,"column":174}},"29":{"start":{"line":49,"column":12},"end":{"line":49,"column":154}},"30":{"start":{"line":51,"column":8},"end":{"line":51,"column":52}},"31":{"start":{"line":52,"column":8},"end":{"line":64,"column":null}},"32":{"start":{"line":53,"column":12},"end":{"line":63,"column":null}},"33":{"start":{"line":54,"column":16},"end":{"line":56,"column":null}},"34":{"start":{"line":55,"column":20},"end":{"line":55,"column":27}},"35":{"start":{"line":57,"column":16},"end":{"line":57,"column":44}},"36":{"start":{"line":59,"column":16},"end":{"line":61,"column":null}},"37":{"start":{"line":60,"column":20},"end":{"line":60,"column":27}},"38":{"start":{"line":62,"column":16},"end":{"line":62,"column":43}},"39":{"start":{"line":67,"column":4},"end":{"line":90,"column":null}},"40":{"start":{"line":68,"column":33},"end":{"line":68,"column":70}},"41":{"start":{"line":69,"column":53},"end":{"line":69,"column":123}},"42":{"start":{"line":70,"column":8},"end":{"line":88,"column":null}},"43":{"start":{"line":71,"column":12},"end":{"line":71,"column":37}},"44":{"start":{"line":72,"column":15},"end":{"line":88,"column":null}},"45":{"start":{"line":73,"column":12},"end":{"line":79,"column":null}},"46":{"start":{"line":74,"column":16},"end":{"line":74,"column":64}},"47":{"start":{"line":75,"column":19},"end":{"line":79,"column":null}},"48":{"start":{"line":76,"column":16},"end":{"line":76,"column":99}},"49":{"start":{"line":78,"column":16},"end":{"line":78,"column":78}},"50":{"start":{"line":81,"column":12},"end":{"line":87,"column":null}},"51":{"start":{"line":82,"column":16},"end":{"line":82,"column":41}},"52":{"start":{"line":83,"column":19},"end":{"line":87,"column":null}},"53":{"start":{"line":84,"column":16},"end":{"line":84,"column":99}},"54":{"start":{"line":86,"column":16},"end":{"line":86,"column":78}},"55":{"start":{"line":89,"column":8},"end":{"line":89,"column":65}},"56":{"start":{"line":92,"column":4},"end":{"line":109,"column":null}},"57":{"start":{"line":93,"column":33},"end":{"line":93,"column":70}},"58":{"start":{"line":94,"column":53},"end":{"line":94,"column":123}},"59":{"start":{"line":95,"column":8},"end":{"line":108,"column":null}},"60":{"start":{"line":96,"column":12},"end":{"line":106,"column":null}},"61":{"start":{"line":97,"column":16},"end":{"line":97,"column":41}},"62":{"start":{"line":99,"column":17},"end":{"line":106,"column":null}},"63":{"start":{"line":100,"column":16},"end":{"line":100,"column":63}},"64":{"start":{"line":102,"column":17},"end":{"line":106,"column":null}},"65":{"start":{"line":103,"column":16},"end":{"line":103,"column":99}},"66":{"start":{"line":105,"column":16},"end":{"line":105,"column":78}},"67":{"start":{"line":107,"column":12},"end":{"line":107,"column":70}},"68":{"start":{"line":111,"column":4},"end":{"line":128,"column":null}},"69":{"start":{"line":112,"column":8},"end":{"line":126,"column":null}},"70":{"start":{"line":113,"column":37},"end":{"line":113,"column":74}},"71":{"start":{"line":114,"column":46},"end":{"line":114,"column":150}},"72":{"start":{"line":115,"column":12},"end":{"line":124,"column":null}},"73":{"start":{"line":116,"column":16},"end":{"line":116,"column":39}},"74":{"start":{"line":117,"column":16},"end":{"line":119,"column":null}},"75":{"start":{"line":118,"column":20},"end":{"line":118,"column":58}},"76":{"start":{"line":120,"column":16},"end":{"line":122,"column":null}},"77":{"start":{"line":121,"column":20},"end":{"line":121,"column":59}},"78":{"start":{"line":123,"column":16},"end":{"line":123,"column":26}},"79":{"start":{"line":125,"column":12},"end":{"line":125,"column":98}},"80":{"start":{"line":127,"column":8},"end":{"line":127,"column":55}},"81":{"start":{"line":130,"column":4},"end":{"line":146,"column":null}},"82":{"start":{"line":131,"column":8},"end":{"line":144,"column":null}},"83":{"start":{"line":132,"column":37},"end":{"line":132,"column":74}},"84":{"start":{"line":133,"column":46},"end":{"line":133,"column":150}},"85":{"start":{"line":134,"column":12},"end":{"line":142,"column":null}},"86":{"start":{"line":135,"column":16},"end":{"line":135,"column":39}},"87":{"start":{"line":136,"column":16},"end":{"line":140,"column":null}},"88":{"start":{"line":137,"column":20},"end":{"line":137,"column":59}},"89":{"start":{"line":138,"column":23},"end":{"line":140,"column":null}},"90":{"start":{"line":139,"column":20},"end":{"line":139,"column":58}},"91":{"start":{"line":141,"column":16},"end":{"line":141,"column":26}},"92":{"start":{"line":143,"column":12},"end":{"line":143,"column":98}},"93":{"start":{"line":145,"column":8},"end":{"line":145,"column":55}},"94":{"start":{"line":148,"column":4},"end":{"line":156,"column":null}},"95":{"start":{"line":149,"column":33},"end":{"line":149,"column":57}},"96":{"start":{"line":150,"column":42},"end":{"line":150,"column":146}},"97":{"start":{"line":151,"column":8},"end":{"line":154,"column":null}},"98":{"start":{"line":152,"column":12},"end":{"line":152,"column":37}},"99":{"start":{"line":153,"column":12},"end":{"line":153,"column":22}},"100":{"start":{"line":155,"column":8},"end":{"line":155,"column":94}},"101":{"start":{"line":158,"column":4},"end":{"line":164,"column":null}},"102":{"start":{"line":159,"column":8},"end":{"line":163,"column":null}},"103":{"start":{"line":160,"column":12},"end":{"line":160,"column":39}},"104":{"start":{"line":162,"column":12},"end":{"line":162,"column":41}},"105":{"start":{"line":166,"column":4},"end":{"line":168,"column":null}},"106":{"start":{"line":167,"column":8},"end":{"line":167,"column":48}},"107":{"start":{"line":170,"column":4},"end":{"line":172,"column":null}},"108":{"start":{"line":171,"column":8},"end":{"line":171,"column":45}},"109":{"start":{"line":181,"column":4},"end":{"line":183,"column":null}},"110":{"start":{"line":182,"column":8},"end":{"line":182,"column":28}},"111":{"start":{"line":184,"column":0},"end":{"line":184,"column":null}},"112":{"start":{"line":186,"column":0},"end":{"line":186,"column":21}}},"fnMap":{"0":{"name":"(anonymous_7)","decl":{"start":{"line":13,"column":0},"end":{"line":13,"column":20}},"loc":{"start":{"line":13,"column":0},"end":{"line":184,"column":null}}},"1":{"name":"Model","decl":{"start":{"line":15,"column":4},"end":{"line":15,"column":16}},"loc":{"start":{"line":15,"column":27},"end":{"line":18,"column":5}}},"2":{"name":"(anonymous_9)","decl":{"start":{"line":174,"column":28},"end":{"line":174,"column":29}},"loc":{"start":{"line":174,"column":42},"end":{"line":179,"column":5}}},"3":{"name":"(anonymous_10)","decl":{"start":{"line":20,"column":4},"end":{"line":20,"column":19}},"loc":{"start":{"line":20,"column":4},"end":{"line":35,"column":5}}},"4":{"name":"(anonymous_11)","decl":{"start":{"line":37,"column":4},"end":{"line":37,"column":12}},"loc":{"start":{"line":37,"column":47},"end":{"line":40,"column":5}}},"5":{"name":"(anonymous_12)","decl":{"start":{"line":42,"column":4},"end":{"line":42,"column":13}},"loc":{"start":{"line":42,"column":4},"end":{"line":65,"column":5}}},"6":{"name":"(anonymous_13)","decl":{"start":{"line":67,"column":4},"end":{"line":67,"column":20}},"loc":{"start":{"line":67,"column":34},"end":{"line":90,"column":5}}},"7":{"name":"(anonymous_14)","decl":{"start":{"line":92,"column":4},"end":{"line":92,"column":21}},"loc":{"start":{"line":92,"column":35},"end":{"line":109,"column":5}}},"8":{"name":"(anonymous_15)","decl":{"start":{"line":111,"column":4},"end":{"line":111,"column":15}},"loc":{"start":{"line":111,"column":27},"end":{"line":128,"column":5}}},"9":{"name":"(anonymous_16)","decl":{"start":{"line":130,"column":4},"end":{"line":130,"column":15}},"loc":{"start":{"line":130,"column":27},"end":{"line":146,"column":5}}},"10":{"name":"(anonymous_17)","decl":{"start":{"line":148,"column":4},"end":{"line":148,"column":11}},"loc":{"start":{"line":148,"column":24},"end":{"line":156,"column":5}}},"11":{"name":"(anonymous_18)","decl":{"start":{"line":158,"column":4},"end":{"line":158,"column":12}},"loc":{"start":{"line":158,"column":26},"end":{"line":164,"column":5}}},"12":{"name":"(anonymous_19)","decl":{"start":{"line":166,"column":4},"end":{"line":166,"column":17}},"loc":{"start":{"line":166,"column":36},"end":{"line":168,"column":5}}},"13":{"name":"(anonymous_20)","decl":{"start":{"line":170,"column":4},"end":{"line":170,"column":19}},"loc":{"start":{"line":170,"column":39},"end":{"line":172,"column":5}}},"14":{"name":"(anonymous_21)","decl":{"start":{"line":181,"column":4},"end":{"line":181,"column":8}},"loc":{"start":{"line":181,"column":4},"end":{"line":183,"column":5}}}},"branchMap":{"0":{"loc":{"start":{"line":16,"column":8},"end":{"line":16,"column":null}},"type":"binary-expr","locations":[{"start":{"line":16,"column":8},"end":{"line":16,"column":15}},{"start":{"line":16,"column":15},"end":{"line":16,"column":null}}]},"1":{"loc":{"start":{"line":175,"column":8},"end":{"line":177,"column":null}},"type":"if","locations":[{"start":{"line":175,"column":8},"end":{"line":177,"column":null}}]},"2":{"loc":{"start":{"line":23,"column":8},"end":{"line":25,"column":null}},"type":"if","locations":[{"start":{"line":23,"column":8},"end":{"line":25,"column":null}}]},"3":{"loc":{"start":{"line":26,"column":8},"end":{"line":28,"column":null}},"type":"if","locations":[{"start":{"line":26,"column":8},"end":{"line":28,"column":null}}]},"4":{"loc":{"start":{"line":26,"column":12},"end":{"line":26,"column":53}},"type":"binary-expr","locations":[{"start":{"line":26,"column":12},"end":{"line":26,"column":27}},{"start":{"line":26,"column":31},"end":{"line":26,"column":53}}]},"5":{"loc":{"start":{"line":29,"column":8},"end":{"line":31,"column":null}},"type":"if","locations":[{"start":{"line":29,"column":8},"end":{"line":31,"column":null}}]},"6":{"loc":{"start":{"line":29,"column":12},"end":{"line":29,"column":93}},"type":"binary-expr","locations":[{"start":{"line":29,"column":12},"end":{"line":29,"column":50}},{"start":{"line":29,"column":54},"end":{"line":29,"column":93}}]},"7":{"loc":{"start":{"line":32,"column":8},"end":{"line":34,"column":null}},"type":"if","locations":[{"start":{"line":32,"column":8},"end":{"line":34,"column":null}}]},"8":{"loc":{"start":{"line":32,"column":12},"end":{"line":32,"column":135}},"type":"binary-expr","locations":[{"start":{"line":32,"column":12},"end":{"line":32,"column":49}},{"start":{"line":32,"column":53},"end":{"line":32,"column":90}},{"start":{"line":32,"column":94},"end":{"line":32,"column":135}}]},"9":{"loc":{"start":{"line":46,"column":8},"end":{"line":50,"column":null}},"type":"if","locations":[{"start":{"line":46,"column":8},"end":{"line":50,"column":null}},{"start":{"line":48,"column":15},"end":{"line":50,"column":null}}]},"10":{"loc":{"start":{"line":52,"column":8},"end":{"line":64,"column":null}},"type":"if","locations":[{"start":{"line":52,"column":8},"end":{"line":64,"column":null}}]},"11":{"loc":{"start":{"line":52,"column":12},"end":{"line":52,"column":66}},"type":"binary-expr","locations":[{"start":{"line":52,"column":12},"end":{"line":52,"column":37}},{"start":{"line":52,"column":41},"end":{"line":52,"column":66}}]},"12":{"loc":{"start":{"line":53,"column":12},"end":{"line":63,"column":null}},"type":"if","locations":[{"start":{"line":53,"column":12},"end":{"line":63,"column":null}},{"start":{"line":58,"column":19},"end":{"line":63,"column":null}}]},"13":{"loc":{"start":{"line":54,"column":16},"end":{"line":56,"column":null}},"type":"if","locations":[{"start":{"line":54,"column":16},"end":{"line":56,"column":null}}]},"14":{"loc":{"start":{"line":59,"column":16},"end":{"line":61,"column":null}},"type":"if","locations":[{"start":{"line":59,"column":16},"end":{"line":61,"column":null}}]},"15":{"loc":{"start":{"line":59,"column":20},"end":{"line":59,"column":81}},"type":"binary-expr","locations":[{"start":{"line":59,"column":20},"end":{"line":59,"column":49}},{"start":{"line":59,"column":53},"end":{"line":59,"column":81}}]},"16":{"loc":{"start":{"line":70,"column":8},"end":{"line":88,"column":null}},"type":"if","locations":[{"start":{"line":70,"column":8},"end":{"line":88,"column":null}},{"start":{"line":72,"column":15},"end":{"line":88,"column":null}}]},"17":{"loc":{"start":{"line":72,"column":15},"end":{"line":88,"column":null}},"type":"if","locations":[{"start":{"line":72,"column":15},"end":{"line":88,"column":null}},{"start":{"line":80,"column":15},"end":{"line":88,"column":null}}]},"18":{"loc":{"start":{"line":72,"column":19},"end":{"line":72,"column":71}},"type":"binary-expr","locations":[{"start":{"line":72,"column":19},"end":{"line":72,"column":48}},{"start":{"line":72,"column":52},"end":{"line":72,"column":71}}]},"19":{"loc":{"start":{"line":73,"column":12},"end":{"line":79,"column":null}},"type":"if","locations":[{"start":{"line":73,"column":12},"end":{"line":79,"column":null}},{"start":{"line":75,"column":19},"end":{"line":79,"column":null}}]},"20":{"loc":{"start":{"line":75,"column":19},"end":{"line":79,"column":null}},"type":"if","locations":[{"start":{"line":75,"column":19},"end":{"line":79,"column":null}},{"start":{"line":77,"column":19},"end":{"line":79,"column":null}}]},"21":{"loc":{"start":{"line":81,"column":12},"end":{"line":87,"column":null}},"type":"if","locations":[{"start":{"line":81,"column":12},"end":{"line":87,"column":null}},{"start":{"line":83,"column":19},"end":{"line":87,"column":null}}]},"22":{"loc":{"start":{"line":83,"column":19},"end":{"line":87,"column":null}},"type":"if","locations":[{"start":{"line":83,"column":19},"end":{"line":87,"column":null}},{"start":{"line":85,"column":19},"end":{"line":87,"column":null}}]},"23":{"loc":{"start":{"line":95,"column":8},"end":{"line":108,"column":null}},"type":"if","locations":[{"start":{"line":95,"column":8},"end":{"line":108,"column":null}}]},"24":{"loc":{"start":{"line":96,"column":12},"end":{"line":106,"column":null}},"type":"if","locations":[{"start":{"line":96,"column":12},"end":{"line":106,"column":null}},{"start":{"line":99,"column":17},"end":{"line":106,"column":null}}]},"25":{"loc":{"start":{"line":99,"column":17},"end":{"line":106,"column":null}},"type":"if","locations":[{"start":{"line":99,"column":17},"end":{"line":106,"column":null}},{"start":{"line":102,"column":17},"end":{"line":106,"column":null}}]},"26":{"loc":{"start":{"line":102,"column":17},"end":{"line":106,"column":null}},"type":"if","locations":[{"start":{"line":102,"column":17},"end":{"line":106,"column":null}},{"start":{"line":104,"column":19},"end":{"line":106,"column":null}}]},"27":{"loc":{"start":{"line":112,"column":8},"end":{"line":126,"column":null}},"type":"if","locations":[{"start":{"line":112,"column":8},"end":{"line":126,"column":null}}]},"28":{"loc":{"start":{"line":115,"column":12},"end":{"line":124,"column":null}},"type":"if","locations":[{"start":{"line":115,"column":12},"end":{"line":124,"column":null}}]},"29":{"loc":{"start":{"line":117,"column":16},"end":{"line":119,"column":null}},"type":"if","locations":[{"start":{"line":117,"column":16},"end":{"line":119,"column":null}}]},"30":{"loc":{"start":{"line":120,"column":16},"end":{"line":122,"column":null}},"type":"if","locations":[{"start":{"line":120,"column":16},"end":{"line":122,"column":null}}]},"31":{"loc":{"start":{"line":120,"column":20},"end":{"line":120,"column":91}},"type":"binary-expr","locations":[{"start":{"line":120,"column":20},"end":{"line":120,"column":49}},{"start":{"line":120,"column":53},"end":{"line":120,"column":91}}]},"32":{"loc":{"start":{"line":131,"column":8},"end":{"line":144,"column":null}},"type":"if","locations":[{"start":{"line":131,"column":8},"end":{"line":144,"column":null}}]},"33":{"loc":{"start":{"line":134,"column":12},"end":{"line":142,"column":null}},"type":"if","locations":[{"start":{"line":134,"column":12},"end":{"line":142,"column":null}}]},"34":{"loc":{"start":{"line":136,"column":16},"end":{"line":140,"column":null}},"type":"if","locations":[{"start":{"line":136,"column":16},"end":{"line":140,"column":null}},{"start":{"line":138,"column":23},"end":{"line":140,"column":null}}]},"35":{"loc":{"start":{"line":136,"column":20},"end":{"line":136,"column":91}},"type":"binary-expr","locations":[{"start":{"line":136,"column":20},"end":{"line":136,"column":49}},{"start":{"line":136,"column":53},"end":{"line":136,"column":91}}]},"36":{"loc":{"start":{"line":138,"column":23},"end":{"line":140,"column":null}},"type":"if","locations":[{"start":{"line":138,"column":23},"end":{"line":140,"column":null}}]},"37":{"loc":{"start":{"line":151,"column":8},"end":{"line":154,"column":null}},"type":"if","locations":[{"start":{"line":151,"column":8},"end":{"line":154,"column":null}}]},"38":{"loc":{"start":{"line":159,"column":8},"end":{"line":163,"column":null}},"type":"if","locations":[{"start":{"line":159,"column":8},"end":{"line":163,"column":null}},{"start":{"line":161,"column":15},"end":{"line":163,"column":null}}]},"39":{"loc":{"start":{"line":159,"column":12},"end":{"line":159,"column":66}},"type":"binary-expr","locations":[{"start":{"line":159,"column":12},"end":{"line":159,"column":27}},{"start":{"line":159,"column":31},"end":{"line":159,"column":46}},{"start":{"line":159,"column":50},"end":{"line":159,"column":66}}]}},"s":{"0":2,"1":2,"2":2,"3":53,"4":53,"5":58,"6":1,"7":57,"8":53,"9":2,"10":19,"11":19,"12":19,"13":1,"14":18,"15":2,"16":16,"17":8,"18":16,"19":9,"20":2,"21":13,"22":13,"23":2,"24":8,"25":8,"26":8,"27":8,"28":1,"29":7,"30":8,"31":8,"32":6,"33":2,"34":1,"35":1,"36":4,"37":1,"38":3,"39":2,"40":9,"41":9,"42":9,"43":1,"44":8,"45":3,"46":1,"47":2,"48":1,"49":1,"50":5,"51":3,"52":2,"53":1,"54":1,"55":9,"56":2,"57":8,"58":8,"59":8,"60":4,"61":1,"62":3,"63":1,"64":2,"65":1,"66":1,"67":4,"68":2,"69":9,"70":4,"71":4,"72":4,"73":3,"74":3,"75":2,"76":3,"77":1,"78":3,"79":1,"80":5,"81":2,"82":6,"83":5,"84":5,"85":5,"86":4,"87":4,"88":1,"89":3,"90":1,"91":4,"92":1,"93":1,"94":2,"95":5,"96":5,"97":5,"98":4,"99":4,"100":1,"101":2,"102":6,"103":2,"104":4,"105":2,"106":3,"107":2,"108":6,"109":2,"110":132,"111":2,"112":2},"f":{"0":2,"1":53,"2":58,"3":19,"4":13,"5":8,"6":9,"7":8,"8":9,"9":6,"10":5,"11":6,"12":3,"13":6,"14":132},"b":{"0":[53,53],"1":[1],"2":[1],"3":[2],"4":[18,17],"5":[8],"6":[16,9],"7":[9],"8":[16,15,8],"9":[1,7],"10":[6],"11":[8,6],"12":[2,4],"13":[1],"14":[1],"15":[4,1],"16":[1,8],"17":[3,5],"18":[8,3],"19":[1,2],"20":[1,1],"21":[3,2],"22":[1,1],"23":[4],"24":[1,3],"25":[1,2],"26":[1,1],"27":[4],"28":[3],"29":[2],"30":[1],"31":[3,1],"32":[5],"33":[4],"34":[1,3],"35":[4,1],"36":[1],"37":[4],"38":[2,4],"39":[6,6,5]}}
,"C:\\Users\\bsam\\Documents\\Веб\\meta_lamp\\slider\\src\\plugin\\components\\Observer\\Observer.ts": {"path":"C:\\Users\\bsam\\Documents\\Веб\\meta_lamp\\slider\\src\\plugin\\components\\Observer\\Observer.ts","statementMap":{"0":{"start":{"line":5,"column":0},"end":{"line":5,"column":null}},"1":{"start":{"line":9,"column":8},"end":{"line":9,"column":28}},"2":{"start":{"line":12,"column":4},"end":{"line":14,"column":null}},"3":{"start":{"line":13,"column":8},"end":{"line":13,"column":43}},"4":{"start":{"line":16,"column":4},"end":{"line":22,"column":null}},"5":{"start":{"line":16,"column":4},"end":{"line":16,"column":18}},"6":{"start":{"line":17,"column":8},"end":{"line":21,"column":null}},"7":{"start":{"line":18,"column":12},"end":{"line":20,"column":null}},"8":{"start":{"line":19,"column":16},"end":{"line":19,"column":48}},"9":{"start":{"line":24,"column":4},"end":{"line":28,"column":null}},"10":{"start":{"line":25,"column":8},"end":{"line":27,"column":null}},"11":{"start":{"line":26,"column":12},"end":{"line":26,"column":30}},"12":{"start":{"line":29,"column":0},"end":{"line":29,"column":null}},"13":{"start":{"line":31,"column":0},"end":{"line":31,"column":24}}},"fnMap":{"0":{"name":"(anonymous_0)","decl":{"start":{"line":5,"column":0},"end":{"line":5,"column":null}},"loc":{"start":{"line":5,"column":0},"end":{"line":29,"column":null}}},"1":{"name":"Observer","decl":{"start":{"line":8,"column":4},"end":{"line":8,"column":null}},"loc":{"start":{"line":8,"column":4},"end":{"line":10,"column":5}}},"2":{"name":"(anonymous_2)","decl":{"start":{"line":12,"column":4},"end":{"line":12,"column":15}},"loc":{"start":{"line":12,"column":47},"end":{"line":14,"column":5}}},"3":{"name":"(anonymous_3)","decl":{"start":{"line":16,"column":4},"end":{"line":16,"column":18}},"loc":{"start":{"line":16,"column":53},"end":{"line":22,"column":5}}},"4":{"name":"(anonymous_4)","decl":{"start":{"line":17,"column":31},"end":{"line":17,"column":32}},"loc":{"start":{"line":17,"column":47},"end":{"line":21,"column":9}}},"5":{"name":"(anonymous_5)","decl":{"start":{"line":24,"column":4},"end":{"line":24,"column":19}},"loc":{"start":{"line":24,"column":44},"end":{"line":28,"column":5}}},"6":{"name":"(anonymous_6)","decl":{"start":{"line":25,"column":31},"end":{"line":25,"column":39}},"loc":{"start":{"line":25,"column":39},"end":{"line":27,"column":9}}}},"branchMap":{"0":{"loc":{"start":{"line":18,"column":12},"end":{"line":20,"column":null}},"type":"if","locations":[{"start":{"line":18,"column":12},"end":{"line":20,"column":null}}]}},"s":{"0":6,"1":112,"2":6,"3":18,"4":6,"5":1,"6":1,"7":1,"8":1,"9":6,"10":1,"11":2,"12":6,"13":6},"f":{"0":6,"1":112,"2":18,"3":1,"4":1,"5":1,"6":2},"b":{"0":[1]}}
,"C:\\Users\\bsam\\Documents\\Веб\\meta_lamp\\slider\\src\\plugin\\components\\Presenter\\Presenter.ts": {"path":"C:\\Users\\bsam\\Documents\\Веб\\meta_lamp\\slider\\src\\plugin\\components\\Presenter\\Presenter.ts","statementMap":{"0":{"start":{"line":4,"column":0},"end":{"line":4,"column":null}},"1":{"start":{"line":8,"column":8},"end":{"line":8,"column":25}},"2":{"start":{"line":9,"column":8},"end":{"line":9,"column":27}},"3":{"start":{"line":13,"column":4},"end":{"line":15,"column":null}},"4":{"start":{"line":14,"column":8},"end":{"line":14,"column":26}},"5":{"start":{"line":17,"column":4},"end":{"line":19,"column":null}},"6":{"start":{"line":18,"column":8},"end":{"line":18,"column":25}},"7":{"start":{"line":21,"column":4},"end":{"line":33,"column":null}},"8":{"start":{"line":22,"column":8},"end":{"line":22,"column":37}},"9":{"start":{"line":23,"column":8},"end":{"line":23,"column":67}},"10":{"start":{"line":24,"column":8},"end":{"line":24,"column":72}},"11":{"start":{"line":25,"column":8},"end":{"line":30,"column":null}},"12":{"start":{"line":26,"column":12},"end":{"line":26,"column":37}},"13":{"start":{"line":27,"column":12},"end":{"line":27,"column":null}},"14":{"start":{"line":29,"column":12},"end":{"line":29,"column":133}},"15":{"start":{"line":31,"column":8},"end":{"line":31,"column":55}},"16":{"start":{"line":32,"column":8},"end":{"line":32,"column":52}},"17":{"start":{"line":35,"column":4},"end":{"line":41,"column":null}},"18":{"start":{"line":36,"column":8},"end":{"line":38,"column":null}},"19":{"start":{"line":37,"column":12},"end":{"line":37,"column":19}},"20":{"start":{"line":39,"column":8},"end":{"line":39,"column":31}},"21":{"start":{"line":40,"column":8},"end":{"line":40,"column":28}},"22":{"start":{"line":43,"column":4},"end":{"line":48,"column":null}},"23":{"start":{"line":44,"column":8},"end":{"line":46,"column":null}},"24":{"start":{"line":45,"column":12},"end":{"line":45,"column":19}},"25":{"start":{"line":47,"column":8},"end":{"line":47,"column":28}},"26":{"start":{"line":50,"column":4},"end":{"line":58,"column":null}},"27":{"start":{"line":51,"column":8},"end":{"line":55,"column":null}},"28":{"start":{"line":52,"column":12},"end":{"line":52,"column":59}},"29":{"start":{"line":53,"column":15},"end":{"line":55,"column":null}},"30":{"start":{"line":54,"column":12},"end":{"line":54,"column":47}},"31":{"start":{"line":56,"column":8},"end":{"line":56,"column":50}},"32":{"start":{"line":57,"column":8},"end":{"line":57,"column":28}},"33":{"start":{"line":60,"column":4},"end":{"line":68,"column":null}},"34":{"start":{"line":61,"column":8},"end":{"line":65,"column":null}},"35":{"start":{"line":62,"column":12},"end":{"line":62,"column":63}},"36":{"start":{"line":63,"column":15},"end":{"line":65,"column":null}},"37":{"start":{"line":64,"column":12},"end":{"line":64,"column":51}},"38":{"start":{"line":66,"column":8},"end":{"line":66,"column":51}},"39":{"start":{"line":67,"column":8},"end":{"line":67,"column":28}},"40":{"start":{"line":70,"column":4},"end":{"line":79,"column":null}},"41":{"start":{"line":71,"column":20},"end":{"line":71,"column":22}},"42":{"start":{"line":72,"column":8},"end":{"line":76,"column":null}},"43":{"start":{"line":73,"column":12},"end":{"line":73,"column":65}},"44":{"start":{"line":74,"column":15},"end":{"line":76,"column":null}},"45":{"start":{"line":75,"column":12},"end":{"line":75,"column":53}},"46":{"start":{"line":77,"column":8},"end":{"line":77,"column":29}},"47":{"start":{"line":78,"column":8},"end":{"line":78,"column":21}},"48":{"start":{"line":81,"column":4},"end":{"line":90,"column":null}},"49":{"start":{"line":82,"column":20},"end":{"line":82,"column":22}},"50":{"start":{"line":83,"column":8},"end":{"line":87,"column":null}},"51":{"start":{"line":84,"column":12},"end":{"line":84,"column":65}},"52":{"start":{"line":85,"column":15},"end":{"line":87,"column":null}},"53":{"start":{"line":86,"column":12},"end":{"line":86,"column":53}},"54":{"start":{"line":88,"column":8},"end":{"line":88,"column":29}},"55":{"start":{"line":89,"column":8},"end":{"line":89,"column":21}},"56":{"start":{"line":92,"column":4},"end":{"line":101,"column":null}},"57":{"start":{"line":93,"column":20},"end":{"line":93,"column":22}},"58":{"start":{"line":94,"column":8},"end":{"line":98,"column":null}},"59":{"start":{"line":95,"column":12},"end":{"line":95,"column":60}},"60":{"start":{"line":96,"column":15},"end":{"line":98,"column":null}},"61":{"start":{"line":97,"column":12},"end":{"line":97,"column":48}},"62":{"start":{"line":99,"column":8},"end":{"line":99,"column":29}},"63":{"start":{"line":100,"column":8},"end":{"line":100,"column":21}},"64":{"start":{"line":103,"column":4},"end":{"line":109,"column":null}},"65":{"start":{"line":104,"column":8},"end":{"line":104,"column":35}},"66":{"start":{"line":105,"column":8},"end":{"line":107,"column":null}},"67":{"start":{"line":106,"column":12},"end":{"line":106,"column":57}},"68":{"start":{"line":108,"column":8},"end":{"line":108,"column":29}},"69":{"start":{"line":111,"column":4},"end":{"line":121,"column":null}},"70":{"start":{"line":112,"column":8},"end":{"line":118,"column":null}},"71":{"start":{"line":113,"column":12},"end":{"line":113,"column":37}},"72":{"start":{"line":114,"column":12},"end":{"line":114,"column":null}},"73":{"start":{"line":116,"column":12},"end":{"line":116,"column":39}},"74":{"start":{"line":117,"column":12},"end":{"line":117,"column":133}},"75":{"start":{"line":119,"column":8},"end":{"line":119,"column":47}},"76":{"start":{"line":120,"column":8},"end":{"line":120,"column":29}},"77":{"start":{"line":123,"column":4},"end":{"line":126,"column":null}},"78":{"start":{"line":124,"column":8},"end":{"line":124,"column":44}},"79":{"start":{"line":125,"column":8},"end":{"line":125,"column":29}},"80":{"start":{"line":128,"column":12},"end":{"line":131,"column":null}},"81":{"start":{"line":129,"column":8},"end":{"line":129,"column":34}},"82":{"start":{"line":130,"column":8},"end":{"line":130,"column":55}},"83":{"start":{"line":133,"column":12},"end":{"line":136,"column":null}},"84":{"start":{"line":134,"column":8},"end":{"line":134,"column":53}},"85":{"start":{"line":135,"column":8},"end":{"line":135,"column":83}},"86":{"start":{"line":137,"column":0},"end":{"line":137,"column":null}},"87":{"start":{"line":139,"column":0},"end":{"line":139,"column":25}}},"fnMap":{"0":{"name":"(anonymous_0)","decl":{"start":{"line":4,"column":0},"end":{"line":4,"column":null}},"loc":{"start":{"line":4,"column":0},"end":{"line":137,"column":null}}},"1":{"name":"Presenter","decl":{"start":{"line":7,"column":4},"end":{"line":7,"column":16}},"loc":{"start":{"line":7,"column":40},"end":{"line":11,"column":5}}},"2":{"name":"(anonymous_2)","decl":{"start":{"line":13,"column":4},"end":{"line":13,"column":8}},"loc":{"start":{"line":13,"column":4},"end":{"line":15,"column":5}}},"3":{"name":"(anonymous_3)","decl":{"start":{"line":17,"column":4},"end":{"line":17,"column":8}},"loc":{"start":{"line":17,"column":4},"end":{"line":19,"column":5}}},"4":{"name":"(anonymous_4)","decl":{"start":{"line":21,"column":4},"end":{"line":21,"column":10}},"loc":{"start":{"line":21,"column":4},"end":{"line":33,"column":5}}},"5":{"name":"(anonymous_5)","decl":{"start":{"line":35,"column":4},"end":{"line":35,"column":23}},"loc":{"start":{"line":35,"column":48},"end":{"line":41,"column":5}}},"6":{"name":"(anonymous_6)","decl":{"start":{"line":43,"column":4},"end":{"line":43,"column":28}},"loc":{"start":{"line":43,"column":53},"end":{"line":48,"column":5}}},"7":{"name":"(anonymous_7)","decl":{"start":{"line":50,"column":4},"end":{"line":50,"column":20}},"loc":{"start":{"line":50,"column":43},"end":{"line":58,"column":5}}},"8":{"name":"(anonymous_8)","decl":{"start":{"line":60,"column":4},"end":{"line":60,"column":21}},"loc":{"start":{"line":60,"column":44},"end":{"line":68,"column":5}}},"9":{"name":"(anonymous_9)","decl":{"start":{"line":70,"column":4},"end":{"line":70,"column":18}},"loc":{"start":{"line":70,"column":41},"end":{"line":79,"column":5}}},"10":{"name":"(anonymous_10)","decl":{"start":{"line":81,"column":4},"end":{"line":81,"column":18}},"loc":{"start":{"line":81,"column":41},"end":{"line":90,"column":5}}},"11":{"name":"(anonymous_11)","decl":{"start":{"line":92,"column":4},"end":{"line":92,"column":14}},"loc":{"start":{"line":92,"column":36},"end":{"line":101,"column":5}}},"12":{"name":"(anonymous_12)","decl":{"start":{"line":103,"column":4},"end":{"line":103,"column":15}},"loc":{"start":{"line":103,"column":29},"end":{"line":109,"column":5}}},"13":{"name":"(anonymous_13)","decl":{"start":{"line":111,"column":4},"end":{"line":111,"column":14}},"loc":{"start":{"line":111,"column":34},"end":{"line":121,"column":5}}},"14":{"name":"(anonymous_14)","decl":{"start":{"line":123,"column":4},"end":{"line":123,"column":28}},"loc":{"start":{"line":123,"column":47},"end":{"line":126,"column":5}}},"15":{"name":"(anonymous_15)","decl":{"start":{"line":128,"column":4},"end":{"line":128,"column":12}},"loc":{"start":{"line":128,"column":4},"end":{"line":131,"column":5}}},"16":{"name":"(anonymous_16)","decl":{"start":{"line":133,"column":4},"end":{"line":133,"column":12}},"loc":{"start":{"line":133,"column":4},"end":{"line":136,"column":5}}}},"branchMap":{"0":{"loc":{"start":{"line":25,"column":8},"end":{"line":30,"column":null}},"type":"if","locations":[{"start":{"line":25,"column":8},"end":{"line":30,"column":null}},{"start":{"line":28,"column":15},"end":{"line":30,"column":null}}]},"1":{"loc":{"start":{"line":36,"column":8},"end":{"line":38,"column":null}},"type":"if","locations":[{"start":{"line":36,"column":8},"end":{"line":38,"column":null}}]},"2":{"loc":{"start":{"line":36,"column":12},"end":{"line":36,"column":75}},"type":"binary-expr","locations":[{"start":{"line":36,"column":12},"end":{"line":36,"column":41}},{"start":{"line":36,"column":45},"end":{"line":36,"column":75}}]},"3":{"loc":{"start":{"line":44,"column":8},"end":{"line":46,"column":null}},"type":"if","locations":[{"start":{"line":44,"column":8},"end":{"line":46,"column":null}}]},"4":{"loc":{"start":{"line":44,"column":12},"end":{"line":44,"column":85}},"type":"binary-expr","locations":[{"start":{"line":44,"column":12},"end":{"line":44,"column":46}},{"start":{"line":44,"column":50},"end":{"line":44,"column":85}}]},"5":{"loc":{"start":{"line":51,"column":8},"end":{"line":55,"column":null}},"type":"if","locations":[{"start":{"line":51,"column":8},"end":{"line":55,"column":null}},{"start":{"line":53,"column":15},"end":{"line":55,"column":null}}]},"6":{"loc":{"start":{"line":51,"column":12},"end":{"line":51,"column":67}},"type":"binary-expr","locations":[{"start":{"line":51,"column":12},"end":{"line":51,"column":38}},{"start":{"line":51,"column":42},"end":{"line":51,"column":67}}]},"7":{"loc":{"start":{"line":53,"column":15},"end":{"line":55,"column":null}},"type":"if","locations":[{"start":{"line":53,"column":15},"end":{"line":55,"column":null}}]},"8":{"loc":{"start":{"line":53,"column":19},"end":{"line":53,"column":62}},"type":"binary-expr","locations":[{"start":{"line":53,"column":19},"end":{"line":53,"column":45}},{"start":{"line":53,"column":49},"end":{"line":53,"column":62}}]},"9":{"loc":{"start":{"line":61,"column":8},"end":{"line":65,"column":null}},"type":"if","locations":[{"start":{"line":61,"column":8},"end":{"line":65,"column":null}},{"start":{"line":63,"column":15},"end":{"line":65,"column":null}}]},"10":{"loc":{"start":{"line":61,"column":12},"end":{"line":61,"column":67}},"type":"binary-expr","locations":[{"start":{"line":61,"column":12},"end":{"line":61,"column":38}},{"start":{"line":61,"column":42},"end":{"line":61,"column":67}}]},"11":{"loc":{"start":{"line":63,"column":15},"end":{"line":65,"column":null}},"type":"if","locations":[{"start":{"line":63,"column":15},"end":{"line":65,"column":null}}]},"12":{"loc":{"start":{"line":63,"column":19},"end":{"line":63,"column":62}},"type":"binary-expr","locations":[{"start":{"line":63,"column":19},"end":{"line":63,"column":45}},{"start":{"line":63,"column":49},"end":{"line":63,"column":62}}]},"13":{"loc":{"start":{"line":72,"column":8},"end":{"line":76,"column":null}},"type":"if","locations":[{"start":{"line":72,"column":8},"end":{"line":76,"column":null}},{"start":{"line":74,"column":15},"end":{"line":76,"column":null}}]},"14":{"loc":{"start":{"line":72,"column":12},"end":{"line":72,"column":67}},"type":"binary-expr","locations":[{"start":{"line":72,"column":12},"end":{"line":72,"column":38}},{"start":{"line":72,"column":42},"end":{"line":72,"column":67}}]},"15":{"loc":{"start":{"line":74,"column":15},"end":{"line":76,"column":null}},"type":"if","locations":[{"start":{"line":74,"column":15},"end":{"line":76,"column":null}}]},"16":{"loc":{"start":{"line":74,"column":19},"end":{"line":74,"column":62}},"type":"binary-expr","locations":[{"start":{"line":74,"column":19},"end":{"line":74,"column":45}},{"start":{"line":74,"column":49},"end":{"line":74,"column":62}}]},"17":{"loc":{"start":{"line":83,"column":8},"end":{"line":87,"column":null}},"type":"if","locations":[{"start":{"line":83,"column":8},"end":{"line":87,"column":null}},{"start":{"line":85,"column":15},"end":{"line":87,"column":null}}]},"18":{"loc":{"start":{"line":83,"column":12},"end":{"line":83,"column":67}},"type":"binary-expr","locations":[{"start":{"line":83,"column":12},"end":{"line":83,"column":38}},{"start":{"line":83,"column":42},"end":{"line":83,"column":67}}]},"19":{"loc":{"start":{"line":85,"column":15},"end":{"line":87,"column":null}},"type":"if","locations":[{"start":{"line":85,"column":15},"end":{"line":87,"column":null}}]},"20":{"loc":{"start":{"line":85,"column":19},"end":{"line":85,"column":62}},"type":"binary-expr","locations":[{"start":{"line":85,"column":19},"end":{"line":85,"column":45}},{"start":{"line":85,"column":49},"end":{"line":85,"column":62}}]},"21":{"loc":{"start":{"line":94,"column":8},"end":{"line":98,"column":null}},"type":"if","locations":[{"start":{"line":94,"column":8},"end":{"line":98,"column":null}},{"start":{"line":96,"column":15},"end":{"line":98,"column":null}}]},"22":{"loc":{"start":{"line":94,"column":12},"end":{"line":94,"column":65}},"type":"binary-expr","locations":[{"start":{"line":94,"column":12},"end":{"line":94,"column":37}},{"start":{"line":94,"column":41},"end":{"line":94,"column":65}}]},"23":{"loc":{"start":{"line":96,"column":15},"end":{"line":98,"column":null}},"type":"if","locations":[{"start":{"line":96,"column":15},"end":{"line":98,"column":null}}]},"24":{"loc":{"start":{"line":96,"column":19},"end":{"line":96,"column":60}},"type":"binary-expr","locations":[{"start":{"line":96,"column":19},"end":{"line":96,"column":44}},{"start":{"line":96,"column":48},"end":{"line":96,"column":60}}]},"25":{"loc":{"start":{"line":105,"column":8},"end":{"line":107,"column":null}},"type":"if","locations":[{"start":{"line":105,"column":8},"end":{"line":107,"column":null}}]},"26":{"loc":{"start":{"line":105,"column":12},"end":{"line":105,"column":66}},"type":"binary-expr","locations":[{"start":{"line":105,"column":12},"end":{"line":105,"column":28}},{"start":{"line":105,"column":32},"end":{"line":105,"column":47}},{"start":{"line":105,"column":51},"end":{"line":105,"column":66}}]},"27":{"loc":{"start":{"line":112,"column":8},"end":{"line":118,"column":null}},"type":"if","locations":[{"start":{"line":112,"column":8},"end":{"line":118,"column":null}},{"start":{"line":115,"column":15},"end":{"line":118,"column":null}}]}},"s":{"0":1,"1":30,"2":30,"3":1,"4":50,"5":1,"6":22,"7":1,"8":7,"9":7,"10":7,"11":7,"12":1,"13":1,"14":6,"15":7,"16":7,"17":1,"18":3,"19":1,"20":2,"21":2,"22":1,"23":3,"24":2,"25":1,"26":1,"27":3,"28":1,"29":2,"30":2,"31":3,"32":3,"33":1,"34":3,"35":1,"36":2,"37":2,"38":3,"39":3,"40":1,"41":4,"42":4,"43":1,"44":3,"45":3,"46":4,"47":4,"48":1,"49":2,"50":2,"51":1,"52":1,"53":1,"54":2,"55":2,"56":1,"57":3,"58":3,"59":1,"60":2,"61":2,"62":3,"63":3,"64":1,"65":4,"66":4,"67":3,"68":4,"69":1,"70":5,"71":2,"72":2,"73":3,"74":3,"75":5,"76":5,"77":1,"78":2,"79":2,"80":1,"81":22,"82":22,"83":1,"84":9,"85":9,"86":1,"87":1},"f":{"0":1,"1":30,"2":50,"3":22,"4":7,"5":3,"6":3,"7":3,"8":3,"9":4,"10":2,"11":3,"12":4,"13":5,"14":2,"15":22,"16":9},"b":{"0":[1,6],"1":[1],"2":[3,2],"3":[2],"4":[3,2],"5":[1,2],"6":[3,1],"7":[2],"8":[2,2],"9":[1,2],"10":[3,1],"11":[2],"12":[2,2],"13":[1,3],"14":[4,1],"15":[3],"16":[3,3],"17":[1,1],"18":[2,1],"19":[1],"20":[1,1],"21":[1,2],"22":[3,1],"23":[2],"24":[2,2],"25":[3],"26":[4,3,3],"27":[2,3]}}
,"C:\\Users\\bsam\\Documents\\Веб\\meta_lamp\\slider\\src\\plugin\\components\\View\\Labels.ts": {"path":"C:\\Users\\bsam\\Documents\\Веб\\meta_lamp\\slider\\src\\plugin\\components\\View\\Labels.ts","statementMap":{"0":{"start":{"line":3,"column":0},"end":{"line":3,"column":null}},"1":{"start":{"line":8,"column":8},"end":{"line":8,"column":52}},"2":{"start":{"line":9,"column":8},"end":{"line":9,"column":25}},"3":{"start":{"line":12,"column":4},"end":{"line":29,"column":null}},"4":{"start":{"line":13,"column":8},"end":{"line":13,"column":null}},"5":{"start":{"line":14,"column":30},"end":{"line":19,"column":9}},"6":{"start":{"line":15,"column":12},"end":{"line":17,"column":null}},"7":{"start":{"line":16,"column":16},"end":{"line":16,"column":null}},"8":{"start":{"line":18,"column":12},"end":{"line":18,"column":21}},"9":{"start":{"line":20,"column":33},"end":{"line":20,"column":60}},"10":{"start":{"line":21,"column":30},"end":{"line":21,"column":42}},"11":{"start":{"line":22,"column":8},"end":{"line":24,"column":null}},"12":{"start":{"line":23,"column":12},"end":{"line":23,"column":25}},"13":{"start":{"line":25,"column":8},"end":{"line":25,"column":56}},"14":{"start":{"line":26,"column":8},"end":{"line":28,"column":null}},"15":{"start":{"line":26,"column":21},"end":{"line":26,"column":32}},"16":{"start":{"line":27,"column":12},"end":{"line":27,"column":58}},"17":{"start":{"line":31,"column":12},"end":{"line":63,"column":null}},"18":{"start":{"line":32,"column":22},"end":{"line":32,"column":51}},"19":{"start":{"line":33,"column":8},"end":{"line":33,"column":41}},"20":{"start":{"line":34,"column":8},"end":{"line":34,"column":45}},"21":{"start":{"line":35,"column":8},"end":{"line":35,"column":48}},"22":{"start":{"line":36,"column":33},"end":{"line":52,"column":9}},"23":{"start":{"line":37,"column":12},"end":{"line":51,"column":null}},"24":{"start":{"line":38,"column":38},"end":{"line":38,"column":67}},"25":{"start":{"line":39,"column":16},"end":{"line":39,"column":49}},"26":{"start":{"line":40,"column":16},"end":{"line":49,"column":null}},"27":{"start":{"line":41,"column":20},"end":{"line":46,"column":null}},"28":{"start":{"line":42,"column":24},"end":{"line":42,"column":46}},"29":{"start":{"line":43,"column":27},"end":{"line":46,"column":null}},"30":{"start":{"line":44,"column":24},"end":{"line":44,"column":58}},"31":{"start":{"line":45,"column":24},"end":{"line":45,"column":47}},"32":{"start":{"line":48,"column":20},"end":{"line":48,"column":42}},"33":{"start":{"line":50,"column":16},"end":{"line":50,"column":41}},"34":{"start":{"line":53,"column":8},"end":{"line":53,"column":34}},"35":{"start":{"line":54,"column":8},"end":{"line":60,"column":null}},"36":{"start":{"line":55,"column":41},"end":{"line":55,"column":161}},"37":{"start":{"line":56,"column":12},"end":{"line":56,"column":49}},"38":{"start":{"line":58,"column":41},"end":{"line":58,"column":160}},"39":{"start":{"line":59,"column":12},"end":{"line":59,"column":50}},"40":{"start":{"line":61,"column":8},"end":{"line":61,"column":58}},"41":{"start":{"line":62,"column":8},"end":{"line":62,"column":33}},"42":{"start":{"line":65,"column":4},"end":{"line":70,"column":null}},"43":{"start":{"line":66,"column":8},"end":{"line":69,"column":null}},"44":{"start":{"line":67,"column":12},"end":{"line":67,"column":45}},"45":{"start":{"line":68,"column":12},"end":{"line":68,"column":30}},"46":{"start":{"line":72,"column":4},"end":{"line":74,"column":null}},"47":{"start":{"line":73,"column":8},"end":{"line":73,"column":27}},"48":{"start":{"line":76,"column":4},"end":{"line":78,"column":null}},"49":{"start":{"line":77,"column":8},"end":{"line":77,"column":27}},"50":{"start":{"line":79,"column":0},"end":{"line":79,"column":null}},"51":{"start":{"line":81,"column":0},"end":{"line":81,"column":22}}},"fnMap":{"0":{"name":"(anonymous_0)","decl":{"start":{"line":3,"column":0},"end":{"line":3,"column":null}},"loc":{"start":{"line":3,"column":0},"end":{"line":79,"column":null}}},"1":{"name":"Labels","decl":{"start":{"line":7,"column":4},"end":{"line":7,"column":null}},"loc":{"start":{"line":7,"column":4},"end":{"line":10,"column":5}}},"2":{"name":"(anonymous_2)","decl":{"start":{"line":12,"column":4},"end":{"line":12,"column":10}},"loc":{"start":{"line":12,"column":88},"end":{"line":29,"column":5}}},"3":{"name":"(anonymous_3)","decl":{"start":{"line":14,"column":30},"end":{"line":14,"column":31}},"loc":{"start":{"line":14,"column":44},"end":{"line":19,"column":9}}},"4":{"name":"(anonymous_4)","decl":{"start":{"line":31,"column":4},"end":{"line":31,"column":12}},"loc":{"start":{"line":31,"column":112},"end":{"line":63,"column":5}}},"5":{"name":"(anonymous_5)","decl":{"start":{"line":36,"column":33},"end":{"line":36,"column":null}},"loc":{"start":{"line":36,"column":33},"end":{"line":52,"column":9}}},"6":{"name":"(anonymous_6)","decl":{"start":{"line":65,"column":4},"end":{"line":65,"column":11}},"loc":{"start":{"line":65,"column":4},"end":{"line":70,"column":5}}},"7":{"name":"(anonymous_7)","decl":{"start":{"line":72,"column":4},"end":{"line":72,"column":8}},"loc":{"start":{"line":72,"column":4},"end":{"line":74,"column":5}}},"8":{"name":"(anonymous_8)","decl":{"start":{"line":76,"column":4},"end":{"line":76,"column":8}},"loc":{"start":{"line":76,"column":4},"end":{"line":78,"column":5}}}},"branchMap":{"0":{"loc":{"start":{"line":15,"column":12},"end":{"line":17,"column":null}},"type":"if","locations":[{"start":{"line":15,"column":12},"end":{"line":17,"column":null}}]},"1":{"loc":{"start":{"line":37,"column":12},"end":{"line":51,"column":null}},"type":"if","locations":[{"start":{"line":37,"column":12},"end":{"line":51,"column":null}}]},"2":{"loc":{"start":{"line":40,"column":16},"end":{"line":49,"column":null}},"type":"if","locations":[{"start":{"line":40,"column":16},"end":{"line":49,"column":null}},{"start":{"line":47,"column":23},"end":{"line":49,"column":null}}]},"3":{"loc":{"start":{"line":41,"column":20},"end":{"line":46,"column":null}},"type":"if","locations":[{"start":{"line":41,"column":20},"end":{"line":46,"column":null}},{"start":{"line":43,"column":27},"end":{"line":46,"column":null}}]},"4":{"loc":{"start":{"line":43,"column":27},"end":{"line":46,"column":null}},"type":"if","locations":[{"start":{"line":43,"column":27},"end":{"line":46,"column":null}}]},"5":{"loc":{"start":{"line":54,"column":8},"end":{"line":60,"column":null}},"type":"if","locations":[{"start":{"line":54,"column":8},"end":{"line":60,"column":null}},{"start":{"line":57,"column":15},"end":{"line":60,"column":null}}]},"6":{"loc":{"start":{"line":62,"column":8},"end":{"line":62,"column":32}},"type":"cond-expr","locations":[{"start":{"line":62,"column":19},"end":{"line":62,"column":21}},{"start":{"line":62,"column":19},"end":{"line":62,"column":32}}]},"7":{"loc":{"start":{"line":62,"column":8},"end":{"line":62,"column":21}},"type":"binary-expr","locations":[{"start":{"line":62,"column":8},"end":{"line":62,"column":21}},{"start":{"line":62,"column":19},"end":{"line":62,"column":21}}]},"8":{"loc":{"start":{"line":67,"column":12},"end":{"line":67,"column":44}},"type":"cond-expr","locations":[{"start":{"line":67,"column":34},"end":{"line":67,"column":36}},{"start":{"line":67,"column":34},"end":{"line":67,"column":44}}]},"9":{"loc":{"start":{"line":67,"column":12},"end":{"line":67,"column":36}},"type":"binary-expr","locations":[{"start":{"line":67,"column":12},"end":{"line":67,"column":36}},{"start":{"line":67,"column":34},"end":{"line":67,"column":36}}]}},"s":{"0":4,"1":58,"2":58,"3":4,"4":33,"5":33,"6":33,"7":2,"8":31,"9":33,"10":33,"11":33,"12":4,"13":33,"14":33,"15":33,"16":107,"17":4,"18":107,"19":107,"20":107,"21":107,"22":107,"23":0,"24":0,"25":0,"26":0,"27":0,"28":0,"29":0,"30":0,"31":0,"32":0,"33":0,"34":107,"35":107,"36":9,"37":9,"38":98,"39":98,"40":107,"41":107,"42":4,"43":25,"44":19,"45":19,"46":4,"47":44,"48":4,"49":4,"50":4,"51":4},"f":{"0":4,"1":58,"2":33,"3":33,"4":107,"5":0,"6":25,"7":44,"8":4},"b":{"0":[2],"1":[0],"2":[0,0],"3":[0,0],"4":[0],"5":[9,98],"6":[0,107],"7":[107,107],"8":[0,19],"9":[19,19]}}
,"C:\\Users\\bsam\\Documents\\Веб\\meta_lamp\\slider\\src\\plugin\\components\\View\\SliderHandle.ts": {"path":"C:\\Users\\bsam\\Documents\\Веб\\meta_lamp\\slider\\src\\plugin\\components\\View\\SliderHandle.ts","statementMap":{"0":{"start":{"line":3,"column":0},"end":{"line":3,"column":null}},"1":{"start":{"line":7,"column":8},"end":{"line":7,"column":58}},"2":{"start":{"line":10,"column":4},"end":{"line":31,"column":null}},"3":{"start":{"line":10,"column":4},"end":{"line":10,"column":13}},"4":{"start":{"line":11,"column":32},"end":{"line":23,"column":9}},"5":{"start":{"line":12,"column":36},"end":{"line":16,"column":13}},"6":{"start":{"line":13,"column":16},"end":{"line":13,"column":92}},"7":{"start":{"line":14,"column":16},"end":{"line":14,"column":106}},"8":{"start":{"line":15,"column":16},"end":{"line":15,"column":41}},"9":{"start":{"line":17,"column":34},"end":{"line":20,"column":13}},"10":{"start":{"line":18,"column":16},"end":{"line":18,"column":77}},"11":{"start":{"line":19,"column":16},"end":{"line":19,"column":82}},"12":{"start":{"line":21,"column":12},"end":{"line":21,"column":70}},"13":{"start":{"line":22,"column":12},"end":{"line":22,"column":66}},"14":{"start":{"line":24,"column":8},"end":{"line":26,"column":10}},"15":{"start":{"line":25,"column":12},"end":{"line":25,"column":25}},"16":{"start":{"line":27,"column":8},"end":{"line":29,"column":10}},"17":{"start":{"line":28,"column":12},"end":{"line":28,"column":25}},"18":{"start":{"line":30,"column":8},"end":{"line":30,"column":75}},"19":{"start":{"line":33,"column":4},"end":{"line":35,"column":null}},"20":{"start":{"line":34,"column":8},"end":{"line":34,"column":33}},"21":{"start":{"line":37,"column":4},"end":{"line":44,"column":null}},"22":{"start":{"line":38,"column":27},"end":{"line":38,"column":162}},"23":{"start":{"line":39,"column":8},"end":{"line":43,"column":null}},"24":{"start":{"line":40,"column":12},"end":{"line":40,"column":59}},"25":{"start":{"line":42,"column":12},"end":{"line":42,"column":60}},"26":{"start":{"line":46,"column":4},"end":{"line":48,"column":null}},"27":{"start":{"line":47,"column":8},"end":{"line":47,"column":49}},"28":{"start":{"line":50,"column":4},"end":{"line":52,"column":null}},"29":{"start":{"line":51,"column":8},"end":{"line":51,"column":50}},"30":{"start":{"line":53,"column":0},"end":{"line":53,"column":null}},"31":{"start":{"line":55,"column":0},"end":{"line":55,"column":28}}},"fnMap":{"0":{"name":"(anonymous_0)","decl":{"start":{"line":3,"column":0},"end":{"line":3,"column":null}},"loc":{"start":{"line":3,"column":0},"end":{"line":53,"column":null}}},"1":{"name":"SliderHandle","decl":{"start":{"line":6,"column":4},"end":{"line":6,"column":null}},"loc":{"start":{"line":6,"column":4},"end":{"line":8,"column":5}}},"2":{"name":"(anonymous_2)","decl":{"start":{"line":10,"column":4},"end":{"line":10,"column":13}},"loc":{"start":{"line":10,"column":116},"end":{"line":31,"column":5}}},"3":{"name":"(anonymous_3)","decl":{"start":{"line":11,"column":32},"end":{"line":11,"column":null}},"loc":{"start":{"line":11,"column":32},"end":{"line":23,"column":9}}},"4":{"name":"(anonymous_4)","decl":{"start":{"line":12,"column":36},"end":{"line":12,"column":37}},"loc":{"start":{"line":12,"column":56},"end":{"line":16,"column":13}}},"5":{"name":"(anonymous_5)","decl":{"start":{"line":17,"column":34},"end":{"line":17,"column":null}},"loc":{"start":{"line":17,"column":34},"end":{"line":20,"column":13}}},"6":{"name":"(anonymous_6)","decl":{"start":{"line":24,"column":31},"end":{"line":24,"column":null}},"loc":{"start":{"line":24,"column":31},"end":{"line":26,"column":9}}},"7":{"name":"(anonymous_7)","decl":{"start":{"line":27,"column":38},"end":{"line":27,"column":null}},"loc":{"start":{"line":27,"column":38},"end":{"line":29,"column":9}}},"8":{"name":"(anonymous_8)","decl":{"start":{"line":33,"column":4},"end":{"line":33,"column":8}},"loc":{"start":{"line":33,"column":4},"end":{"line":35,"column":5}}},"9":{"name":"(anonymous_9)","decl":{"start":{"line":37,"column":4},"end":{"line":37,"column":14}},"loc":{"start":{"line":37,"column":54},"end":{"line":44,"column":5}}},"10":{"name":"(anonymous_10)","decl":{"start":{"line":46,"column":4},"end":{"line":46,"column":8}},"loc":{"start":{"line":46,"column":4},"end":{"line":48,"column":5}}},"11":{"name":"(anonymous_11)","decl":{"start":{"line":50,"column":4},"end":{"line":50,"column":8}},"loc":{"start":{"line":50,"column":4},"end":{"line":52,"column":5}}}},"branchMap":{"0":{"loc":{"start":{"line":13,"column":16},"end":{"line":13,"column":91}},"type":"cond-expr","locations":[{"start":{"line":13,"column":33},"end":{"line":13,"column":61}},{"start":{"line":13,"column":64},"end":{"line":13,"column":91}}]},"1":{"loc":{"start":{"line":14,"column":16},"end":{"line":14,"column":105}},"type":"cond-expr","locations":[{"start":{"line":14,"column":37},"end":{"line":14,"column":70}},{"start":{"line":14,"column":72},"end":{"line":14,"column":105}}]},"2":{"loc":{"start":{"line":39,"column":8},"end":{"line":43,"column":null}},"type":"if","locations":[{"start":{"line":39,"column":8},"end":{"line":43,"column":null}},{"start":{"line":41,"column":15},"end":{"line":43,"column":null}}]}},"s":{"0":4,"1":115,"2":4,"3":17,"4":17,"5":0,"6":0,"7":0,"8":0,"9":0,"10":0,"11":0,"12":0,"13":0,"14":17,"15":0,"16":17,"17":0,"18":17,"19":4,"20":150,"21":4,"22":52,"23":52,"24":3,"25":49,"26":4,"27":1,"28":4,"29":1,"30":4,"31":4},"f":{"0":4,"1":115,"2":17,"3":0,"4":0,"5":0,"6":0,"7":0,"8":150,"9":52,"10":1,"11":1},"b":{"0":[0,0],"1":[0,0],"2":[3,49]}}
,"C:\\Users\\bsam\\Documents\\Веб\\meta_lamp\\slider\\src\\plugin\\components\\View\\SliderTrack.ts": {"path":"C:\\Users\\bsam\\Documents\\Веб\\meta_lamp\\slider\\src\\plugin\\components\\View\\SliderTrack.ts","statementMap":{"0":{"start":{"line":3,"column":0},"end":{"line":3,"column":null}},"1":{"start":{"line":7,"column":8},"end":{"line":7,"column":57}},"2":{"start":{"line":10,"column":4},"end":{"line":12,"column":null}},"3":{"start":{"line":11,"column":8},"end":{"line":11,"column":66}},"4":{"start":{"line":14,"column":4},"end":{"line":66,"column":null}},"5":{"start":{"line":14,"column":4},"end":{"line":14,"column":17}},"6":{"start":{"line":15,"column":21},"end":{"line":55,"column":null}},"7":{"start":{"line":17,"column":46},"end":{"line":17,"column":113}},"8":{"start":{"line":18,"column":16},"end":{"line":24,"column":null}},"9":{"start":{"line":19,"column":20},"end":{"line":19,"column":54}},"10":{"start":{"line":20,"column":20},"end":{"line":20,"column":72}},"11":{"start":{"line":22,"column":20},"end":{"line":22,"column":55}},"12":{"start":{"line":23,"column":20},"end":{"line":23,"column":71}},"13":{"start":{"line":27,"column":46},"end":{"line":27,"column":113}},"14":{"start":{"line":28,"column":50},"end":{"line":28,"column":115}},"15":{"start":{"line":29,"column":16},"end":{"line":35,"column":null}},"16":{"start":{"line":30,"column":20},"end":{"line":30,"column":73}},"17":{"start":{"line":31,"column":20},"end":{"line":31,"column":72}},"18":{"start":{"line":33,"column":20},"end":{"line":33,"column":74}},"19":{"start":{"line":34,"column":20},"end":{"line":34,"column":71}},"20":{"start":{"line":38,"column":46},"end":{"line":38,"column":114}},"21":{"start":{"line":39,"column":46},"end":{"line":39,"column":112}},"22":{"start":{"line":40,"column":16},"end":{"line":46,"column":null}},"23":{"start":{"line":41,"column":20},"end":{"line":41,"column":69}},"24":{"start":{"line":42,"column":20},"end":{"line":42,"column":72}},"25":{"start":{"line":44,"column":20},"end":{"line":44,"column":70}},"26":{"start":{"line":45,"column":20},"end":{"line":45,"column":71}},"27":{"start":{"line":49,"column":16},"end":{"line":53,"column":null}},"28":{"start":{"line":50,"column":20},"end":{"line":50,"column":57}},"29":{"start":{"line":52,"column":20},"end":{"line":52,"column":56}},"30":{"start":{"line":56,"column":8},"end":{"line":65,"column":null}},"31":{"start":{"line":57,"column":24},"end":{"line":57,"column":42}},"32":{"start":{"line":58,"column":12},"end":{"line":58,"column":18}},"33":{"start":{"line":59,"column":24},"end":{"line":59,"column":42}},"34":{"start":{"line":60,"column":12},"end":{"line":60,"column":18}},"35":{"start":{"line":61,"column":25},"end":{"line":61,"column":44}},"36":{"start":{"line":62,"column":12},"end":{"line":62,"column":18}},"37":{"start":{"line":63,"column":21},"end":{"line":63,"column":36}},"38":{"start":{"line":64,"column":12},"end":{"line":64,"column":18}},"39":{"start":{"line":68,"column":4},"end":{"line":70,"column":null}},"40":{"start":{"line":69,"column":8},"end":{"line":69,"column":43}},"41":{"start":{"line":72,"column":4},"end":{"line":74,"column":null}},"42":{"start":{"line":73,"column":8},"end":{"line":73,"column":32}},"43":{"start":{"line":75,"column":0},"end":{"line":75,"column":null}},"44":{"start":{"line":77,"column":0},"end":{"line":77,"column":27}}},"fnMap":{"0":{"name":"(anonymous_0)","decl":{"start":{"line":3,"column":0},"end":{"line":3,"column":null}},"loc":{"start":{"line":3,"column":0},"end":{"line":75,"column":null}}},"1":{"name":"SliderTrack","decl":{"start":{"line":6,"column":4},"end":{"line":6,"column":null}},"loc":{"start":{"line":6,"column":4},"end":{"line":8,"column":5}}},"2":{"name":"(anonymous_2)","decl":{"start":{"line":10,"column":4},"end":{"line":10,"column":10}},"loc":{"start":{"line":10,"column":4},"end":{"line":12,"column":5}}},"3":{"name":"(anonymous_3)","decl":{"start":{"line":14,"column":4},"end":{"line":14,"column":17}},"loc":{"start":{"line":14,"column":42},"end":{"line":66,"column":5}}},"4":{"name":"(anonymous_4)","decl":{"start":{"line":16,"column":17},"end":{"line":16,"column":18}},"loc":{"start":{"line":16,"column":42},"end":{"line":25,"column":13}}},"5":{"name":"(anonymous_5)","decl":{"start":{"line":26,"column":17},"end":{"line":26,"column":18}},"loc":{"start":{"line":26,"column":42},"end":{"line":36,"column":13}}},"6":{"name":"(anonymous_6)","decl":{"start":{"line":37,"column":18},"end":{"line":37,"column":19}},"loc":{"start":{"line":37,"column":43},"end":{"line":47,"column":13}}},"7":{"name":"(anonymous_7)","decl":{"start":{"line":48,"column":21},"end":{"line":48,"column":null}},"loc":{"start":{"line":48,"column":21},"end":{"line":54,"column":13}}},"8":{"name":"(anonymous_8)","decl":{"start":{"line":68,"column":4},"end":{"line":68,"column":8}},"loc":{"start":{"line":68,"column":4},"end":{"line":70,"column":5}}},"9":{"name":"(anonymous_9)","decl":{"start":{"line":72,"column":4},"end":{"line":72,"column":8}},"loc":{"start":{"line":72,"column":4},"end":{"line":74,"column":5}}}},"branchMap":{"0":{"loc":{"start":{"line":18,"column":16},"end":{"line":24,"column":null}},"type":"if","locations":[{"start":{"line":18,"column":16},"end":{"line":24,"column":null}},{"start":{"line":21,"column":23},"end":{"line":24,"column":null}}]},"1":{"loc":{"start":{"line":29,"column":16},"end":{"line":35,"column":null}},"type":"if","locations":[{"start":{"line":29,"column":16},"end":{"line":35,"column":null}},{"start":{"line":32,"column":23},"end":{"line":35,"column":null}}]},"2":{"loc":{"start":{"line":40,"column":16},"end":{"line":46,"column":null}},"type":"if","locations":[{"start":{"line":40,"column":16},"end":{"line":46,"column":null}},{"start":{"line":43,"column":23},"end":{"line":46,"column":null}}]},"3":{"loc":{"start":{"line":49,"column":16},"end":{"line":53,"column":null}},"type":"if","locations":[{"start":{"line":49,"column":16},"end":{"line":53,"column":null}},{"start":{"line":51,"column":23},"end":{"line":53,"column":null}}]},"4":{"loc":{"start":{"line":56,"column":8},"end":{"line":65,"column":null}},"type":"switch","locations":[{"start":{"line":57,"column":12},"end":{"line":58,"column":18}},{"start":{"line":59,"column":12},"end":{"line":60,"column":18}},{"start":{"line":61,"column":12},"end":{"line":62,"column":18}},{"start":{"line":63,"column":12},"end":{"line":64,"column":18}}]}},"s":{"0":5,"1":58,"2":5,"3":32,"4":5,"5":47,"6":47,"7":2,"8":2,"9":1,"10":1,"11":1,"12":1,"13":2,"14":2,"15":2,"16":1,"17":1,"18":1,"19":1,"20":4,"21":4,"22":4,"23":1,"24":1,"25":3,"26":3,"27":39,"28":3,"29":36,"30":47,"31":2,"32":2,"33":2,"34":2,"35":4,"36":4,"37":39,"38":39,"39":5,"40":4,"41":5,"42":83,"43":5,"44":5},"f":{"0":5,"1":58,"2":32,"3":47,"4":2,"5":2,"6":4,"7":39,"8":4,"9":83},"b":{"0":[1,1],"1":[1,1],"2":[1,3],"3":[3,36],"4":[2,2,4,39]}}
,"C:\\Users\\bsam\\Documents\\Веб\\meta_lamp\\slider\\src\\plugin\\components\\View\\View.ts": {"path":"C:\\Users\\bsam\\Documents\\Веб\\meta_lamp\\slider\\src\\plugin\\components\\View\\View.ts","statementMap":{"0":{"start":{"line":1,"column":0},"end":{"line":1,"column":39}},"1":{"start":{"line":2,"column":0},"end":{"line":2,"column":42}},"2":{"start":{"line":3,"column":0},"end":{"line":3,"column":30}},"3":{"start":{"line":4,"column":0},"end":{"line":4,"column":42}},"4":{"start":{"line":6,"column":0},"end":{"line":6,"column":44}},"5":{"start":{"line":17,"column":0},"end":{"line":17,"column":null}},"6":{"start":{"line":17,"column":19},"end":{"line":17,"column":27}},"7":{"start":{"line":22,"column":8},"end":{"line":22,"column":null}},"8":{"start":{"line":23,"column":8},"end":{"line":30,"column":null}},"9":{"start":{"line":31,"column":23},"end":{"line":31,"column":50}},"10":{"start":{"line":32,"column":8},"end":{"line":34,"column":null}},"11":{"start":{"line":33,"column":12},"end":{"line":33,"column":40}},"12":{"start":{"line":35,"column":8},"end":{"line":35,"column":29}},"13":{"start":{"line":39,"column":4},"end":{"line":64,"column":null}},"14":{"start":{"line":40,"column":8},"end":{"line":40,"column":63}},"15":{"start":{"line":41,"column":8},"end":{"line":41,"column":73}},"16":{"start":{"line":42,"column":8},"end":{"line":42,"column":96}},"17":{"start":{"line":43,"column":8},"end":{"line":43,"column":82}},"18":{"start":{"line":44,"column":8},"end":{"line":44,"column":47}},"19":{"start":{"line":45,"column":8},"end":{"line":53,"column":null}},"20":{"start":{"line":46,"column":12},"end":{"line":48,"column":null}},"21":{"start":{"line":47,"column":16},"end":{"line":47,"column":45}},"22":{"start":{"line":49,"column":12},"end":{"line":49,"column":102}},"23":{"start":{"line":50,"column":12},"end":{"line":50,"column":98}},"24":{"start":{"line":51,"column":12},"end":{"line":51,"column":41}},"25":{"start":{"line":52,"column":12},"end":{"line":52,"column":38}},"26":{"start":{"line":54,"column":8},"end":{"line":60,"column":null}},"27":{"start":{"line":55,"column":12},"end":{"line":55,"column":48}},"28":{"start":{"line":56,"column":12},"end":{"line":56,"column":49}},"29":{"start":{"line":58,"column":12},"end":{"line":58,"column":48}},"30":{"start":{"line":59,"column":12},"end":{"line":59,"column":49}},"31":{"start":{"line":61,"column":8},"end":{"line":61,"column":36}},"32":{"start":{"line":62,"column":8},"end":{"line":62,"column":34}},"33":{"start":{"line":63,"column":8},"end":{"line":63,"column":61}},"34":{"start":{"line":66,"column":12},"end":{"line":71,"column":null}},"35":{"start":{"line":67,"column":8},"end":{"line":67,"column":51}},"36":{"start":{"line":68,"column":8},"end":{"line":68,"column":61}},"37":{"start":{"line":69,"column":8},"end":{"line":69,"column":72}},"38":{"start":{"line":70,"column":8},"end":{"line":70,"column":66}},"39":{"start":{"line":73,"column":4},"end":{"line":78,"column":null}},"40":{"start":{"line":74,"column":8},"end":{"line":74,"column":43}},"41":{"start":{"line":75,"column":8},"end":{"line":77,"column":null}},"42":{"start":{"line":76,"column":12},"end":{"line":76,"column":45}},"43":{"start":{"line":80,"column":4},"end":{"line":83,"column":null}},"44":{"start":{"line":81,"column":8},"end":{"line":81,"column":97}},"45":{"start":{"line":82,"column":8},"end":{"line":82,"column":98}},"46":{"start":{"line":85,"column":4},"end":{"line":87,"column":null}},"47":{"start":{"line":86,"column":8},"end":{"line":86,"column":33}},"48":{"start":{"line":89,"column":4},"end":{"line":91,"column":null}},"49":{"start":{"line":90,"column":8},"end":{"line":90,"column":27}},"50":{"start":{"line":93,"column":4},"end":{"line":108,"column":null}},"51":{"start":{"line":94,"column":8},"end":{"line":100,"column":null}},"52":{"start":{"line":95,"column":12},"end":{"line":95,"column":91}},"53":{"start":{"line":96,"column":12},"end":{"line":96,"column":null}},"54":{"start":{"line":98,"column":12},"end":{"line":98,"column":89}},"55":{"start":{"line":99,"column":12},"end":{"line":99,"column":77}},"56":{"start":{"line":101,"column":8},"end":{"line":107,"column":null}},"57":{"start":{"line":102,"column":12},"end":{"line":102,"column":46}},"58":{"start":{"line":103,"column":12},"end":{"line":106,"column":null}},"59":{"start":{"line":104,"column":16},"end":{"line":104,"column":49}},"60":{"start":{"line":105,"column":16},"end":{"line":105,"column":23}},"61":{"start":{"line":110,"column":12},"end":{"line":113,"column":null}},"62":{"start":{"line":111,"column":8},"end":{"line":111,"column":45}},"63":{"start":{"line":112,"column":8},"end":{"line":112,"column":104}},"64":{"start":{"line":115,"column":12},"end":{"line":118,"column":null}},"65":{"start":{"line":116,"column":8},"end":{"line":116,"column":45}},"66":{"start":{"line":117,"column":8},"end":{"line":117,"column":92}},"67":{"start":{"line":120,"column":12},"end":{"line":127,"column":null}},"68":{"start":{"line":121,"column":29},"end":{"line":121,"column":97}},"69":{"start":{"line":122,"column":30},"end":{"line":122,"column":99}},"70":{"start":{"line":123,"column":8},"end":{"line":125,"column":null}},"71":{"start":{"line":124,"column":12},"end":{"line":124,"column":24}},"72":{"start":{"line":126,"column":8},"end":{"line":126,"column":21}},"73":{"start":{"line":129,"column":4},"end":{"line":141,"column":null}},"74":{"start":{"line":130,"column":8},"end":{"line":130,"column":74}},"75":{"start":{"line":131,"column":8},"end":{"line":131,"column":75}},"76":{"start":{"line":132,"column":8},"end":{"line":132,"column":73}},"77":{"start":{"line":133,"column":8},"end":{"line":133,"column":70}},"78":{"start":{"line":134,"column":8},"end":{"line":134,"column":56}},"79":{"start":{"line":135,"column":8},"end":{"line":135,"column":87}},"80":{"start":{"line":136,"column":8},"end":{"line":136,"column":104}},"81":{"start":{"line":137,"column":8},"end":{"line":137,"column":105}},"82":{"start":{"line":138,"column":8},"end":{"line":138,"column":103}},"83":{"start":{"line":139,"column":8},"end":{"line":139,"column":98}},"84":{"start":{"line":140,"column":8},"end":{"line":140,"column":99}},"85":{"start":{"line":143,"column":4},"end":{"line":155,"column":null}},"86":{"start":{"line":144,"column":8},"end":{"line":144,"column":73}},"87":{"start":{"line":145,"column":8},"end":{"line":145,"column":74}},"88":{"start":{"line":146,"column":8},"end":{"line":146,"column":74}},"89":{"start":{"line":147,"column":8},"end":{"line":147,"column":69}},"90":{"start":{"line":148,"column":8},"end":{"line":148,"column":59}},"91":{"start":{"line":149,"column":8},"end":{"line":149,"column":90}},"92":{"start":{"line":150,"column":8},"end":{"line":150,"column":107}},"93":{"start":{"line":151,"column":8},"end":{"line":151,"column":108}},"94":{"start":{"line":152,"column":8},"end":{"line":152,"column":106}},"95":{"start":{"line":153,"column":8},"end":{"line":153,"column":101}},"96":{"start":{"line":154,"column":8},"end":{"line":154,"column":102}},"97":{"start":{"line":156,"column":0},"end":{"line":156,"column":null}},"98":{"start":{"line":158,"column":0},"end":{"line":158,"column":20}}},"fnMap":{"0":{"name":"(anonymous_7)","decl":{"start":{"line":17,"column":0},"end":{"line":17,"column":19}},"loc":{"start":{"line":17,"column":0},"end":{"line":156,"column":null}}},"1":{"name":"View","decl":{"start":{"line":21,"column":4},"end":{"line":21,"column":16}},"loc":{"start":{"line":21,"column":26},"end":{"line":37,"column":5}}},"2":{"name":"(anonymous_9)","decl":{"start":{"line":39,"column":4},"end":{"line":39,"column":17}},"loc":{"start":{"line":39,"column":42},"end":{"line":64,"column":5}}},"3":{"name":"(anonymous_10)","decl":{"start":{"line":66,"column":4},"end":{"line":66,"column":12}},"loc":{"start":{"line":66,"column":75},"end":{"line":71,"column":5}}},"4":{"name":"(anonymous_11)","decl":{"start":{"line":73,"column":4},"end":{"line":73,"column":17}},"loc":{"start":{"line":73,"column":4},"end":{"line":78,"column":5}}},"5":{"name":"(anonymous_12)","decl":{"start":{"line":80,"column":4},"end":{"line":80,"column":14}},"loc":{"start":{"line":80,"column":39},"end":{"line":83,"column":5}}},"6":{"name":"(anonymous_13)","decl":{"start":{"line":85,"column":4},"end":{"line":85,"column":8}},"loc":{"start":{"line":85,"column":4},"end":{"line":87,"column":5}}},"7":{"name":"(anonymous_14)","decl":{"start":{"line":89,"column":4},"end":{"line":89,"column":8}},"loc":{"start":{"line":89,"column":4},"end":{"line":91,"column":5}}},"8":{"name":"(anonymous_15)","decl":{"start":{"line":93,"column":4},"end":{"line":93,"column":15}},"loc":{"start":{"line":93,"column":40},"end":{"line":108,"column":5}}},"9":{"name":"(anonymous_16)","decl":{"start":{"line":110,"column":4},"end":{"line":110,"column":12}},"loc":{"start":{"line":110,"column":55},"end":{"line":113,"column":5}}},"10":{"name":"(anonymous_17)","decl":{"start":{"line":115,"column":4},"end":{"line":115,"column":12}},"loc":{"start":{"line":115,"column":56},"end":{"line":118,"column":5}}},"11":{"name":"(anonymous_18)","decl":{"start":{"line":120,"column":4},"end":{"line":120,"column":12}},"loc":{"start":{"line":120,"column":66},"end":{"line":127,"column":5}}},"12":{"name":"(anonymous_19)","decl":{"start":{"line":129,"column":4},"end":{"line":129,"column":16}},"loc":{"start":{"line":129,"column":4},"end":{"line":141,"column":5}}},"13":{"name":"(anonymous_20)","decl":{"start":{"line":143,"column":4},"end":{"line":143,"column":18}},"loc":{"start":{"line":143,"column":4},"end":{"line":155,"column":5}}}},"branchMap":{"0":{"loc":{"start":{"line":22,"column":8},"end":{"line":22,"column":null}},"type":"binary-expr","locations":[{"start":{"line":22,"column":8},"end":{"line":22,"column":15}},{"start":{"line":22,"column":15},"end":{"line":22,"column":null}}]},"1":{"loc":{"start":{"line":32,"column":8},"end":{"line":34,"column":null}},"type":"if","locations":[{"start":{"line":32,"column":8},"end":{"line":34,"column":null}}]},"2":{"loc":{"start":{"line":45,"column":8},"end":{"line":53,"column":null}},"type":"if","locations":[{"start":{"line":45,"column":8},"end":{"line":53,"column":null}}]},"3":{"loc":{"start":{"line":46,"column":12},"end":{"line":48,"column":null}},"type":"if","locations":[{"start":{"line":46,"column":12},"end":{"line":48,"column":null}}]},"4":{"loc":{"start":{"line":54,"column":8},"end":{"line":60,"column":null}},"type":"if","locations":[{"start":{"line":54,"column":8},"end":{"line":60,"column":null}},{"start":{"line":57,"column":15},"end":{"line":60,"column":null}}]},"5":{"loc":{"start":{"line":54,"column":12},"end":{"line":54,"column":84}},"type":"binary-expr","locations":[{"start":{"line":54,"column":12},"end":{"line":54,"column":44}},{"start":{"line":54,"column":48},"end":{"line":54,"column":84}}]},"6":{"loc":{"start":{"line":76,"column":12},"end":{"line":76,"column":44}},"type":"cond-expr","locations":[{"start":{"line":76,"column":34},"end":{"line":76,"column":36}},{"start":{"line":76,"column":34},"end":{"line":76,"column":44}}]},"7":{"loc":{"start":{"line":76,"column":12},"end":{"line":76,"column":36}},"type":"binary-expr","locations":[{"start":{"line":76,"column":12},"end":{"line":76,"column":36}},{"start":{"line":76,"column":34},"end":{"line":76,"column":36}}]},"8":{"loc":{"start":{"line":82,"column":8},"end":{"line":82,"column":97}},"type":"cond-expr","locations":[{"start":{"line":82,"column":38},"end":{"line":82,"column":40}},{"start":{"line":82,"column":38},"end":{"line":82,"column":97}}]},"9":{"loc":{"start":{"line":82,"column":8},"end":{"line":82,"column":40}},"type":"binary-expr","locations":[{"start":{"line":82,"column":8},"end":{"line":82,"column":40}},{"start":{"line":82,"column":38},"end":{"line":82,"column":40}}]},"10":{"loc":{"start":{"line":94,"column":8},"end":{"line":100,"column":null}},"type":"if","locations":[{"start":{"line":94,"column":8},"end":{"line":100,"column":null}},{"start":{"line":97,"column":15},"end":{"line":100,"column":null}}]},"11":{"loc":{"start":{"line":94,"column":12},"end":{"line":94,"column":81}},"type":"binary-expr","locations":[{"start":{"line":94,"column":12},"end":{"line":94,"column":42}},{"start":{"line":94,"column":46},"end":{"line":94,"column":81}}]},"12":{"loc":{"start":{"line":101,"column":8},"end":{"line":107,"column":null}},"type":"if","locations":[{"start":{"line":101,"column":8},"end":{"line":107,"column":null}}]},"13":{"loc":{"start":{"line":103,"column":12},"end":{"line":106,"column":null}},"type":"if","locations":[{"start":{"line":103,"column":12},"end":{"line":106,"column":null}}]},"14":{"loc":{"start":{"line":103,"column":16},"end":{"line":103,"column":87}},"type":"binary-expr","locations":[{"start":{"line":103,"column":16},"end":{"line":103,"column":40}},{"start":{"line":103,"column":44},"end":{"line":103,"column":87}}]},"15":{"loc":{"start":{"line":123,"column":8},"end":{"line":125,"column":null}},"type":"if","locations":[{"start":{"line":123,"column":8},"end":{"line":125,"column":null}}]},"16":{"loc":{"start":{"line":123,"column":12},"end":{"line":123,"column":139}},"type":"binary-expr","locations":[{"start":{"line":123,"column":12},"end":{"line":123,"column":30}},{"start":{"line":123,"column":34},"end":{"line":123,"column":73}},{"start":{"line":123,"column":77},"end":{"line":123,"column":96}},{"start":{"line":123,"column":100},"end":{"line":123,"column":139}}]}},"s":{"0":4,"1":4,"2":4,"3":4,"4":4,"5":4,"6":4,"7":55,"8":55,"9":55,"10":55,"11":1,"12":54,"13":4,"14":31,"15":31,"16":31,"17":31,"18":31,"19":31,"20":1,"21":1,"22":1,"23":1,"24":1,"25":1,"26":31,"27":28,"28":28,"29":3,"30":3,"31":31,"32":31,"33":31,"34":4,"35":32,"36":32,"37":32,"38":32,"39":4,"40":24,"41":24,"42":16,"43":4,"44":8,"45":8,"46":4,"47":66,"48":4,"49":27,"50":4,"51":51,"52":9,"53":9,"54":42,"55":42,"56":51,"57":13,"58":13,"59":0,"60":0,"61":4,"62":2,"63":2,"64":4,"65":15,"66":15,"67":4,"68":0,"69":0,"70":0,"71":0,"72":0,"73":4,"74":5,"75":5,"76":5,"77":5,"78":5,"79":5,"80":5,"81":5,"82":5,"83":5,"84":5,"85":4,"86":5,"87":5,"88":5,"89":5,"90":5,"91":5,"92":5,"93":5,"94":5,"95":5,"96":5,"97":4,"98":4},"f":{"0":4,"1":55,"2":31,"3":32,"4":24,"5":8,"6":66,"7":27,"8":51,"9":2,"10":15,"11":0,"12":5,"13":5},"b":{"0":[55,55],"1":[1],"2":[1],"3":[1],"4":[28,3],"5":[31,31],"6":[0,16],"7":[16,16],"8":[0,8],"9":[8,8],"10":[9,42],"11":[51,42],"12":[13],"13":[0],"14":[13,0],"15":[0],"16":[0,0,0,0]}}
,"C:\\Users\\bsam\\Documents\\Веб\\meta_lamp\\slider\\src\\plugin\\components\\View\\СurrentValue.ts": {"path":"C:\\Users\\bsam\\Documents\\Веб\\meta_lamp\\slider\\src\\plugin\\components\\View\\СurrentValue.ts","statementMap":{"0":{"start":{"line":1,"column":0},"end":{"line":1,"column":null}},"1":{"start":{"line":5,"column":8},"end":{"line":5,"column":58}},"2":{"start":{"line":8,"column":4},"end":{"line":10,"column":null}},"3":{"start":{"line":9,"column":8},"end":{"line":9,"column":33}},"4":{"start":{"line":12,"column":4},"end":{"line":14,"column":null}},"5":{"start":{"line":13,"column":8},"end":{"line":13,"column":46}},"6":{"start":{"line":16,"column":4},"end":{"line":18,"column":null}},"7":{"start":{"line":17,"column":8},"end":{"line":17,"column":49}},"8":{"start":{"line":20,"column":4},"end":{"line":22,"column":null}},"9":{"start":{"line":21,"column":8},"end":{"line":21,"column":50}},"10":{"start":{"line":23,"column":0},"end":{"line":23,"column":null}},"11":{"start":{"line":25,"column":0},"end":{"line":25,"column":28}}},"fnMap":{"0":{"name":"(anonymous_0)","decl":{"start":{"line":1,"column":0},"end":{"line":1,"column":null}},"loc":{"start":{"line":1,"column":0},"end":{"line":23,"column":null}}},"1":{"name":"CurrentValue","decl":{"start":{"line":4,"column":4},"end":{"line":4,"column":null}},"loc":{"start":{"line":4,"column":4},"end":{"line":6,"column":5}}},"2":{"name":"(anonymous_2)","decl":{"start":{"line":8,"column":4},"end":{"line":8,"column":8}},"loc":{"start":{"line":8,"column":4},"end":{"line":10,"column":5}}},"3":{"name":"(anonymous_3)","decl":{"start":{"line":12,"column":4},"end":{"line":12,"column":25}},"loc":{"start":{"line":12,"column":39},"end":{"line":14,"column":5}}},"4":{"name":"(anonymous_4)","decl":{"start":{"line":16,"column":4},"end":{"line":16,"column":8}},"loc":{"start":{"line":16,"column":4},"end":{"line":18,"column":5}}},"5":{"name":"(anonymous_5)","decl":{"start":{"line":20,"column":4},"end":{"line":20,"column":8}},"loc":{"start":{"line":20,"column":4},"end":{"line":22,"column":5}}}},"branchMap":{},"s":{"0":5,"1":114,"2":5,"3":116,"4":5,"5":52,"6":5,"7":59,"8":5,"9":22,"10":5,"11":5},"f":{"0":5,"1":114,"2":116,"3":52,"4":59,"5":22},"b":{}}
}
