TN:
SF:src\plugin\components\Model\Model.ts
FN:13,(anonymous_7)
FN:15,Model
FN:174,(anonymous_9)
FN:20,(anonymous_10)
FN:37,(anonymous_11)
FN:42,(anonymous_12)
FN:67,(anonymous_13)
FN:92,(anonymous_14)
FN:111,(anonymous_15)
FN:130,(anonymous_16)
FN:148,(anonymous_17)
FN:158,(anonymous_18)
FN:166,(anonymous_19)
FN:170,(anonymous_20)
FN:181,(anonymous_21)
FNF:15
FNH:15
FNDA:2,(anonymous_7)
FNDA:53,Model
FNDA:58,(anonymous_9)
FNDA:19,(anonymous_10)
FNDA:13,(anonymous_11)
FNDA:8,(anonymous_12)
FNDA:9,(anonymous_13)
FNDA:8,(anonymous_14)
FNDA:9,(anonymous_15)
FNDA:6,(anonymous_16)
FNDA:5,(anonymous_17)
FNDA:6,(anonymous_18)
FNDA:3,(anonymous_19)
FNDA:6,(anonymous_20)
FNDA:132,(anonymous_21)
DA:1,2
DA:13,2
DA:16,53
DA:17,53
DA:20,2
DA:21,19
DA:22,19
DA:23,19
DA:24,1
DA:26,18
DA:27,2
DA:29,16
DA:30,8
DA:32,16
DA:33,9
DA:37,2
DA:38,13
DA:39,13
DA:42,2
DA:43,8
DA:44,8
DA:45,8
DA:46,8
DA:47,1
DA:49,7
DA:51,8
DA:52,8
DA:53,6
DA:54,2
DA:55,1
DA:57,1
DA:59,4
DA:60,1
DA:62,3
DA:67,2
DA:68,9
DA:69,9
DA:70,9
DA:71,1
DA:72,8
DA:73,3
DA:74,1
DA:75,2
DA:76,1
DA:78,1
DA:81,5
DA:82,3
DA:83,2
DA:84,1
DA:86,1
DA:89,9
DA:92,2
DA:93,8
DA:94,8
DA:95,8
DA:96,4
DA:97,1
DA:99,3
DA:100,1
DA:102,2
DA:103,1
DA:105,1
DA:107,4
DA:111,2
DA:112,9
DA:113,4
DA:114,4
DA:115,4
DA:116,3
DA:117,3
DA:118,2
DA:120,3
DA:121,1
DA:123,3
DA:125,1
DA:127,5
DA:130,2
DA:131,6
DA:132,5
DA:133,5
DA:134,5
DA:135,4
DA:136,4
DA:137,1
DA:138,3
DA:139,1
DA:141,4
DA:143,1
DA:145,1
DA:148,2
DA:149,5
DA:150,5
DA:151,5
DA:152,4
DA:153,4
DA:155,1
DA:158,2
DA:159,6
DA:160,2
DA:162,4
DA:166,2
DA:167,3
DA:170,2
DA:171,6
DA:174,53
DA:175,58
DA:176,1
DA:178,57
DA:181,2
DA:182,132
DA:184,2
DA:186,2
LF:112
LH:112
BRDA:16,0,0,53
BRDA:16,0,1,53
BRDA:175,1,0,1
BRDA:23,2,0,1
BRDA:26,3,0,2
BRDA:26,4,0,18
BRDA:26,4,1,17
BRDA:29,5,0,8
BRDA:29,6,0,16
BRDA:29,6,1,9
BRDA:32,7,0,9
BRDA:32,8,0,16
BRDA:32,8,1,15
BRDA:32,8,2,8
BRDA:46,9,0,1
BRDA:46,9,1,7
BRDA:52,10,0,6
BRDA:52,11,0,8
BRDA:52,11,1,6
BRDA:53,12,0,2
BRDA:53,12,1,4
BRDA:54,13,0,1
BRDA:59,14,0,1
BRDA:59,15,0,4
BRDA:59,15,1,1
BRDA:70,16,0,1
BRDA:70,16,1,8
BRDA:72,17,0,3
BRDA:72,17,1,5
BRDA:72,18,0,8
BRDA:72,18,1,3
BRDA:73,19,0,1
BRDA:73,19,1,2
BRDA:75,20,0,1
BRDA:75,20,1,1
BRDA:81,21,0,3
BRDA:81,21,1,2
BRDA:83,22,0,1
BRDA:83,22,1,1
BRDA:95,23,0,4
BRDA:96,24,0,1
BRDA:96,24,1,3
BRDA:99,25,0,1
BRDA:99,25,1,2
BRDA:102,26,0,1
BRDA:102,26,1,1
BRDA:112,27,0,4
BRDA:115,28,0,3
BRDA:117,29,0,2
BRDA:120,30,0,1
BRDA:120,31,0,3
BRDA:120,31,1,1
BRDA:131,32,0,5
BRDA:134,33,0,4
BRDA:136,34,0,1
BRDA:136,34,1,3
BRDA:136,35,0,4
BRDA:136,35,1,1
BRDA:138,36,0,1
BRDA:151,37,0,4
BRDA:159,38,0,2
BRDA:159,38,1,4
BRDA:159,39,0,6
BRDA:159,39,1,6
BRDA:159,39,2,5
BRF:65
BRH:65
end_of_record
TN:
SF:src\plugin\components\Observer\Observer.ts
FN:5,(anonymous_0)
FN:8,Observer
FN:12,(anonymous_2)
FN:16,(anonymous_3)
FN:17,(anonymous_4)
FN:24,(anonymous_5)
FN:25,(anonymous_6)
FNF:7
FNH:7
FNDA:6,(anonymous_0)
FNDA:112,Observer
FNDA:18,(anonymous_2)
FNDA:1,(anonymous_3)
FNDA:1,(anonymous_4)
FNDA:1,(anonymous_5)
FNDA:2,(anonymous_6)
DA:5,6
DA:9,112
DA:12,6
DA:13,18
DA:16,6
DA:17,1
DA:18,1
DA:19,1
DA:24,6
DA:25,1
DA:26,2
DA:29,6
DA:31,6
LF:13
LH:13
BRDA:18,0,0,1
BRF:1
BRH:1
end_of_record
TN:
SF:src\plugin\components\Presenter\Presenter.ts
FN:4,(anonymous_0)
FN:7,Presenter
FN:13,(anonymous_2)
FN:17,(anonymous_3)
FN:21,(anonymous_4)
FN:35,(anonymous_5)
FN:43,(anonymous_6)
FN:50,(anonymous_7)
FN:60,(anonymous_8)
FN:70,(anonymous_9)
FN:81,(anonymous_10)
FN:92,(anonymous_11)
FN:103,(anonymous_12)
FN:111,(anonymous_13)
FN:123,(anonymous_14)
FN:128,(anonymous_15)
FN:133,(anonymous_16)
FNF:17
FNH:17
FNDA:1,(anonymous_0)
FNDA:30,Presenter
FNDA:50,(anonymous_2)
FNDA:22,(anonymous_3)
FNDA:7,(anonymous_4)
FNDA:3,(anonymous_5)
FNDA:3,(anonymous_6)
FNDA:3,(anonymous_7)
FNDA:3,(anonymous_8)
FNDA:4,(anonymous_9)
FNDA:2,(anonymous_10)
FNDA:3,(anonymous_11)
FNDA:4,(anonymous_12)
FNDA:5,(anonymous_13)
FNDA:2,(anonymous_14)
FNDA:22,(anonymous_15)
FNDA:9,(anonymous_16)
DA:4,1
DA:8,30
DA:9,30
DA:13,1
DA:14,50
DA:17,1
DA:18,22
DA:21,1
DA:22,7
DA:23,7
DA:24,7
DA:25,7
DA:26,1
DA:27,1
DA:29,6
DA:31,7
DA:32,7
DA:35,1
DA:36,3
DA:37,1
DA:39,2
DA:40,2
DA:43,1
DA:44,3
DA:45,2
DA:47,1
DA:50,1
DA:51,3
DA:52,1
DA:53,2
DA:54,2
DA:56,3
DA:57,3
DA:60,1
DA:61,3
DA:62,1
DA:63,2
DA:64,2
DA:66,3
DA:67,3
DA:70,1
DA:71,4
DA:72,4
DA:73,1
DA:74,3
DA:75,3
DA:77,4
DA:78,4
DA:81,1
DA:82,2
DA:83,2
DA:84,1
DA:85,1
DA:86,1
DA:88,2
DA:89,2
DA:92,1
DA:93,3
DA:94,3
DA:95,1
DA:96,2
DA:97,2
DA:99,3
DA:100,3
DA:103,1
DA:104,4
DA:105,4
DA:106,3
DA:108,4
DA:111,1
DA:112,5
DA:113,2
DA:114,2
DA:116,3
DA:117,3
DA:119,5
DA:120,5
DA:123,1
DA:124,2
DA:125,2
DA:128,1
DA:129,22
DA:130,22
DA:133,1
DA:134,9
DA:135,9
DA:137,1
DA:139,1
LF:88
LH:88
BRDA:25,0,0,1
BRDA:25,0,1,6
BRDA:36,1,0,1
BRDA:36,2,0,3
BRDA:36,2,1,2
BRDA:44,3,0,2
BRDA:44,4,0,3
BRDA:44,4,1,2
BRDA:51,5,0,1
BRDA:51,5,1,2
BRDA:51,6,0,3
BRDA:51,6,1,1
BRDA:53,7,0,2
BRDA:53,8,0,2
BRDA:53,8,1,2
BRDA:61,9,0,1
BRDA:61,9,1,2
BRDA:61,10,0,3
BRDA:61,10,1,1
BRDA:63,11,0,2
BRDA:63,12,0,2
BRDA:63,12,1,2
BRDA:72,13,0,1
BRDA:72,13,1,3
BRDA:72,14,0,4
BRDA:72,14,1,1
BRDA:74,15,0,3
BRDA:74,16,0,3
BRDA:74,16,1,3
BRDA:83,17,0,1
BRDA:83,17,1,1
BRDA:83,18,0,2
BRDA:83,18,1,1
BRDA:85,19,0,1
BRDA:85,20,0,1
BRDA:85,20,1,1
BRDA:94,21,0,1
BRDA:94,21,1,2
BRDA:94,22,0,3
BRDA:94,22,1,1
BRDA:96,23,0,2
BRDA:96,24,0,2
BRDA:96,24,1,2
BRDA:105,25,0,3
BRDA:105,26,0,4
BRDA:105,26,1,3
BRDA:105,26,2,3
BRDA:112,27,0,2
BRDA:112,27,1,3
BRF:49
BRH:49
end_of_record
TN:
SF:src\plugin\components\View\Labels.ts
FN:3,(anonymous_0)
FN:7,Labels
FN:12,(anonymous_2)
FN:14,(anonymous_3)
FN:31,(anonymous_4)
FN:36,(anonymous_5)
FN:65,(anonymous_6)
FN:72,(anonymous_7)
FN:76,(anonymous_8)
FNF:9
FNH:8
FNDA:4,(anonymous_0)
FNDA:58,Labels
FNDA:33,(anonymous_2)
FNDA:33,(anonymous_3)
FNDA:107,(anonymous_4)
FNDA:0,(anonymous_5)
FNDA:25,(anonymous_6)
FNDA:44,(anonymous_7)
FNDA:4,(anonymous_8)
DA:3,4
DA:8,58
DA:9,58
DA:12,4
DA:13,33
DA:14,33
DA:15,33
DA:16,2
DA:18,31
DA:20,33
DA:21,33
DA:22,33
DA:23,4
DA:25,33
DA:26,33
DA:27,107
DA:31,4
DA:32,107
DA:33,107
DA:34,107
DA:35,107
DA:36,107
DA:37,0
DA:38,0
DA:39,0
DA:40,0
DA:41,0
DA:42,0
DA:43,0
DA:44,0
DA:45,0
DA:48,0
DA:50,0
DA:53,107
DA:54,107
DA:55,9
DA:56,9
DA:58,98
DA:59,98
DA:61,107
DA:62,107
DA:65,4
DA:66,25
DA:67,19
DA:68,19
DA:72,4
DA:73,44
DA:76,4
DA:77,4
DA:79,4
DA:81,4
LF:51
LH:40
BRDA:15,0,0,2
BRDA:37,1,0,0
BRDA:40,2,0,0
BRDA:40,2,1,0
BRDA:41,3,0,0
BRDA:41,3,1,0
BRDA:43,4,0,0
BRDA:54,5,0,9
BRDA:54,5,1,98
BRDA:62,6,0,0
BRDA:62,6,1,107
BRDA:62,7,0,107
BRDA:62,7,1,107
BRDA:67,8,0,0
BRDA:67,8,1,19
BRDA:67,9,0,19
BRDA:67,9,1,19
BRF:17
BRH:9
end_of_record
TN:
SF:src\plugin\components\View\SliderHandle.ts
FN:3,(anonymous_0)
FN:6,SliderHandle
FN:10,(anonymous_2)
FN:11,(anonymous_3)
FN:12,(anonymous_4)
FN:17,(anonymous_5)
FN:24,(anonymous_6)
FN:27,(anonymous_7)
FN:33,(anonymous_8)
FN:37,(anonymous_9)
FN:46,(anonymous_10)
FN:50,(anonymous_11)
FNF:12
FNH:7
FNDA:4,(anonymous_0)
FNDA:115,SliderHandle
FNDA:17,(anonymous_2)
FNDA:0,(anonymous_3)
FNDA:0,(anonymous_4)
FNDA:0,(anonymous_5)
FNDA:0,(anonymous_6)
FNDA:0,(anonymous_7)
FNDA:150,(anonymous_8)
FNDA:52,(anonymous_9)
FNDA:1,(anonymous_10)
FNDA:1,(anonymous_11)
DA:3,4
DA:7,115
DA:10,17
DA:11,17
DA:12,0
DA:13,0
DA:14,0
DA:15,0
DA:17,0
DA:18,0
DA:19,0
DA:21,0
DA:22,0
DA:24,17
DA:25,0
DA:27,17
DA:28,0
DA:30,17
DA:33,4
DA:34,150
DA:37,4
DA:38,52
DA:39,52
DA:40,3
DA:42,49
DA:46,4
DA:47,1
DA:50,4
DA:51,1
DA:53,4
DA:55,4
LF:31
LH:20
BRDA:13,0,0,0
BRDA:13,0,1,0
BRDA:14,1,0,0
BRDA:14,1,1,0
BRDA:39,2,0,3
BRDA:39,2,1,49
BRF:6
BRH:2
end_of_record
TN:
SF:src\plugin\components\View\SliderTrack.ts
FN:3,(anonymous_0)
FN:6,SliderTrack
FN:10,(anonymous_2)
FN:14,(anonymous_3)
FN:16,(anonymous_4)
FN:26,(anonymous_5)
FN:37,(anonymous_6)
FN:48,(anonymous_7)
FN:68,(anonymous_8)
FN:72,(anonymous_9)
FNF:10
FNH:10
FNDA:5,(anonymous_0)
FNDA:58,SliderTrack
FNDA:32,(anonymous_2)
FNDA:47,(anonymous_3)
FNDA:2,(anonymous_4)
FNDA:2,(anonymous_5)
FNDA:4,(anonymous_6)
FNDA:39,(anonymous_7)
FNDA:4,(anonymous_8)
FNDA:83,(anonymous_9)
DA:3,5
DA:7,58
DA:10,5
DA:11,32
DA:14,47
DA:15,47
DA:17,2
DA:18,2
DA:19,1
DA:20,1
DA:22,1
DA:23,1
DA:27,2
DA:28,2
DA:29,2
DA:30,1
DA:31,1
DA:33,1
DA:34,1
DA:38,4
DA:39,4
DA:40,4
DA:41,1
DA:42,1
DA:44,3
DA:45,3
DA:49,39
DA:50,3
DA:52,36
DA:56,47
DA:57,2
DA:58,2
DA:59,2
DA:60,2
DA:61,4
DA:62,4
DA:63,39
DA:64,39
DA:68,5
DA:69,4
DA:72,5
DA:73,83
DA:75,5
DA:77,5
LF:44
LH:44
BRDA:18,0,0,1
BRDA:18,0,1,1
BRDA:29,1,0,1
BRDA:29,1,1,1
BRDA:40,2,0,1
BRDA:40,2,1,3
BRDA:49,3,0,3
BRDA:49,3,1,36
BRDA:56,4,0,2
BRDA:56,4,1,2
BRDA:56,4,2,4
BRDA:56,4,3,39
BRF:12
BRH:12
end_of_record
TN:
SF:src\plugin\components\View\View.ts
FN:17,(anonymous_7)
FN:21,View
FN:39,(anonymous_9)
FN:66,(anonymous_10)
FN:73,(anonymous_11)
FN:80,(anonymous_12)
FN:85,(anonymous_13)
FN:89,(anonymous_14)
FN:93,(anonymous_15)
FN:110,(anonymous_16)
FN:115,(anonymous_17)
FN:120,(anonymous_18)
FN:129,(anonymous_19)
FN:143,(anonymous_20)
FNF:14
FNH:13
FNDA:4,(anonymous_7)
FNDA:55,View
FNDA:31,(anonymous_9)
FNDA:32,(anonymous_10)
FNDA:24,(anonymous_11)
FNDA:8,(anonymous_12)
FNDA:66,(anonymous_13)
FNDA:27,(anonymous_14)
FNDA:51,(anonymous_15)
FNDA:2,(anonymous_16)
FNDA:15,(anonymous_17)
FNDA:0,(anonymous_18)
FNDA:5,(anonymous_19)
FNDA:5,(anonymous_20)
DA:1,4
DA:2,4
DA:3,4
DA:4,4
DA:6,4
DA:17,4
DA:22,55
DA:23,55
DA:31,55
DA:32,55
DA:33,1
DA:35,54
DA:39,4
DA:40,31
DA:41,31
DA:42,31
DA:43,31
DA:44,31
DA:45,31
DA:46,1
DA:47,1
DA:49,1
DA:50,1
DA:51,1
DA:52,1
DA:54,31
DA:55,28
DA:56,28
DA:58,3
DA:59,3
DA:61,31
DA:62,31
DA:63,31
DA:66,4
DA:67,32
DA:68,32
DA:69,32
DA:70,32
DA:73,4
DA:74,24
DA:75,24
DA:76,16
DA:80,4
DA:81,8
DA:82,8
DA:85,4
DA:86,66
DA:89,4
DA:90,27
DA:93,4
DA:94,51
DA:95,9
DA:96,9
DA:98,42
DA:99,42
DA:101,51
DA:102,13
DA:103,13
DA:104,0
DA:105,0
DA:110,4
DA:111,2
DA:112,2
DA:115,4
DA:116,15
DA:117,15
DA:120,4
DA:121,0
DA:122,0
DA:123,0
DA:124,0
DA:126,0
DA:129,4
DA:130,5
DA:131,5
DA:132,5
DA:133,5
DA:134,5
DA:135,5
DA:136,5
DA:137,5
DA:138,5
DA:139,5
DA:140,5
DA:143,4
DA:144,5
DA:145,5
DA:146,5
DA:147,5
DA:148,5
DA:149,5
DA:150,5
DA:151,5
DA:152,5
DA:153,5
DA:154,5
DA:156,4
DA:158,4
LF:98
LH:91
BRDA:22,0,0,55
BRDA:22,0,1,55
BRDA:32,1,0,1
BRDA:45,2,0,1
BRDA:46,3,0,1
BRDA:54,4,0,28
BRDA:54,4,1,3
BRDA:54,5,0,31
BRDA:54,5,1,31
BRDA:76,6,0,0
BRDA:76,6,1,16
BRDA:76,7,0,16
BRDA:76,7,1,16
BRDA:82,8,0,0
BRDA:82,8,1,8
BRDA:82,9,0,8
BRDA:82,9,1,8
BRDA:94,10,0,9
BRDA:94,10,1,42
BRDA:94,11,0,51
BRDA:94,11,1,42
BRDA:101,12,0,13
BRDA:103,13,0,0
BRDA:103,14,0,13
BRDA:103,14,1,0
BRDA:123,15,0,0
BRDA:123,16,0,0
BRDA:123,16,1,0
BRDA:123,16,2,0
BRDA:123,16,3,0
BRF:30
BRH:21
end_of_record
TN:
SF:src\plugin\components\View\СurrentValue.ts
FN:1,(anonymous_0)
FN:4,CurrentValue
FN:8,(anonymous_2)
FN:12,(anonymous_3)
FN:16,(anonymous_4)
FN:20,(anonymous_5)
FNF:6
FNH:6
FNDA:5,(anonymous_0)
FNDA:114,CurrentValue
FNDA:116,(anonymous_2)
FNDA:52,(anonymous_3)
FNDA:59,(anonymous_4)
FNDA:22,(anonymous_5)
DA:1,5
DA:5,114
DA:8,5
DA:9,116
DA:12,5
DA:13,52
DA:16,5
DA:17,59
DA:20,5
DA:21,22
DA:23,5
DA:25,5
LF:12
LH:12
BRF:0
BRH:0
end_of_record
