TN:
SF:src\plugin\components\Model\Model.ts
FN:13,(anonymous_7)
FN:15,Model
FN:176,(anonymous_9)
FN:20,(anonymous_10)
FN:37,(anonymous_11)
FN:42,(anonymous_12)
FN:67,(anonymous_13)
FN:94,(anonymous_14)
FN:113,(anonymous_15)
FN:132,(anonymous_16)
FN:150,(anonymous_17)
FN:160,(anonymous_18)
FN:168,(anonymous_19)
FN:172,(anonymous_20)
FN:183,(anonymous_21)
FNF:15
FNH:15
FNDA:2,(anonymous_7)
FNDA:46,Model
FNDA:40,(anonymous_9)
FNDA:19,(anonymous_10)
FNDA:13,(anonymous_11)
FNDA:6,(anonymous_12)
FNDA:4,(anonymous_13)
FNDA:4,(anonymous_14)
FNDA:5,(anonymous_15)
FNDA:3,(anonymous_16)
FNDA:4,(anonymous_17)
FNDA:6,(anonymous_18)
FNDA:3,(anonymous_19)
FNDA:6,(anonymous_20)
FNDA:103,(anonymous_21)
DA:1,2
DA:13,2
DA:16,46
DA:17,46
DA:20,2
DA:21,19
DA:22,19
DA:23,19
DA:24,1
DA:26,18
DA:27,2
DA:29,16
DA:30,8
DA:32,16
DA:33,9
DA:37,2
DA:38,13
DA:39,13
DA:42,2
DA:43,6
DA:44,6
DA:45,6
DA:46,6
DA:47,0
DA:49,6
DA:51,6
DA:52,6
DA:53,4
DA:54,1
DA:55,0
DA:57,1
DA:59,3
DA:60,1
DA:62,2
DA:67,2
DA:68,4
DA:69,4
DA:70,4
DA:71,1
DA:72,0
DA:73,1
DA:74,1
DA:75,0
DA:76,0
DA:78,0
DA:81,3
DA:82,0
DA:83,3
DA:84,2
DA:85,1
DA:86,1
DA:88,0
DA:91,4
DA:94,2
DA:95,4
DA:96,4
DA:97,4
DA:98,1
DA:99,1
DA:101,0
DA:102,0
DA:104,0
DA:105,0
DA:107,0
DA:109,1
DA:113,2
DA:114,5
DA:115,1
DA:116,1
DA:117,1
DA:118,1
DA:119,1
DA:120,0
DA:122,1
DA:123,0
DA:125,1
DA:127,0
DA:129,4
DA:132,2
DA:133,3
DA:134,2
DA:135,2
DA:136,2
DA:137,2
DA:138,2
DA:139,0
DA:140,2
DA:141,1
DA:143,2
DA:145,0
DA:147,1
DA:150,2
DA:151,4
DA:152,4
DA:153,4
DA:154,3
DA:155,3
DA:157,1
DA:160,2
DA:161,6
DA:162,2
DA:164,4
DA:168,2
DA:169,3
DA:172,2
DA:173,6
DA:176,46
DA:177,40
DA:178,1
DA:180,39
DA:183,2
DA:184,103
DA:186,2
DA:188,2
LF:114
LH:96
BRDA:16,0,0,46
BRDA:16,0,1,46
BRDA:177,1,0,1
BRDA:23,2,0,1
BRDA:26,3,0,2
BRDA:26,4,0,18
BRDA:26,4,1,17
BRDA:29,5,0,8
BRDA:29,6,0,16
BRDA:29,6,1,9
BRDA:32,7,0,9
BRDA:32,8,0,16
BRDA:32,8,1,15
BRDA:32,8,2,8
BRDA:46,9,0,0
BRDA:46,9,1,6
BRDA:52,10,0,4
BRDA:52,11,0,6
BRDA:52,11,1,4
BRDA:53,12,0,1
BRDA:53,12,1,3
BRDA:54,13,0,0
BRDA:59,14,0,1
BRDA:59,15,0,3
BRDA:59,15,1,1
BRDA:70,16,0,1
BRDA:70,16,1,3
BRDA:70,17,0,4
BRDA:70,17,1,1
BRDA:71,18,0,0
BRDA:71,18,1,1
BRDA:73,19,0,1
BRDA:73,19,1,0
BRDA:75,20,0,0
BRDA:75,20,1,0
BRDA:81,21,0,0
BRDA:81,21,1,3
BRDA:83,22,0,2
BRDA:83,22,1,1
BRDA:85,23,0,1
BRDA:85,23,1,0
BRDA:97,24,0,1
BRDA:98,25,0,1
BRDA:98,25,1,0
BRDA:101,26,0,0
BRDA:101,26,1,0
BRDA:104,27,0,0
BRDA:104,27,1,0
BRDA:114,28,0,1
BRDA:117,29,0,1
BRDA:119,30,0,0
BRDA:122,31,0,0
BRDA:122,32,0,1
BRDA:122,32,1,0
BRDA:133,33,0,2
BRDA:136,34,0,2
BRDA:138,35,0,0
BRDA:138,35,1,2
BRDA:138,36,0,2
BRDA:138,36,1,0
BRDA:140,37,0,1
BRDA:153,38,0,3
BRDA:161,39,0,2
BRDA:161,39,1,4
BRDA:161,40,0,6
BRDA:161,40,1,6
BRDA:161,40,2,5
BRF:67
BRH:49
end_of_record
TN:
SF:src\plugin\components\Observer\Observer.ts
FN:5,(anonymous_0)
FN:8,Observer
FN:12,(anonymous_2)
FN:16,(anonymous_3)
FN:17,(anonymous_4)
FN:24,(anonymous_5)
FN:25,(anonymous_6)
FNF:7
FNH:7
FNDA:6,(anonymous_0)
FNDA:101,Observer
FNDA:18,(anonymous_2)
FNDA:1,(anonymous_3)
FNDA:1,(anonymous_4)
FNDA:1,(anonymous_5)
FNDA:2,(anonymous_6)
DA:5,6
DA:9,101
DA:12,6
DA:13,18
DA:16,6
DA:17,1
DA:18,1
DA:19,1
DA:24,6
DA:25,1
DA:26,2
DA:29,6
DA:31,6
LF:13
LH:13
BRDA:18,0,0,1
BRF:1
BRH:1
end_of_record
TN:
SF:src\plugin\components\Presenter\Presenter.ts
FN:4,(anonymous_0)
FN:7,Presenter
FN:13,(anonymous_2)
FN:17,(anonymous_3)
FN:21,(anonymous_4)
FN:35,(anonymous_5)
FN:43,(anonymous_6)
FN:50,(anonymous_7)
FN:60,(anonymous_8)
FN:70,(anonymous_9)
FN:81,(anonymous_10)
FN:92,(anonymous_11)
FN:103,(anonymous_12)
FN:111,(anonymous_13)
FN:123,(anonymous_14)
FN:128,(anonymous_15)
FN:133,(anonymous_16)
FNF:17
FNH:17
FNDA:1,(anonymous_0)
FNDA:30,Presenter
FNDA:46,(anonymous_2)
FNDA:22,(anonymous_3)
FNDA:7,(anonymous_4)
FNDA:3,(anonymous_5)
FNDA:3,(anonymous_6)
FNDA:2,(anonymous_7)
FNDA:2,(anonymous_8)
FNDA:3,(anonymous_9)
FNDA:1,(anonymous_10)
FNDA:2,(anonymous_11)
FNDA:4,(anonymous_12)
FNDA:5,(anonymous_13)
FNDA:2,(anonymous_14)
FNDA:19,(anonymous_15)
FNDA:7,(anonymous_16)
DA:4,1
DA:8,30
DA:9,30
DA:13,1
DA:14,46
DA:17,1
DA:18,22
DA:21,1
DA:22,7
DA:23,7
DA:24,7
DA:25,7
DA:26,1
DA:27,1
DA:29,6
DA:31,7
DA:32,7
DA:35,1
DA:36,3
DA:37,1
DA:39,2
DA:40,2
DA:43,1
DA:44,3
DA:45,2
DA:47,1
DA:50,1
DA:51,2
DA:52,0
DA:53,2
DA:54,2
DA:56,2
DA:57,2
DA:60,1
DA:61,2
DA:62,0
DA:63,2
DA:64,2
DA:66,2
DA:67,2
DA:70,1
DA:71,3
DA:72,3
DA:73,0
DA:74,3
DA:75,3
DA:77,3
DA:78,3
DA:81,1
DA:82,1
DA:83,1
DA:84,0
DA:85,1
DA:86,1
DA:88,1
DA:89,1
DA:92,1
DA:93,2
DA:94,2
DA:95,0
DA:96,2
DA:97,2
DA:99,2
DA:100,2
DA:103,1
DA:104,4
DA:105,4
DA:106,3
DA:108,4
DA:111,1
DA:112,5
DA:113,2
DA:114,2
DA:116,3
DA:117,3
DA:119,5
DA:120,5
DA:123,1
DA:124,2
DA:125,2
DA:128,1
DA:129,19
DA:130,19
DA:133,1
DA:134,7
DA:135,7
DA:137,1
DA:139,1
LF:88
LH:83
BRDA:25,0,0,1
BRDA:25,0,1,6
BRDA:36,1,0,1
BRDA:36,2,0,3
BRDA:36,2,1,2
BRDA:44,3,0,2
BRDA:44,4,0,3
BRDA:44,4,1,2
BRDA:51,5,0,0
BRDA:51,5,1,2
BRDA:51,6,0,2
BRDA:51,6,1,0
BRDA:53,7,0,2
BRDA:53,8,0,2
BRDA:53,8,1,2
BRDA:61,9,0,0
BRDA:61,9,1,2
BRDA:61,10,0,2
BRDA:61,10,1,0
BRDA:63,11,0,2
BRDA:63,12,0,2
BRDA:63,12,1,2
BRDA:72,13,0,0
BRDA:72,13,1,3
BRDA:72,14,0,3
BRDA:72,14,1,0
BRDA:74,15,0,3
BRDA:74,16,0,3
BRDA:74,16,1,3
BRDA:83,17,0,0
BRDA:83,17,1,1
BRDA:83,18,0,1
BRDA:83,18,1,0
BRDA:85,19,0,1
BRDA:85,20,0,1
BRDA:85,20,1,1
BRDA:94,21,0,0
BRDA:94,21,1,2
BRDA:94,22,0,2
BRDA:94,22,1,0
BRDA:96,23,0,2
BRDA:96,24,0,2
BRDA:96,24,1,2
BRDA:105,25,0,3
BRDA:105,26,0,4
BRDA:105,26,1,3
BRDA:105,26,2,3
BRDA:112,27,0,2
BRDA:112,27,1,3
BRF:49
BRH:39
end_of_record
TN:
SF:src\plugin\components\View\Labels.ts
FN:3,(anonymous_0)
FN:7,Labels
FN:12,(anonymous_2)
FN:14,(anonymous_3)
FN:31,(anonymous_4)
FN:36,(anonymous_5)
FN:65,(anonymous_6)
FN:72,(anonymous_7)
FN:76,(anonymous_8)
FNF:9
FNH:8
FNDA:4,(anonymous_0)
FNDA:54,Labels
FNDA:28,(anonymous_2)
FNDA:28,(anonymous_3)
FNDA:85,(anonymous_4)
FNDA:0,(anonymous_5)
FNDA:22,(anonymous_6)
FNDA:39,(anonymous_7)
FNDA:4,(anonymous_8)
DA:3,4
DA:8,54
DA:9,54
DA:12,4
DA:13,28
DA:14,28
DA:15,28
DA:16,0
DA:18,28
DA:20,28
DA:21,28
DA:22,28
DA:23,0
DA:25,28
DA:26,28
DA:27,85
DA:31,4
DA:32,85
DA:33,85
DA:34,85
DA:35,85
DA:36,85
DA:37,0
DA:38,0
DA:39,0
DA:40,0
DA:41,0
DA:42,0
DA:43,0
DA:44,0
DA:45,0
DA:48,0
DA:50,0
DA:53,85
DA:54,85
DA:55,9
DA:56,9
DA:58,76
DA:59,76
DA:61,85
DA:62,85
DA:65,4
DA:66,22
DA:67,9
DA:68,9
DA:72,4
DA:73,39
DA:76,4
DA:77,4
DA:79,4
DA:81,4
LF:51
LH:38
BRDA:15,0,0,0
BRDA:37,1,0,0
BRDA:40,2,0,0
BRDA:40,2,1,0
BRDA:41,3,0,0
BRDA:41,3,1,0
BRDA:43,4,0,0
BRDA:54,5,0,9
BRDA:54,5,1,76
BRDA:62,6,0,0
BRDA:62,6,1,85
BRDA:62,7,0,85
BRDA:62,7,1,85
BRDA:67,8,0,0
BRDA:67,8,1,9
BRDA:67,9,0,9
BRDA:67,9,1,9
BRF:17
BRH:8
end_of_record
TN:
SF:src\plugin\components\View\SliderHandle.ts
FN:3,(anonymous_0)
FN:6,SliderHandle
FN:10,(anonymous_2)
FN:11,(anonymous_3)
FN:12,(anonymous_4)
FN:17,(anonymous_5)
FN:24,(anonymous_6)
FN:27,(anonymous_7)
FN:33,(anonymous_8)
FN:37,(anonymous_9)
FN:46,(anonymous_10)
FN:50,(anonymous_11)
FNF:12
FNH:7
FNDA:4,(anonymous_0)
FNDA:107,SliderHandle
FNDA:17,(anonymous_2)
FNDA:0,(anonymous_3)
FNDA:0,(anonymous_4)
FNDA:0,(anonymous_5)
FNDA:0,(anonymous_6)
FNDA:0,(anonymous_7)
FNDA:135,(anonymous_8)
FNDA:45,(anonymous_9)
FNDA:1,(anonymous_10)
FNDA:1,(anonymous_11)
DA:3,4
DA:7,107
DA:10,17
DA:11,17
DA:12,0
DA:13,0
DA:14,0
DA:15,0
DA:17,0
DA:18,0
DA:19,0
DA:21,0
DA:22,0
DA:24,17
DA:25,0
DA:27,17
DA:28,0
DA:30,17
DA:33,4
DA:34,135
DA:37,4
DA:38,45
DA:39,45
DA:40,3
DA:42,42
DA:46,4
DA:47,1
DA:50,4
DA:51,1
DA:53,4
DA:55,4
LF:31
LH:20
BRDA:13,0,0,0
BRDA:13,0,1,0
BRDA:14,1,0,0
BRDA:14,1,1,0
BRDA:39,2,0,3
BRDA:39,2,1,42
BRF:6
BRH:2
end_of_record
TN:
SF:src\plugin\components\View\SliderTrack.ts
FN:3,(anonymous_0)
FN:6,SliderTrack
FN:10,(anonymous_2)
FN:14,(anonymous_3)
FN:16,(anonymous_4)
FN:26,(anonymous_5)
FN:37,(anonymous_6)
FN:48,(anonymous_7)
FN:68,(anonymous_8)
FN:72,(anonymous_9)
FNF:10
FNH:10
FNDA:5,(anonymous_0)
FNDA:54,SliderTrack
FNDA:27,(anonymous_2)
FNDA:40,(anonymous_3)
FNDA:2,(anonymous_4)
FNDA:2,(anonymous_5)
FNDA:4,(anonymous_6)
FNDA:32,(anonymous_7)
FNDA:4,(anonymous_8)
FNDA:78,(anonymous_9)
DA:3,5
DA:7,54
DA:10,5
DA:11,27
DA:14,40
DA:15,40
DA:17,2
DA:18,2
DA:19,1
DA:20,1
DA:22,1
DA:23,1
DA:27,2
DA:28,2
DA:29,2
DA:30,1
DA:31,1
DA:33,1
DA:34,1
DA:38,4
DA:39,4
DA:40,4
DA:41,1
DA:42,1
DA:44,3
DA:45,3
DA:49,32
DA:50,3
DA:52,29
DA:56,40
DA:57,2
DA:58,2
DA:59,2
DA:60,2
DA:61,4
DA:62,4
DA:63,32
DA:64,32
DA:68,5
DA:69,4
DA:72,5
DA:73,78
DA:75,5
DA:77,5
LF:44
LH:44
BRDA:18,0,0,1
BRDA:18,0,1,1
BRDA:29,1,0,1
BRDA:29,1,1,1
BRDA:40,2,0,1
BRDA:40,2,1,3
BRDA:49,3,0,3
BRDA:49,3,1,29
BRDA:56,4,0,2
BRDA:56,4,1,2
BRDA:56,4,2,4
BRDA:56,4,3,32
BRF:12
BRH:12
end_of_record
TN:
SF:src\plugin\components\View\View.ts
FN:17,(anonymous_7)
FN:21,View
FN:39,(anonymous_9)
FN:72,(anonymous_10)
FN:79,(anonymous_11)
FN:84,(anonymous_12)
FN:88,(anonymous_13)
FN:92,(anonymous_14)
FN:107,(anonymous_15)
FN:112,(anonymous_16)
FN:117,(anonymous_17)
FN:126,(anonymous_18)
FN:140,(anonymous_19)
FNF:13
FNH:13
FNDA:4,(anonymous_7)
FNDA:51,View
FNDA:26,(anonymous_9)
FNDA:21,(anonymous_10)
FNDA:8,(anonymous_11)
FNDA:60,(anonymous_12)
FNDA:27,(anonymous_13)
FNDA:44,(anonymous_14)
FNDA:2,(anonymous_15)
FNDA:46,(anonymous_16)
FNDA:12,(anonymous_17)
FNDA:5,(anonymous_18)
FNDA:5,(anonymous_19)
DA:1,4
DA:2,4
DA:3,4
DA:4,4
DA:6,4
DA:17,4
DA:22,51
DA:23,51
DA:31,51
DA:32,51
DA:33,0
DA:35,51
DA:39,4
DA:40,26
DA:41,26
DA:42,26
DA:43,26
DA:44,26
DA:45,26
DA:46,26
DA:47,26
DA:48,26
DA:49,1
DA:50,1
DA:51,1
DA:52,1
DA:54,1
DA:55,1
DA:56,1
DA:57,1
DA:58,1
DA:60,26
DA:61,0
DA:62,0
DA:64,26
DA:65,26
DA:67,26
DA:68,26
DA:69,26
DA:72,4
DA:73,21
DA:74,21
DA:75,7
DA:79,4
DA:80,8
DA:81,8
DA:84,4
DA:85,60
DA:88,4
DA:89,27
DA:92,4
DA:93,44
DA:94,8
DA:95,8
DA:97,36
DA:98,36
DA:100,44
DA:101,44
DA:102,0
DA:103,0
DA:107,4
DA:108,2
DA:109,2
DA:112,4
DA:113,46
DA:114,46
DA:117,4
DA:118,12
DA:119,12
DA:120,12
DA:121,0
DA:123,12
DA:126,4
DA:127,5
DA:128,5
DA:129,5
DA:130,5
DA:131,5
DA:132,5
DA:133,5
DA:134,5
DA:135,5
DA:136,5
DA:137,5
DA:140,4
DA:141,5
DA:142,5
DA:143,5
DA:144,5
DA:145,5
DA:146,5
DA:147,5
DA:148,5
DA:149,5
DA:150,5
DA:151,5
DA:153,4
DA:155,4
LF:98
LH:92
BRDA:22,0,0,51
BRDA:22,0,1,51
BRDA:32,1,0,0
BRDA:48,2,0,1
BRDA:51,3,0,1
BRDA:60,4,0,0
BRDA:60,4,1,26
BRDA:75,5,0,0
BRDA:75,5,1,7
BRDA:75,6,0,7
BRDA:75,6,1,7
BRDA:81,7,0,0
BRDA:81,7,1,8
BRDA:81,8,0,8
BRDA:81,8,1,8
BRDA:93,9,0,8
BRDA:93,9,1,36
BRDA:93,10,0,44
BRDA:93,10,1,36
BRDA:101,11,0,0
BRDA:101,12,0,44
BRDA:101,12,1,12
BRDA:120,13,0,0
BRDA:120,14,0,12
BRDA:120,14,1,0
BRDA:120,14,2,12
BRDA:120,14,3,12
BRF:27
BRH:20
end_of_record
TN:
SF:src\plugin\components\View\СurrentValue.ts
FN:1,(anonymous_0)
FN:4,CurrentValue
FN:8,(anonymous_2)
FN:12,(anonymous_3)
FN:16,(anonymous_4)
FN:20,(anonymous_5)
FNF:6
FNH:6
FNDA:5,(anonymous_0)
FNDA:106,CurrentValue
FNDA:157,(anonymous_2)
FNDA:45,(anonymous_3)
FNDA:3,(anonymous_4)
FNDA:99,(anonymous_5)
DA:1,5
DA:5,106
DA:8,5
DA:9,157
DA:12,5
DA:13,45
DA:16,5
DA:17,3
DA:20,5
DA:21,99
DA:23,5
DA:25,5
LF:12
LH:12
BRF:0
BRH:0
end_of_record
